0 verbose cli /usr/local/bin/node /usr/local/bin/npm
1 info using npm@11.4.2
2 info using node@v22.16.0
3 silly config load:file:/usr/local/lib/node_modules/npm/npmrc
4 silly config load:file:/Users/admin/Desktop/my-app/.npmrc
5 silly config load:file:/Users/admin/.npmrc
6 silly config load:file:/usr/local/etc/npmrc
7 verbose title npm i tailwindcss @tailwindcss/postcss
8 verbose argv "i" "--save-dev" "tailwindcss" "@tailwindcss/postcss"
9 verbose logfile logs-max:10 dir:/Users/admin/Desktop/my-app/.npm-cache/_logs/2025-10-17T06_55_12_700Z-
10 verbose logfile /Users/admin/Desktop/my-app/.npm-cache/_logs/2025-10-17T06_55_12_700Z-debug-0.log
11 silly logfile done cleaning log files
12 silly packumentCache heap:4345298944 maxSize:1086324736 maxEntrySize:543162368
13 silly idealTree buildDeps
14 silly fetch manifest tailwindcss@*
15 silly packumentCache full:https://registry.npmjs.org/tailwindcss cache-miss
16 http fetch GET 200 https://registry.npmjs.org/tailwindcss 404ms (cache miss)
17 silly packumentCache full:https://registry.npmjs.org/tailwindcss set size:undefined disposed:false
18 silly fetch manifest @tailwindcss/postcss@*
19 silly packumentCache full:https://registry.npmjs.org/@tailwindcss%2fpostcss cache-miss
20 http fetch GET 200 https://registry.npmjs.org/@tailwindcss%2fpostcss 110ms (cache miss)
21 silly packumentCache full:https://registry.npmjs.org/@tailwindcss%2fpostcss set size:undefined disposed:false
22 silly placeDep ROOT @tailwindcss/postcss@4.1.14 OK for: my-app@0.1.0 want: *
23 silly placeDep ROOT tailwindcss@4.1.14 OK for: my-app@0.1.0 want: *
24 silly fetch manifest postcss@^8.4.41
25 silly packumentCache full:https://registry.npmjs.org/postcss cache-miss
26 silly fetch manifest tailwindcss@4.1.14
27 silly packumentCache full:https://registry.npmjs.org/tailwindcss cache-miss
28 silly fetch manifest @alloc/quick-lru@^5.2.0
29 silly packumentCache full:https://registry.npmjs.org/@alloc%2fquick-lru cache-miss
30 silly fetch manifest @tailwindcss/node@4.1.14
31 silly packumentCache full:https://registry.npmjs.org/@tailwindcss%2fnode cache-miss
32 silly fetch manifest @tailwindcss/oxide@4.1.14
33 silly packumentCache full:https://registry.npmjs.org/@tailwindcss%2foxide cache-miss
34 http cache https://registry.npmjs.org/tailwindcss 16ms (cache hit)
35 silly packumentCache full:https://registry.npmjs.org/tailwindcss set size:9704997 disposed:false
36 http fetch GET 200 https://registry.npmjs.org/postcss 158ms (cache miss)
37 silly packumentCache full:https://registry.npmjs.org/postcss set size:undefined disposed:false
38 http fetch GET 200 https://registry.npmjs.org/@alloc%2fquick-lru 218ms (cache miss)
39 silly packumentCache full:https://registry.npmjs.org/@alloc%2fquick-lru set size:undefined disposed:false
40 http fetch GET 200 https://registry.npmjs.org/@tailwindcss%2fnode 258ms (cache miss)
41 silly packumentCache full:https://registry.npmjs.org/@tailwindcss%2fnode set size:undefined disposed:false
42 http fetch GET 200 https://registry.npmjs.org/@tailwindcss%2foxide 313ms (cache miss)
43 silly packumentCache full:https://registry.npmjs.org/@tailwindcss%2foxide set size:undefined disposed:false
44 silly placeDep ROOT @alloc/quick-lru@5.2.0 OK for: @tailwindcss/postcss@4.1.14 want: ^5.2.0
45 silly placeDep ROOT @tailwindcss/node@4.1.14 OK for: @tailwindcss/postcss@4.1.14 want: 4.1.14
46 silly placeDep ROOT @tailwindcss/oxide@4.1.14 OK for: @tailwindcss/postcss@4.1.14 want: 4.1.14
47 silly placeDep ROOT postcss@8.5.6 OK for: @tailwindcss/postcss@4.1.14 want: ^8.4.41
48 silly fetch manifest jiti@^2.6.0
49 silly packumentCache full:https://registry.npmjs.org/jiti cache-miss
50 silly fetch manifest lightningcss@1.30.1
51 silly packumentCache full:https://registry.npmjs.org/lightningcss cache-miss
52 silly fetch manifest magic-string@^0.30.19
53 silly packumentCache full:https://registry.npmjs.org/magic-string cache-miss
54 silly fetch manifest enhanced-resolve@^5.18.3
55 silly packumentCache full:https://registry.npmjs.org/enhanced-resolve cache-miss
56 silly fetch manifest @jridgewell/remapping@^2.3.4
57 silly packumentCache full:https://registry.npmjs.org/@jridgewell%2fremapping cache-miss
58 silly fetch manifest tar@^7.5.1
59 silly packumentCache full:https://registry.npmjs.org/tar cache-miss
60 silly fetch manifest @tailwindcss/oxide-darwin-x64@4.1.14
61 silly packumentCache full:https://registry.npmjs.org/@tailwindcss%2foxide-darwin-x64 cache-miss
62 silly fetch manifest @tailwindcss/oxide-freebsd-x64@4.1.14
63 silly packumentCache full:https://registry.npmjs.org/@tailwindcss%2foxide-freebsd-x64 cache-miss
64 silly fetch manifest @tailwindcss/oxide-wasm32-wasi@4.1.14
65 silly packumentCache full:https://registry.npmjs.org/@tailwindcss%2foxide-wasm32-wasi cache-miss
66 http fetch GET 200 https://registry.npmjs.org/enhanced-resolve 68ms (cache miss)
67 silly packumentCache full:https://registry.npmjs.org/enhanced-resolve set size:undefined disposed:false
68 silly fetch manifest @tailwindcss/oxide-darwin-arm64@4.1.14
69 silly packumentCache full:https://registry.npmjs.org/@tailwindcss%2foxide-darwin-arm64 cache-miss
70 http fetch GET 200 https://registry.npmjs.org/jiti 99ms (cache miss)
71 silly packumentCache full:https://registry.npmjs.org/jiti set size:undefined disposed:false
72 silly fetch manifest @tailwindcss/oxide-android-arm64@4.1.14
73 silly packumentCache full:https://registry.npmjs.org/@tailwindcss%2foxide-android-arm64 cache-miss
74 http fetch GET 200 https://registry.npmjs.org/lightningcss 104ms (cache miss)
75 silly packumentCache full:https://registry.npmjs.org/lightningcss set size:undefined disposed:false
76 silly fetch manifest @tailwindcss/oxide-linux-x64-gnu@4.1.14
77 silly packumentCache full:https://registry.npmjs.org/@tailwindcss%2foxide-linux-x64-gnu cache-miss
78 http fetch GET 200 https://registry.npmjs.org/magic-string 142ms (cache miss)
79 silly packumentCache full:https://registry.npmjs.org/magic-string set size:undefined disposed:false
80 silly fetch manifest @tailwindcss/oxide-linux-x64-musl@4.1.14
81 silly packumentCache full:https://registry.npmjs.org/@tailwindcss%2foxide-linux-x64-musl cache-miss
82 http fetch GET 200 https://registry.npmjs.org/@jridgewell%2fremapping 171ms (cache miss)
83 silly packumentCache full:https://registry.npmjs.org/@jridgewell%2fremapping set size:undefined disposed:false
84 silly fetch manifest @tailwindcss/oxide-win32-x64-msvc@4.1.14
85 silly packumentCache full:https://registry.npmjs.org/@tailwindcss%2foxide-win32-x64-msvc cache-miss
86 http fetch GET 200 https://registry.npmjs.org/@tailwindcss%2foxide-darwin-arm64 121ms (cache miss)
87 silly packumentCache full:https://registry.npmjs.org/@tailwindcss%2foxide-darwin-arm64 set size:undefined disposed:false
88 silly fetch manifest @tailwindcss/oxide-linux-arm64-gnu@4.1.14
89 silly packumentCache full:https://registry.npmjs.org/@tailwindcss%2foxide-linux-arm64-gnu cache-miss
90 http fetch GET 200 https://registry.npmjs.org/@tailwindcss%2foxide-wasm32-wasi 207ms (cache miss)
91 silly packumentCache full:https://registry.npmjs.org/@tailwindcss%2foxide-wasm32-wasi set size:undefined disposed:false
92 silly fetch manifest @tailwindcss/oxide-linux-arm64-musl@4.1.14
93 silly packumentCache full:https://registry.npmjs.org/@tailwindcss%2foxide-linux-arm64-musl cache-miss
94 http fetch GET 200 https://registry.npmjs.org/tar 222ms (cache miss)
95 silly packumentCache full:https://registry.npmjs.org/tar set size:undefined disposed:false
96 silly fetch manifest @tailwindcss/oxide-win32-arm64-msvc@4.1.14
97 silly packumentCache full:https://registry.npmjs.org/@tailwindcss%2foxide-win32-arm64-msvc cache-miss
98 http fetch GET 200 https://registry.npmjs.org/@tailwindcss%2foxide-linux-x64-gnu 236ms (cache miss)
99 silly packumentCache full:https://registry.npmjs.org/@tailwindcss%2foxide-linux-x64-gnu set size:undefined disposed:false
100 silly fetch manifest @tailwindcss/oxide-linux-arm-gnueabihf@4.1.14
101 silly packumentCache full:https://registry.npmjs.org/@tailwindcss%2foxide-linux-arm-gnueabihf cache-miss
102 http fetch GET 200 https://registry.npmjs.org/@tailwindcss%2foxide-darwin-x64 363ms (cache miss)
103 silly packumentCache full:https://registry.npmjs.org/@tailwindcss%2foxide-darwin-x64 set size:undefined disposed:false
104 http fetch GET 200 https://registry.npmjs.org/@tailwindcss%2foxide-linux-x64-musl 234ms (cache miss)
105 silly packumentCache full:https://registry.npmjs.org/@tailwindcss%2foxide-linux-x64-musl set size:undefined disposed:false
106 http fetch GET 200 https://registry.npmjs.org/@tailwindcss%2foxide-linux-arm64-gnu 193ms (cache miss)
107 silly packumentCache full:https://registry.npmjs.org/@tailwindcss%2foxide-linux-arm64-gnu set size:undefined disposed:false
108 http fetch GET 200 https://registry.npmjs.org/@tailwindcss%2foxide-win32-arm64-msvc 179ms (cache miss)
109 silly packumentCache full:https://registry.npmjs.org/@tailwindcss%2foxide-win32-arm64-msvc set size:undefined disposed:false
110 http fetch GET 200 https://registry.npmjs.org/@tailwindcss%2foxide-freebsd-x64 419ms (cache miss)
111 silly packumentCache full:https://registry.npmjs.org/@tailwindcss%2foxide-freebsd-x64 set size:undefined disposed:false
112 http fetch GET 200 https://registry.npmjs.org/@tailwindcss%2foxide-win32-x64-msvc 302ms (cache miss)
113 silly packumentCache full:https://registry.npmjs.org/@tailwindcss%2foxide-win32-x64-msvc set size:undefined disposed:false
114 http fetch GET 200 https://registry.npmjs.org/@tailwindcss%2foxide-linux-arm-gnueabihf 146ms (cache miss)
115 silly packumentCache full:https://registry.npmjs.org/@tailwindcss%2foxide-linux-arm-gnueabihf set size:undefined disposed:false
116 http fetch GET 200 https://registry.npmjs.org/@tailwindcss%2foxide-linux-arm64-musl 310ms (cache miss)
117 silly packumentCache full:https://registry.npmjs.org/@tailwindcss%2foxide-linux-arm64-musl set size:undefined disposed:false
118 http fetch GET 200 https://registry.npmjs.org/@tailwindcss%2foxide-android-arm64 553ms (cache miss)
119 silly packumentCache full:https://registry.npmjs.org/@tailwindcss%2foxide-android-arm64 set size:undefined disposed:false
120 silly placeDep ROOT @jridgewell/remapping@2.3.5 OK for: @tailwindcss/node@4.1.14 want: ^2.3.4
121 silly placeDep ROOT enhanced-resolve@5.18.3 OK for: @tailwindcss/node@4.1.14 want: ^5.18.3
122 silly placeDep ROOT jiti@2.6.1 OK for: @tailwindcss/node@4.1.14 want: ^2.6.0
123 silly placeDep ROOT lightningcss@1.30.1 OK for: @tailwindcss/node@4.1.14 want: 1.30.1
124 silly placeDep ROOT magic-string@0.30.19 OK for: @tailwindcss/node@4.1.14 want: ^0.30.19
125 silly fetch manifest graceful-fs@^4.2.4
126 silly packumentCache full:https://registry.npmjs.org/graceful-fs cache-miss
127 silly fetch manifest tapable@^2.2.0
128 silly packumentCache full:https://registry.npmjs.org/tapable cache-miss
129 silly fetch manifest lightningcss-darwin-x64@1.30.1
130 silly packumentCache full:https://registry.npmjs.org/lightningcss-darwin-x64 cache-miss
131 silly fetch manifest lightningcss-freebsd-x64@1.30.1
132 silly packumentCache full:https://registry.npmjs.org/lightningcss-freebsd-x64 cache-miss
133 silly fetch manifest lightningcss-darwin-arm64@1.30.1
134 silly packumentCache full:https://registry.npmjs.org/lightningcss-darwin-arm64 cache-miss
135 silly fetch manifest lightningcss-linux-x64-gnu@1.30.1
136 silly packumentCache full:https://registry.npmjs.org/lightningcss-linux-x64-gnu cache-miss
137 silly fetch manifest lightningcss-linux-x64-musl@1.30.1
138 silly packumentCache full:https://registry.npmjs.org/lightningcss-linux-x64-musl cache-miss
139 silly fetch manifest lightningcss-win32-x64-msvc@1.30.1
140 silly packumentCache full:https://registry.npmjs.org/lightningcss-win32-x64-msvc cache-miss
141 silly fetch manifest lightningcss-linux-arm64-gnu@1.30.1
142 silly packumentCache full:https://registry.npmjs.org/lightningcss-linux-arm64-gnu cache-miss
143 http fetch GET 200 https://registry.npmjs.org/lightningcss-linux-arm64-gnu 64ms (cache miss)
144 silly packumentCache full:https://registry.npmjs.org/lightningcss-linux-arm64-gnu set size:undefined disposed:false
145 silly fetch manifest lightningcss-linux-arm64-musl@1.30.1
146 silly packumentCache full:https://registry.npmjs.org/lightningcss-linux-arm64-musl cache-miss
147 http fetch GET 200 https://registry.npmjs.org/tapable 67ms (cache miss)
148 silly packumentCache full:https://registry.npmjs.org/tapable set size:undefined disposed:false
149 silly fetch manifest lightningcss-win32-arm64-msvc@1.30.1
150 silly packumentCache full:https://registry.npmjs.org/lightningcss-win32-arm64-msvc cache-miss
151 http fetch GET 200 https://registry.npmjs.org/lightningcss-darwin-arm64 69ms (cache miss)
152 silly packumentCache full:https://registry.npmjs.org/lightningcss-darwin-arm64 set size:undefined disposed:false
153 silly fetch manifest lightningcss-linux-arm-gnueabihf@1.30.1
154 silly packumentCache full:https://registry.npmjs.org/lightningcss-linux-arm-gnueabihf cache-miss
155 http fetch GET 200 https://registry.npmjs.org/lightningcss-darwin-x64 71ms (cache miss)
156 silly packumentCache full:https://registry.npmjs.org/lightningcss-darwin-x64 set size:undefined disposed:false
157 http fetch GET 200 https://registry.npmjs.org/lightningcss-win32-x64-msvc 72ms (cache miss)
158 silly packumentCache full:https://registry.npmjs.org/lightningcss-win32-x64-msvc set size:undefined disposed:false
159 http fetch GET 200 https://registry.npmjs.org/graceful-fs 73ms (cache miss)
160 silly packumentCache full:https://registry.npmjs.org/graceful-fs set size:undefined disposed:false
161 http fetch GET 200 https://registry.npmjs.org/lightningcss-linux-x64-gnu 73ms (cache miss)
162 silly packumentCache full:https://registry.npmjs.org/lightningcss-linux-x64-gnu set size:undefined disposed:false
163 http fetch GET 200 https://registry.npmjs.org/lightningcss-linux-x64-musl 83ms (cache miss)
164 silly packumentCache full:https://registry.npmjs.org/lightningcss-linux-x64-musl set size:undefined disposed:false
165 http fetch GET 200 https://registry.npmjs.org/lightningcss-freebsd-x64 97ms (cache miss)
166 silly packumentCache full:https://registry.npmjs.org/lightningcss-freebsd-x64 set size:undefined disposed:false
167 http fetch GET 200 https://registry.npmjs.org/lightningcss-linux-arm-gnueabihf 53ms (cache miss)
168 silly packumentCache full:https://registry.npmjs.org/lightningcss-linux-arm-gnueabihf set size:undefined disposed:false
169 http fetch GET 200 https://registry.npmjs.org/lightningcss-win32-arm64-msvc 55ms (cache miss)
170 silly packumentCache full:https://registry.npmjs.org/lightningcss-win32-arm64-msvc set size:undefined disposed:false
171 http fetch GET 200 https://registry.npmjs.org/lightningcss-linux-arm64-musl 68ms (cache miss)
172 silly packumentCache full:https://registry.npmjs.org/lightningcss-linux-arm64-musl set size:undefined disposed:false
173 silly placeDep ROOT @tailwindcss/oxide-android-arm64@4.1.14 OK for: @tailwindcss/oxide@4.1.14 want: 4.1.14
174 silly placeDep ROOT @tailwindcss/oxide-darwin-arm64@4.1.14 OK for: @tailwindcss/oxide@4.1.14 want: 4.1.14
175 silly placeDep ROOT @tailwindcss/oxide-darwin-x64@4.1.14 OK for: @tailwindcss/oxide@4.1.14 want: 4.1.14
176 silly placeDep ROOT @tailwindcss/oxide-freebsd-x64@4.1.14 OK for: @tailwindcss/oxide@4.1.14 want: 4.1.14
177 silly placeDep ROOT @tailwindcss/oxide-linux-arm-gnueabihf@4.1.14 OK for: @tailwindcss/oxide@4.1.14 want: 4.1.14
178 silly placeDep ROOT @tailwindcss/oxide-linux-arm64-gnu@4.1.14 OK for: @tailwindcss/oxide@4.1.14 want: 4.1.14
179 silly placeDep ROOT @tailwindcss/oxide-linux-arm64-musl@4.1.14 OK for: @tailwindcss/oxide@4.1.14 want: 4.1.14
180 silly placeDep ROOT @tailwindcss/oxide-linux-x64-gnu@4.1.14 OK for: @tailwindcss/oxide@4.1.14 want: 4.1.14
181 silly placeDep ROOT @tailwindcss/oxide-linux-x64-musl@4.1.14 OK for: @tailwindcss/oxide@4.1.14 want: 4.1.14
182 silly placeDep ROOT @tailwindcss/oxide-wasm32-wasi@4.1.14 OK for: @tailwindcss/oxide@4.1.14 want: 4.1.14
183 silly placeDep ROOT @tailwindcss/oxide-win32-arm64-msvc@4.1.14 OK for: @tailwindcss/oxide@4.1.14 want: 4.1.14
184 silly placeDep ROOT @tailwindcss/oxide-win32-x64-msvc@4.1.14 OK for: @tailwindcss/oxide@4.1.14 want: 4.1.14
185 silly placeDep ROOT tar@7.5.1 OK for: @tailwindcss/oxide@4.1.14 want: ^7.5.1
186 silly fetch manifest @isaacs/fs-minipass@^4.0.0
187 silly packumentCache full:https://registry.npmjs.org/@isaacs%2ffs-minipass cache-miss
188 silly fetch manifest chownr@^3.0.0
189 silly packumentCache full:https://registry.npmjs.org/chownr cache-miss
190 silly fetch manifest minipass@^7.1.2
191 silly packumentCache full:https://registry.npmjs.org/minipass cache-miss
192 silly fetch manifest minizlib@^3.1.0
193 silly packumentCache full:https://registry.npmjs.org/minizlib cache-miss
194 silly fetch manifest yallist@^5.0.0
195 silly packumentCache full:https://registry.npmjs.org/yallist cache-miss
196 http fetch GET 200 https://registry.npmjs.org/minizlib 57ms (cache miss)
197 silly packumentCache full:https://registry.npmjs.org/minizlib set size:undefined disposed:false
198 http fetch GET 200 https://registry.npmjs.org/yallist 61ms (cache miss)
199 silly packumentCache full:https://registry.npmjs.org/yallist set size:undefined disposed:false
200 http fetch GET 200 https://registry.npmjs.org/chownr 63ms (cache miss)
201 silly packumentCache full:https://registry.npmjs.org/chownr set size:undefined disposed:false
202 http fetch GET 200 https://registry.npmjs.org/minipass 77ms (cache miss)
203 silly packumentCache full:https://registry.npmjs.org/minipass set size:undefined disposed:false
204 http fetch GET 200 https://registry.npmjs.org/@isaacs%2ffs-minipass 92ms (cache miss)
205 silly packumentCache full:https://registry.npmjs.org/@isaacs%2ffs-minipass set size:undefined disposed:false
206 silly placeDep ROOT graceful-fs@4.2.11 OK for: enhanced-resolve@5.18.3 want: ^4.2.4
207 silly placeDep ROOT tapable@2.3.0 OK for: enhanced-resolve@5.18.3 want: ^2.2.0
208 silly placeDep ROOT lightningcss-darwin-arm64@1.30.1 OK for: lightningcss@1.30.1 want: 1.30.1
209 silly placeDep ROOT lightningcss-darwin-x64@1.30.1 OK for: lightningcss@1.30.1 want: 1.30.1
210 silly placeDep ROOT lightningcss-freebsd-x64@1.30.1 OK for: lightningcss@1.30.1 want: 1.30.1
211 silly placeDep ROOT lightningcss-linux-arm-gnueabihf@1.30.1 OK for: lightningcss@1.30.1 want: 1.30.1
212 silly placeDep ROOT lightningcss-linux-arm64-gnu@1.30.1 OK for: lightningcss@1.30.1 want: 1.30.1
213 silly placeDep ROOT lightningcss-linux-arm64-musl@1.30.1 OK for: lightningcss@1.30.1 want: 1.30.1
214 silly placeDep ROOT lightningcss-linux-x64-gnu@1.30.1 OK for: lightningcss@1.30.1 want: 1.30.1
215 silly placeDep ROOT lightningcss-linux-x64-musl@1.30.1 OK for: lightningcss@1.30.1 want: 1.30.1
216 silly placeDep ROOT lightningcss-win32-arm64-msvc@1.30.1 OK for: lightningcss@1.30.1 want: 1.30.1
217 silly placeDep ROOT lightningcss-win32-x64-msvc@1.30.1 OK for: lightningcss@1.30.1 want: 1.30.1
218 silly placeDep ROOT @isaacs/fs-minipass@4.0.1 OK for: tar@7.5.1 want: ^4.0.0
219 silly placeDep ROOT chownr@3.0.0 OK for: tar@7.5.1 want: ^3.0.0
220 silly placeDep ROOT minipass@7.1.2 OK for: tar@7.5.1 want: ^7.1.2
221 silly placeDep ROOT minizlib@3.1.0 OK for: tar@7.5.1 want: ^3.1.0
222 silly placeDep ROOT yallist@5.0.0 OK for: tar@7.5.1 want: ^5.0.0
223 silly fetch manifest minipass@^7.0.4
224 silly packumentCache full:https://registry.npmjs.org/minipass cache-miss
225 http cache https://registry.npmjs.org/minipass 2ms (cache hit)
226 silly packumentCache full:https://registry.npmjs.org/minipass set size:490195 disposed:false
227 silly reify moves {}
228 verbose reify failed optional dependency /Users/admin/Desktop/my-app/node_modules/@tailwindcss/oxide-wasm32-wasi
229 silly reify mark deleted [
229 silly reify   '/Users/admin/Desktop/my-app/node_modules/@tailwindcss/oxide-wasm32-wasi'
229 silly reify ]
230 silly audit bulk request {
230 silly audit   '@babel/code-frame': [ '7.27.1' ],
230 silly audit   '@babel/generator': [ '7.28.3' ],
230 silly audit   '@babel/helper-globals': [ '7.28.0' ],
230 silly audit   '@babel/helper-module-imports': [ '7.27.1' ],
230 silly audit   '@babel/helper-string-parser': [ '7.27.1' ],
230 silly audit   '@babel/helper-validator-identifier': [ '7.27.1' ],
230 silly audit   '@babel/parser': [ '7.28.4' ],
230 silly audit   '@babel/runtime': [ '7.28.4' ],
230 silly audit   '@babel/template': [ '7.27.2' ],
230 silly audit   '@babel/traverse': [ '7.28.4' ],
230 silly audit   '@babel/types': [ '7.28.4' ],
230 silly audit   '@emnapi/runtime': [ '1.5.0' ],
230 silly audit   '@emotion/babel-plugin': [ '11.13.5' ],
230 silly audit   '@emotion/cache': [ '11.14.0' ],
230 silly audit   '@emotion/hash': [ '0.9.2' ],
230 silly audit   '@emotion/is-prop-valid': [ '1.4.0' ],
230 silly audit   '@emotion/memoize': [ '0.9.0' ],
230 silly audit   '@emotion/react': [ '11.14.0' ],
230 silly audit   '@emotion/serialize': [ '1.3.3' ],
230 silly audit   '@emotion/sheet': [ '1.4.0' ],
230 silly audit   '@emotion/styled': [ '11.14.1' ],
230 silly audit   '@emotion/unitless': [ '0.10.0' ],
230 silly audit   '@emotion/use-insertion-effect-with-fallbacks': [ '1.2.0' ],
230 silly audit   '@emotion/utils': [ '1.4.2' ],
230 silly audit   '@emotion/weak-memoize': [ '0.4.0' ],
230 silly audit   '@fontsource/roboto': [ '5.2.8' ],
230 silly audit   '@img/colour': [ '1.0.0' ],
230 silly audit   '@img/sharp-darwin-arm64': [ '0.34.4' ],
230 silly audit   '@img/sharp-darwin-x64': [ '0.34.4' ],
230 silly audit   '@img/sharp-libvips-darwin-arm64': [ '1.2.3' ],
230 silly audit   '@img/sharp-libvips-darwin-x64': [ '1.2.3' ],
230 silly audit   '@img/sharp-libvips-linux-arm': [ '1.2.3' ],
230 silly audit   '@img/sharp-libvips-linux-arm64': [ '1.2.3' ],
230 silly audit   '@img/sharp-libvips-linux-ppc64': [ '1.2.3' ],
230 silly audit   '@img/sharp-libvips-linux-s390x': [ '1.2.3' ],
230 silly audit   '@img/sharp-libvips-linux-x64': [ '1.2.3' ],
230 silly audit   '@img/sharp-libvips-linuxmusl-arm64': [ '1.2.3' ],
230 silly audit   '@img/sharp-libvips-linuxmusl-x64': [ '1.2.3' ],
230 silly audit   '@img/sharp-linux-arm': [ '0.34.4' ],
230 silly audit   '@img/sharp-linux-arm64': [ '0.34.4' ],
230 silly audit   '@img/sharp-linux-ppc64': [ '0.34.4' ],
230 silly audit   '@img/sharp-linux-s390x': [ '0.34.4' ],
230 silly audit   '@img/sharp-linux-x64': [ '0.34.4' ],
230 silly audit   '@img/sharp-linuxmusl-arm64': [ '0.34.4' ],
230 silly audit   '@img/sharp-linuxmusl-x64': [ '0.34.4' ],
230 silly audit   '@img/sharp-wasm32': [ '0.34.4' ],
230 silly audit   '@img/sharp-win32-arm64': [ '0.34.4' ],
230 silly audit   '@img/sharp-win32-ia32': [ '0.34.4' ],
230 silly audit   '@img/sharp-win32-x64': [ '0.34.4' ],
230 silly audit   '@jridgewell/gen-mapping': [ '0.3.13' ],
230 silly audit   '@jridgewell/resolve-uri': [ '3.1.2' ],
230 silly audit   '@jridgewell/sourcemap-codec': [ '1.5.5' ],
230 silly audit   '@jridgewell/trace-mapping': [ '0.3.31' ],
230 silly audit   '@mui/core-downloads-tracker': [ '7.3.4' ],
230 silly audit   '@mui/icons-material': [ '7.3.4' ],
230 silly audit   '@mui/lab': [ '7.0.1-beta.18' ],
230 silly audit   '@mui/material': [ '7.3.4' ],
230 silly audit   '@mui/material-nextjs': [ '7.3.3' ],
230 silly audit   '@mui/private-theming': [ '7.3.3' ],
230 silly audit   '@mui/styled-engine': [ '7.3.3' ],
230 silly audit   '@mui/system': [ '7.3.3' ],
230 silly audit   '@mui/types': [ '7.4.7' ],
230 silly audit   '@mui/utils': [ '7.3.3' ],
230 silly audit   '@next/env': [ '15.5.6' ],
230 silly audit   '@next/swc-darwin-arm64': [ '15.5.6' ],
230 silly audit   '@next/swc-darwin-x64': [ '15.5.6' ],
230 silly audit   '@next/swc-linux-arm64-gnu': [ '15.5.6' ],
230 silly audit   '@next/swc-linux-arm64-musl': [ '15.5.6' ],
230 silly audit   '@next/swc-linux-x64-gnu': [ '15.5.6' ],
230 silly audit   '@next/swc-linux-x64-musl': [ '15.5.6' ],
230 silly audit   '@next/swc-win32-arm64-msvc': [ '15.5.6' ],
230 silly audit   '@next/swc-win32-x64-msvc': [ '15.5.6' ],
230 silly audit   '@popperjs/core': [ '2.11.8' ],
230 silly audit   '@swc/helpers': [ '0.5.15' ],
230 silly audit   '@types/node': [ '20.19.22' ],
230 silly audit   '@types/parse-json': [ '4.0.2' ],
230 silly audit   '@types/prop-types': [ '15.7.15' ],
230 silly audit   '@types/react': [ '19.2.2' ],
230 silly audit   '@types/react-dom': [ '19.2.2' ],
230 silly audit   '@types/react-transition-group': [ '4.4.12' ],
230 silly audit   'babel-plugin-macros': [ '3.1.0' ],
230 silly audit   callsites: [ '3.1.0' ],
230 silly audit   'caniuse-lite': [ '1.0.30001751' ],
230 silly audit   'client-only': [ '0.0.1' ],
230 silly audit   clsx: [ '2.1.1' ],
230 silly audit   'convert-source-map': [ '1.9.0' ],
230 silly audit   cosmiconfig: [ '7.1.0' ],
230 silly audit   csstype: [ '3.1.3' ],
230 silly audit   debug: [ '4.4.3' ],
230 silly audit   'detect-libc': [ '2.1.2' ],
230 silly audit   'dom-helpers': [ '5.2.1' ],
230 silly audit   'error-ex': [ '1.3.4' ],
230 silly audit   'escape-string-regexp': [ '4.0.0' ],
230 silly audit   'find-root': [ '1.1.0' ],
230 silly audit   'function-bind': [ '1.1.2' ],
230 silly audit   hasown: [ '2.0.2' ],
230 silly audit   'hoist-non-react-statics': [ '3.3.2' ],
230 silly audit   'react-is': [ '16.13.1', '19.2.0' ],
230 silly audit   'import-fresh': [ '3.3.1' ],
230 silly audit   'is-arrayish': [ '0.2.1' ],
230 silly audit   'is-core-module': [ '2.16.1' ],
230 silly audit   'js-tokens': [ '4.0.0' ],
230 silly audit   jsesc: [ '3.1.0' ],
230 silly audit   'json-parse-even-better-errors': [ '2.3.1' ],
230 silly audit   'lines-and-columns': [ '1.2.4' ],
230 silly audit   'loose-envify': [ '1.4.0' ],
230 silly audit   ms: [ '2.1.3' ],
230 silly audit   nanoid: [ '3.3.11' ],
230 silly audit   next: [ '15.5.6' ],
230 silly audit   postcss: [ '8.4.31', '8.5.6' ],
230 silly audit   'object-assign': [ '4.1.1' ],
230 silly audit   'parent-module': [ '1.0.1' ],
230 silly audit   'parse-json': [ '5.2.0' ],
230 silly audit   'path-parse': [ '1.0.7' ],
230 silly audit   'path-type': [ '4.0.0' ],
230 silly audit   picocolors: [ '1.1.1' ],
230 silly audit   'prop-types': [ '15.8.1' ],
230 silly audit   react: [ '19.1.0' ],
230 silly audit   'react-dom': [ '19.1.0' ],
230 silly audit   'react-transition-group': [ '4.4.5' ],
230 silly audit   resolve: [ '1.22.10' ],
230 silly audit   'resolve-from': [ '4.0.0' ],
230 silly audit   scheduler: [ '0.26.0' ],
230 silly audit   semver: [ '7.7.3' ],
230 silly audit   sharp: [ '0.34.4' ],
230 silly audit   'source-map': [ '0.5.7' ],
230 silly audit   'source-map-js': [ '1.2.1' ],
230 silly audit   'styled-jsx': [ '5.1.6' ],
230 silly audit   stylis: [ '4.2.0' ],
230 silly audit   'supports-preserve-symlinks-flag': [ '1.0.0' ],
230 silly audit   tslib: [ '2.8.1' ],
230 silly audit   typescript: [ '5.9.3' ],
230 silly audit   'undici-types': [ '6.21.0' ],
230 silly audit   yaml: [ '1.10.2' ],
230 silly audit   '@tailwindcss/postcss': [ '4.1.14' ],
230 silly audit   tailwindcss: [ '4.1.14' ],
230 silly audit   '@alloc/quick-lru': [ '5.2.0' ],
230 silly audit   '@tailwindcss/node': [ '4.1.14' ],
230 silly audit   '@tailwindcss/oxide': [ '4.1.14' ],
230 silly audit   '@jridgewell/remapping': [ '2.3.5' ],
230 silly audit   'enhanced-resolve': [ '5.18.3' ],
230 silly audit   jiti: [ '2.6.1' ],
230 silly audit   lightningcss: [ '1.30.1' ],
230 silly audit   'magic-string': [ '0.30.19' ],
230 silly audit   '@tailwindcss/oxide-android-arm64': [ '4.1.14' ],
230 silly audit   '@tailwindcss/oxide-darwin-arm64': [ '4.1.14' ],
230 silly audit   '@tailwindcss/oxide-darwin-x64': [ '4.1.14' ],
230 silly audit   '@tailwindcss/oxide-freebsd-x64': [ '4.1.14' ],
230 silly audit   '@tailwindcss/oxide-linux-arm-gnueabihf': [ '4.1.14' ],
230 silly audit   '@tailwindcss/oxide-linux-arm64-gnu': [ '4.1.14' ],
230 silly audit   '@tailwindcss/oxide-linux-arm64-musl': [ '4.1.14' ],
230 silly audit   '@tailwindcss/oxide-linux-x64-gnu': [ '4.1.14' ],
230 silly audit   '@tailwindcss/oxide-linux-x64-musl': [ '4.1.14' ],
230 silly audit   '@tailwindcss/oxide-win32-arm64-msvc': [ '4.1.14' ],
230 silly audit   '@tailwindcss/oxide-win32-x64-msvc': [ '4.1.14' ],
230 silly audit   tar: [ '7.5.1' ],
230 silly audit   'graceful-fs': [ '4.2.11' ],
230 silly audit   tapable: [ '2.3.0' ],
230 silly audit   'lightningcss-darwin-arm64': [ '1.30.1' ],
230 silly audit   'lightningcss-darwin-x64': [ '1.30.1' ],
230 silly audit   'lightningcss-freebsd-x64': [ '1.30.1' ],
230 silly audit   'lightningcss-linux-arm-gnueabihf': [ '1.30.1' ],
230 silly audit   'lightningcss-linux-arm64-gnu': [ '1.30.1' ],
230 silly audit   'lightningcss-linux-arm64-musl': [ '1.30.1' ],
230 silly audit   'lightningcss-linux-x64-gnu': [ '1.30.1' ],
230 silly audit   'lightningcss-linux-x64-musl': [ '1.30.1' ],
230 silly audit   'lightningcss-win32-arm64-msvc': [ '1.30.1' ],
230 silly audit   'lightningcss-win32-x64-msvc': [ '1.30.1' ],
230 silly audit   '@isaacs/fs-minipass': [ '4.0.1' ],
230 silly audit   chownr: [ '3.0.0' ],
230 silly audit   minipass: [ '7.1.2' ],
230 silly audit   minizlib: [ '3.1.0' ],
230 silly audit   yallist: [ '5.0.0' ],
230 silly audit   '@tailwindcss/oxide-wasm32-wasi': [ '4.1.14' ]
230 silly audit }
231 verbose reify failed optional dependency /Users/admin/Desktop/my-app/node_modules/lightningcss-win32-x64-msvc
232 silly reify mark deleted [
232 silly reify   '/Users/admin/Desktop/my-app/node_modules/lightningcss-win32-x64-msvc'
232 silly reify ]
233 verbose reify failed optional dependency /Users/admin/Desktop/my-app/node_modules/lightningcss-win32-arm64-msvc
234 silly reify mark deleted [
234 silly reify   '/Users/admin/Desktop/my-app/node_modules/lightningcss-win32-arm64-msvc'
234 silly reify ]
235 verbose reify failed optional dependency /Users/admin/Desktop/my-app/node_modules/lightningcss-linux-x64-musl
236 silly reify mark deleted [
236 silly reify   '/Users/admin/Desktop/my-app/node_modules/lightningcss-linux-x64-musl'
236 silly reify ]
237 verbose reify failed optional dependency /Users/admin/Desktop/my-app/node_modules/lightningcss-linux-x64-gnu
238 silly reify mark deleted [
238 silly reify   '/Users/admin/Desktop/my-app/node_modules/lightningcss-linux-x64-gnu'
238 silly reify ]
239 verbose reify failed optional dependency /Users/admin/Desktop/my-app/node_modules/lightningcss-linux-arm64-musl
240 silly reify mark deleted [
240 silly reify   '/Users/admin/Desktop/my-app/node_modules/lightningcss-linux-arm64-musl'
240 silly reify ]
241 verbose reify failed optional dependency /Users/admin/Desktop/my-app/node_modules/lightningcss-linux-arm64-gnu
242 silly reify mark deleted [
242 silly reify   '/Users/admin/Desktop/my-app/node_modules/lightningcss-linux-arm64-gnu'
242 silly reify ]
243 verbose reify failed optional dependency /Users/admin/Desktop/my-app/node_modules/lightningcss-linux-arm-gnueabihf
244 silly reify mark deleted [
244 silly reify   '/Users/admin/Desktop/my-app/node_modules/lightningcss-linux-arm-gnueabihf'
244 silly reify ]
245 verbose reify failed optional dependency /Users/admin/Desktop/my-app/node_modules/lightningcss-freebsd-x64
246 silly reify mark deleted [ '/Users/admin/Desktop/my-app/node_modules/lightningcss-freebsd-x64' ]
247 verbose reify failed optional dependency /Users/admin/Desktop/my-app/node_modules/lightningcss-darwin-x64
248 silly reify mark deleted [ '/Users/admin/Desktop/my-app/node_modules/lightningcss-darwin-x64' ]
249 verbose reify failed optional dependency /Users/admin/Desktop/my-app/node_modules/@tailwindcss/oxide-win32-x64-msvc
250 silly reify mark deleted [
250 silly reify   '/Users/admin/Desktop/my-app/node_modules/@tailwindcss/oxide-win32-x64-msvc'
250 silly reify ]
251 verbose reify failed optional dependency /Users/admin/Desktop/my-app/node_modules/@tailwindcss/oxide-win32-arm64-msvc
252 silly reify mark deleted [
252 silly reify   '/Users/admin/Desktop/my-app/node_modules/@tailwindcss/oxide-win32-arm64-msvc'
252 silly reify ]
253 verbose reify failed optional dependency /Users/admin/Desktop/my-app/node_modules/@tailwindcss/oxide-linux-x64-musl
254 silly reify mark deleted [
254 silly reify   '/Users/admin/Desktop/my-app/node_modules/@tailwindcss/oxide-linux-x64-musl'
254 silly reify ]
255 verbose reify failed optional dependency /Users/admin/Desktop/my-app/node_modules/@tailwindcss/oxide-linux-x64-gnu
256 silly reify mark deleted [
256 silly reify   '/Users/admin/Desktop/my-app/node_modules/@tailwindcss/oxide-linux-x64-gnu'
256 silly reify ]
257 verbose reify failed optional dependency /Users/admin/Desktop/my-app/node_modules/@tailwindcss/oxide-linux-arm64-musl
258 silly reify mark deleted [
258 silly reify   '/Users/admin/Desktop/my-app/node_modules/@tailwindcss/oxide-linux-arm64-musl'
258 silly reify ]
259 verbose reify failed optional dependency /Users/admin/Desktop/my-app/node_modules/@tailwindcss/oxide-linux-arm64-gnu
260 silly reify mark deleted [
260 silly reify   '/Users/admin/Desktop/my-app/node_modules/@tailwindcss/oxide-linux-arm64-gnu'
260 silly reify ]
261 verbose reify failed optional dependency /Users/admin/Desktop/my-app/node_modules/@tailwindcss/oxide-linux-arm-gnueabihf
262 silly reify mark deleted [
262 silly reify   '/Users/admin/Desktop/my-app/node_modules/@tailwindcss/oxide-linux-arm-gnueabihf'
262 silly reify ]
263 verbose reify failed optional dependency /Users/admin/Desktop/my-app/node_modules/@tailwindcss/oxide-freebsd-x64
264 silly reify mark deleted [
264 silly reify   '/Users/admin/Desktop/my-app/node_modules/@tailwindcss/oxide-freebsd-x64'
264 silly reify ]
265 verbose reify failed optional dependency /Users/admin/Desktop/my-app/node_modules/@tailwindcss/oxide-darwin-x64
266 silly reify mark deleted [
266 silly reify   '/Users/admin/Desktop/my-app/node_modules/@tailwindcss/oxide-darwin-x64'
266 silly reify ]
267 verbose reify failed optional dependency /Users/admin/Desktop/my-app/node_modules/@tailwindcss/oxide-android-arm64
268 silly reify mark deleted [
268 silly reify   '/Users/admin/Desktop/my-app/node_modules/@tailwindcss/oxide-android-arm64'
268 silly reify ]
269 http cache yallist@https://registry.npmjs.org/yallist/-/yallist-5.0.0.tgz 0ms (cache hit)
270 http cache minizlib@https://registry.npmjs.org/minizlib/-/minizlib-3.1.0.tgz 0ms (cache hit)
271 http cache chownr@https://registry.npmjs.org/chownr/-/chownr-3.0.0.tgz 0ms (cache hit)
272 http cache @isaacs/fs-minipass@https://registry.npmjs.org/@isaacs/fs-minipass/-/fs-minipass-4.0.1.tgz 0ms (cache hit)
273 http cache minipass@https://registry.npmjs.org/minipass/-/minipass-7.1.2.tgz 0ms (cache hit)
274 http cache lightningcss-darwin-arm64@https://registry.npmjs.org/lightningcss-darwin-arm64/-/lightningcss-darwin-arm64-1.30.1.tgz 0ms (cache hit)
275 http cache graceful-fs@https://registry.npmjs.org/graceful-fs/-/graceful-fs-4.2.11.tgz 0ms (cache hit)
276 http cache tar@https://registry.npmjs.org/tar/-/tar-7.5.1.tgz 0ms (cache hit)
277 http cache @tailwindcss/oxide-darwin-arm64@https://registry.npmjs.org/@tailwindcss/oxide-darwin-arm64/-/oxide-darwin-arm64-4.1.14.tgz 0ms (cache hit)
278 http cache magic-string@https://registry.npmjs.org/magic-string/-/magic-string-0.30.19.tgz 0ms (cache hit)
279 http cache lightningcss@https://registry.npmjs.org/lightningcss/-/lightningcss-1.30.1.tgz 0ms (cache hit)
280 http cache enhanced-resolve@https://registry.npmjs.org/enhanced-resolve/-/enhanced-resolve-5.18.3.tgz 0ms (cache hit)
281 http cache @jridgewell/remapping@https://registry.npmjs.org/@jridgewell/remapping/-/remapping-2.3.5.tgz 0ms (cache hit)
282 http cache jiti@https://registry.npmjs.org/jiti/-/jiti-2.6.1.tgz 0ms (cache hit)
283 http cache postcss@https://registry.npmjs.org/postcss/-/postcss-8.5.6.tgz 0ms (cache hit)
284 http cache @tailwindcss/oxide@https://registry.npmjs.org/@tailwindcss/oxide/-/oxide-4.1.14.tgz 0ms (cache hit)
285 http cache tailwindcss@https://registry.npmjs.org/tailwindcss/-/tailwindcss-4.1.14.tgz 0ms (cache hit)
286 http cache @alloc/quick-lru@https://registry.npmjs.org/@alloc/quick-lru/-/quick-lru-5.2.0.tgz 0ms (cache hit)
287 http cache @tailwindcss/node@https://registry.npmjs.org/@tailwindcss/node/-/node-4.1.14.tgz 0ms (cache hit)
288 http cache @tailwindcss/postcss@https://registry.npmjs.org/@tailwindcss/postcss/-/postcss-4.1.14.tgz 0ms (cache hit)
289 http cache tapable@https://registry.npmjs.org/tapable/-/tapable-2.3.0.tgz 0ms (cache hit)
290 silly tarball no local data for yallist@https://registry.npmjs.org/yallist/-/yallist-5.0.0.tgz. Extracting by manifest.
291 silly tarball no local data for minizlib@https://registry.npmjs.org/minizlib/-/minizlib-3.1.0.tgz. Extracting by manifest.
292 silly tarball no local data for chownr@https://registry.npmjs.org/chownr/-/chownr-3.0.0.tgz. Extracting by manifest.
293 silly tarball no local data for @isaacs/fs-minipass@https://registry.npmjs.org/@isaacs/fs-minipass/-/fs-minipass-4.0.1.tgz. Extracting by manifest.
294 silly tarball no local data for minipass@https://registry.npmjs.org/minipass/-/minipass-7.1.2.tgz. Extracting by manifest.
295 silly tarball no local data for lightningcss-darwin-arm64@https://registry.npmjs.org/lightningcss-darwin-arm64/-/lightningcss-darwin-arm64-1.30.1.tgz. Extracting by manifest.
296 silly tarball no local data for graceful-fs@https://registry.npmjs.org/graceful-fs/-/graceful-fs-4.2.11.tgz. Extracting by manifest.
297 silly tarball no local data for tar@https://registry.npmjs.org/tar/-/tar-7.5.1.tgz. Extracting by manifest.
298 silly tarball no local data for @tailwindcss/oxide-darwin-arm64@https://registry.npmjs.org/@tailwindcss/oxide-darwin-arm64/-/oxide-darwin-arm64-4.1.14.tgz. Extracting by manifest.
299 silly tarball no local data for magic-string@https://registry.npmjs.org/magic-string/-/magic-string-0.30.19.tgz. Extracting by manifest.
300 silly tarball no local data for lightningcss@https://registry.npmjs.org/lightningcss/-/lightningcss-1.30.1.tgz. Extracting by manifest.
301 silly tarball no local data for enhanced-resolve@https://registry.npmjs.org/enhanced-resolve/-/enhanced-resolve-5.18.3.tgz. Extracting by manifest.
302 silly tarball no local data for @jridgewell/remapping@https://registry.npmjs.org/@jridgewell/remapping/-/remapping-2.3.5.tgz. Extracting by manifest.
303 silly tarball no local data for jiti@https://registry.npmjs.org/jiti/-/jiti-2.6.1.tgz. Extracting by manifest.
304 silly tarball no local data for postcss@https://registry.npmjs.org/postcss/-/postcss-8.5.6.tgz. Extracting by manifest.
305 silly tarball no local data for @tailwindcss/oxide@https://registry.npmjs.org/@tailwindcss/oxide/-/oxide-4.1.14.tgz. Extracting by manifest.
306 silly tarball no local data for tailwindcss@https://registry.npmjs.org/tailwindcss/-/tailwindcss-4.1.14.tgz. Extracting by manifest.
307 silly tarball no local data for @alloc/quick-lru@https://registry.npmjs.org/@alloc/quick-lru/-/quick-lru-5.2.0.tgz. Extracting by manifest.
308 silly tarball no local data for @tailwindcss/node@https://registry.npmjs.org/@tailwindcss/node/-/node-4.1.14.tgz. Extracting by manifest.
309 silly tarball no local data for @tailwindcss/postcss@https://registry.npmjs.org/@tailwindcss/postcss/-/postcss-4.1.14.tgz. Extracting by manifest.
310 silly tarball no local data for tapable@https://registry.npmjs.org/tapable/-/tapable-2.3.0.tgz. Extracting by manifest.
311 http fetch GET 200 https://registry.npmjs.org/yallist/-/yallist-5.0.0.tgz 57ms (cache miss)
312 http fetch GET 200 https://registry.npmjs.org/graceful-fs/-/graceful-fs-4.2.11.tgz 64ms (cache miss)
313 http fetch GET 200 https://registry.npmjs.org/chownr/-/chownr-3.0.0.tgz 64ms (cache miss)
314 http fetch GET 200 https://registry.npmjs.org/minipass/-/minipass-7.1.2.tgz 81ms (cache miss)
315 http fetch GET 200 https://registry.npmjs.org/tailwindcss/-/tailwindcss-4.1.14.tgz 132ms (cache miss)
316 http fetch GET 200 https://registry.npmjs.org/@tailwindcss/oxide/-/oxide-4.1.14.tgz 148ms (cache miss)
317 http fetch GET 200 https://registry.npmjs.org/postcss/-/postcss-8.5.6.tgz 162ms (cache miss)
318 http fetch GET 200 https://registry.npmjs.org/@alloc/quick-lru/-/quick-lru-5.2.0.tgz 167ms (cache miss)
319 http fetch GET 200 https://registry.npmjs.org/tar/-/tar-7.5.1.tgz 199ms (cache miss)
320 http fetch GET 200 https://registry.npmjs.org/@tailwindcss/node/-/node-4.1.14.tgz 277ms (cache miss)
321 http fetch POST 200 https://registry.npmjs.org/-/npm/v1/security/advisories/bulk 307ms
322 silly audit report {}
323 http fetch GET 200 https://registry.npmjs.org/tapable/-/tapable-2.3.0.tgz 303ms (cache miss)
324 http fetch GET 200 https://registry.npmjs.org/jiti/-/jiti-2.6.1.tgz 393ms (cache miss)
325 http fetch GET 200 https://registry.npmjs.org/@tailwindcss/oxide-darwin-arm64/-/oxide-darwin-arm64-4.1.14.tgz 457ms (cache miss)
326 http fetch GET 200 https://registry.npmjs.org/enhanced-resolve/-/enhanced-resolve-5.18.3.tgz 474ms (cache miss)
327 http fetch GET 200 https://registry.npmjs.org/@isaacs/fs-minipass/-/fs-minipass-4.0.1.tgz 502ms (cache miss)
328 http fetch GET 200 https://registry.npmjs.org/@tailwindcss/postcss/-/postcss-4.1.14.tgz 508ms (cache miss)
329 http fetch GET 200 https://registry.npmjs.org/lightningcss/-/lightningcss-1.30.1.tgz 516ms (cache miss)
330 http fetch GET 200 https://registry.npmjs.org/minizlib/-/minizlib-3.1.0.tgz 531ms (cache miss)
331 http fetch GET 200 https://registry.npmjs.org/@jridgewell/remapping/-/remapping-2.3.5.tgz 561ms (cache miss)
332 http fetch GET 200 https://registry.npmjs.org/lightningcss-darwin-arm64/-/lightningcss-darwin-arm64-1.30.1.tgz 576ms (cache miss)
333 http fetch GET 200 https://registry.npmjs.org/magic-string/-/magic-string-0.30.19.tgz 729ms (cache miss)
334 info run @tailwindcss/oxide@4.1.14 postinstall node_modules/@tailwindcss/oxide node ./scripts/install.js
335 info run @tailwindcss/oxide@4.1.14 postinstall { code: 0, signal: null }
336 silly ADD node_modules/yallist
337 silly ADD node_modules/minizlib
338 silly ADD node_modules/minipass
339 silly ADD node_modules/chownr
340 silly ADD node_modules/@isaacs/fs-minipass
341 silly ADD node_modules/lightningcss-win32-x64-msvc
342 silly ADD node_modules/lightningcss-win32-arm64-msvc
343 silly ADD node_modules/lightningcss-linux-x64-musl
344 silly ADD node_modules/lightningcss-linux-x64-gnu
345 silly ADD node_modules/lightningcss-linux-arm64-musl
346 silly ADD node_modules/lightningcss-linux-arm64-gnu
347 silly ADD node_modules/lightningcss-linux-arm-gnueabihf
348 silly ADD node_modules/lightningcss-freebsd-x64
349 silly ADD node_modules/lightningcss-darwin-x64
350 silly ADD node_modules/lightningcss-darwin-arm64
351 silly ADD node_modules/tapable
352 silly ADD node_modules/graceful-fs
353 silly ADD node_modules/tar
354 silly ADD node_modules/@tailwindcss/oxide-win32-x64-msvc
355 silly ADD node_modules/@tailwindcss/oxide-win32-arm64-msvc
356 silly ADD node_modules/@tailwindcss/oxide-wasm32-wasi
357 silly ADD node_modules/@tailwindcss/oxide-linux-x64-musl
358 silly ADD node_modules/@tailwindcss/oxide-linux-x64-gnu
359 silly ADD node_modules/@tailwindcss/oxide-linux-arm64-musl
360 silly ADD node_modules/@tailwindcss/oxide-linux-arm64-gnu
361 silly ADD node_modules/@tailwindcss/oxide-linux-arm-gnueabihf
362 silly ADD node_modules/@tailwindcss/oxide-freebsd-x64
363 silly ADD node_modules/@tailwindcss/oxide-darwin-x64
364 silly ADD node_modules/@tailwindcss/oxide-darwin-arm64
365 silly ADD node_modules/@tailwindcss/oxide-android-arm64
366 silly ADD node_modules/magic-string
367 silly ADD node_modules/lightningcss
368 silly ADD node_modules/jiti
369 silly ADD node_modules/enhanced-resolve
370 silly ADD node_modules/@jridgewell/remapping
371 silly ADD node_modules/postcss
372 silly ADD node_modules/@tailwindcss/oxide
373 silly ADD node_modules/@tailwindcss/node
374 silly ADD node_modules/@alloc/quick-lru
375 silly ADD node_modules/tailwindcss
376 silly ADD node_modules/@tailwindcss/postcss
377 verbose cwd /Users/admin/Desktop/my-app
378 verbose os Darwin 25.1.0
379 verbose node v22.16.0
380 verbose npm  v11.4.2
381 verbose exit 0
382 info ok
