0 verbose cli /usr/local/bin/node /usr/local/bin/npm
1 info using npm@11.4.2
2 info using node@v22.16.0
3 silly config load:file:/usr/local/lib/node_modules/npm/npmrc
4 silly config load:file:/Users/admin/Desktop/my-app/.npmrc
5 silly config load:file:/Users/admin/.npmrc
6 silly config load:file:/usr/local/etc/npmrc
7 verbose title npm i lightweight-charts
8 verbose argv "i" "lightweight-charts"
9 verbose logfile logs-max:10 dir:/Users/admin/Desktop/my-app/.npm-cache/_logs/2025-10-17T07_10_16_640Z-
10 verbose logfile /Users/admin/Desktop/my-app/.npm-cache/_logs/2025-10-17T07_10_16_640Z-debug-0.log
11 silly logfile done cleaning log files
12 silly packumentCache heap:4345298944 maxSize:1086324736 maxEntrySize:543162368
13 silly idealTree buildDeps
14 silly fetch manifest lightweight-charts@*
15 silly packumentCache full:https://registry.npmjs.org/lightweight-charts cache-miss
16 http fetch GET 200 https://registry.npmjs.org/lightweight-charts 233ms (cache miss)
17 silly packumentCache full:https://registry.npmjs.org/lightweight-charts set size:undefined disposed:false
18 silly placeDep ROOT lightweight-charts@5.0.9 OK for: my-app@0.1.0 want: *
19 silly fetch manifest fancy-canvas@2.1.0
20 silly packumentCache full:https://registry.npmjs.org/fancy-canvas cache-miss
21 http fetch GET 200 https://registry.npmjs.org/fancy-canvas 127ms (cache miss)
22 silly packumentCache full:https://registry.npmjs.org/fancy-canvas set size:undefined disposed:false
23 silly placeDep ROOT fancy-canvas@2.1.0 OK for: lightweight-charts@5.0.9 want: 2.1.0
24 silly reify moves {}
25 silly audit bulk request {
25 silly audit   '@alloc/quick-lru': [ '5.2.0' ],
25 silly audit   '@babel/code-frame': [ '7.27.1' ],
25 silly audit   '@babel/compat-data': [ '7.28.4' ],
25 silly audit   '@babel/core': [ '7.28.4' ],
25 silly audit   'convert-source-map': [ '2.0.0', '1.9.0' ],
25 silly audit   semver: [ '6.3.1', '7.7.3' ],
25 silly audit   '@babel/generator': [ '7.28.3' ],
25 silly audit   '@babel/helper-annotate-as-pure': [ '7.27.3' ],
25 silly audit   '@babel/helper-compilation-targets': [ '7.27.2' ],
25 silly audit   '@babel/helper-create-class-features-plugin': [ '7.28.3' ],
25 silly audit   '@babel/helper-create-regexp-features-plugin': [ '7.27.1' ],
25 silly audit   '@babel/helper-define-polyfill-provider': [ '0.6.5' ],
25 silly audit   '@babel/helper-globals': [ '7.28.0' ],
25 silly audit   '@babel/helper-member-expression-to-functions': [ '7.27.1' ],
25 silly audit   '@babel/helper-module-imports': [ '7.27.1' ],
25 silly audit   '@babel/helper-module-transforms': [ '7.28.3' ],
25 silly audit   '@babel/helper-optimise-call-expression': [ '7.27.1' ],
25 silly audit   '@babel/helper-plugin-utils': [ '7.27.1' ],
25 silly audit   '@babel/helper-remap-async-to-generator': [ '7.27.1' ],
25 silly audit   '@babel/helper-replace-supers': [ '7.27.1' ],
25 silly audit   '@babel/helper-skip-transparent-expression-wrappers': [ '7.27.1' ],
25 silly audit   '@babel/helper-string-parser': [ '7.27.1' ],
25 silly audit   '@babel/helper-validator-identifier': [ '7.27.1' ],
25 silly audit   '@babel/helper-validator-option': [ '7.27.1' ],
25 silly audit   '@babel/helper-wrap-function': [ '7.28.3' ],
25 silly audit   '@babel/helpers': [ '7.28.4' ],
25 silly audit   '@babel/parser': [ '7.28.4' ],
25 silly audit   '@babel/plugin-bugfix-firefox-class-in-computed-class-key': [ '7.27.1' ],
25 silly audit   '@babel/plugin-bugfix-safari-class-field-initializer-scope': [ '7.27.1' ],
25 silly audit   '@babel/plugin-bugfix-safari-id-destructuring-collision-in-function-expression': [ '7.27.1' ],
25 silly audit   '@babel/plugin-bugfix-v8-spread-parameters-in-optional-chaining': [ '7.27.1' ],
25 silly audit   '@babel/plugin-bugfix-v8-static-class-fields-redefine-readonly': [ '7.28.3' ],
25 silly audit   '@babel/plugin-proposal-private-property-in-object': [ '7.21.0-placeholder-for-preset-env.2' ],
25 silly audit   '@babel/plugin-syntax-import-assertions': [ '7.27.1' ],
25 silly audit   '@babel/plugin-syntax-import-attributes': [ '7.27.1' ],
25 silly audit   '@babel/plugin-syntax-unicode-sets-regex': [ '7.18.6' ],
25 silly audit   '@babel/plugin-transform-arrow-functions': [ '7.27.1' ],
25 silly audit   '@babel/plugin-transform-async-generator-functions': [ '7.28.0' ],
25 silly audit   '@babel/plugin-transform-async-to-generator': [ '7.27.1' ],
25 silly audit   '@babel/plugin-transform-block-scoped-functions': [ '7.27.1' ],
25 silly audit   '@babel/plugin-transform-block-scoping': [ '7.28.4' ],
25 silly audit   '@babel/plugin-transform-class-properties': [ '7.27.1' ],
25 silly audit   '@babel/plugin-transform-class-static-block': [ '7.28.3' ],
25 silly audit   '@babel/plugin-transform-classes': [ '7.28.4' ],
25 silly audit   '@babel/plugin-transform-computed-properties': [ '7.27.1' ],
25 silly audit   '@babel/plugin-transform-destructuring': [ '7.28.0' ],
25 silly audit   '@babel/plugin-transform-dotall-regex': [ '7.27.1' ],
25 silly audit   '@babel/plugin-transform-duplicate-keys': [ '7.27.1' ],
25 silly audit   '@babel/plugin-transform-duplicate-named-capturing-groups-regex': [ '7.27.1' ],
25 silly audit   '@babel/plugin-transform-dynamic-import': [ '7.27.1' ],
25 silly audit   '@babel/plugin-transform-explicit-resource-management': [ '7.28.0' ],
25 silly audit   '@babel/plugin-transform-exponentiation-operator': [ '7.27.1' ],
25 silly audit   '@babel/plugin-transform-export-namespace-from': [ '7.27.1' ],
25 silly audit   '@babel/plugin-transform-for-of': [ '7.27.1' ],
25 silly audit   '@babel/plugin-transform-function-name': [ '7.27.1' ],
25 silly audit   '@babel/plugin-transform-json-strings': [ '7.27.1' ],
25 silly audit   '@babel/plugin-transform-literals': [ '7.27.1' ],
25 silly audit   '@babel/plugin-transform-logical-assignment-operators': [ '7.27.1' ],
25 silly audit   '@babel/plugin-transform-member-expression-literals': [ '7.27.1' ],
25 silly audit   '@babel/plugin-transform-modules-amd': [ '7.27.1' ],
25 silly audit   '@babel/plugin-transform-modules-commonjs': [ '7.27.1' ],
25 silly audit   '@babel/plugin-transform-modules-systemjs': [ '7.27.1' ],
25 silly audit   '@babel/plugin-transform-modules-umd': [ '7.27.1' ],
25 silly audit   '@babel/plugin-transform-named-capturing-groups-regex': [ '7.27.1' ],
25 silly audit   '@babel/plugin-transform-new-target': [ '7.27.1' ],
25 silly audit   '@babel/plugin-transform-nullish-coalescing-operator': [ '7.27.1' ],
25 silly audit   '@babel/plugin-transform-numeric-separator': [ '7.27.1' ],
25 silly audit   '@babel/plugin-transform-object-rest-spread': [ '7.28.4' ],
25 silly audit   '@babel/plugin-transform-object-super': [ '7.27.1' ],
25 silly audit   '@babel/plugin-transform-optional-catch-binding': [ '7.27.1' ],
25 silly audit   '@babel/plugin-transform-optional-chaining': [ '7.27.1' ],
25 silly audit   '@babel/plugin-transform-parameters': [ '7.27.7' ],
25 silly audit   '@babel/plugin-transform-private-methods': [ '7.27.1' ],
25 silly audit   '@babel/plugin-transform-private-property-in-object': [ '7.27.1' ],
25 silly audit   '@babel/plugin-transform-property-literals': [ '7.27.1' ],
25 silly audit   '@babel/plugin-transform-regenerator': [ '7.28.4' ],
25 silly audit   '@babel/plugin-transform-regexp-modifiers': [ '7.27.1' ],
25 silly audit   '@babel/plugin-transform-reserved-words': [ '7.27.1' ],
25 silly audit   '@babel/plugin-transform-shorthand-properties': [ '7.27.1' ],
25 silly audit   '@babel/plugin-transform-spread': [ '7.27.1' ],
25 silly audit   '@babel/plugin-transform-sticky-regex': [ '7.27.1' ],
25 silly audit   '@babel/plugin-transform-template-literals': [ '7.27.1' ],
25 silly audit   '@babel/plugin-transform-typeof-symbol': [ '7.27.1' ],
25 silly audit   '@babel/plugin-transform-unicode-escapes': [ '7.27.1' ],
25 silly audit   '@babel/plugin-transform-unicode-property-regex': [ '7.27.1' ],
25 silly audit   '@babel/plugin-transform-unicode-regex': [ '7.27.1' ],
25 silly audit   '@babel/plugin-transform-unicode-sets-regex': [ '7.27.1' ],
25 silly audit   '@babel/preset-env': [ '7.28.3' ],
25 silly audit   '@babel/preset-modules': [ '0.1.6-no-external-plugins' ],
25 silly audit   '@babel/runtime': [ '7.28.4' ],
25 silly audit   '@babel/template': [ '7.27.2' ],
25 silly audit   '@babel/traverse': [ '7.28.4' ],
25 silly audit   '@babel/types': [ '7.28.4' ],
25 silly audit   '@emnapi/runtime': [ '1.5.0' ],
25 silly audit   '@emotion/babel-plugin': [ '11.13.5' ],
25 silly audit   '@emotion/cache': [ '11.14.0' ],
25 silly audit   '@emotion/hash': [ '0.9.2' ],
25 silly audit   '@emotion/is-prop-valid': [ '1.4.0' ],
25 silly audit   '@emotion/memoize': [ '0.9.0' ],
25 silly audit   '@emotion/react': [ '11.14.0' ],
25 silly audit   '@emotion/serialize': [ '1.3.3' ],
25 silly audit   '@emotion/sheet': [ '1.4.0' ],
25 silly audit   '@emotion/styled': [ '11.14.1' ],
25 silly audit   '@emotion/unitless': [ '0.10.0' ],
25 silly audit   '@emotion/use-insertion-effect-with-fallbacks': [ '1.2.0' ],
25 silly audit   '@emotion/utils': [ '1.4.2' ],
25 silly audit   '@emotion/weak-memoize': [ '0.4.0' ],
25 silly audit   '@fontsource/roboto': [ '5.2.8' ],
25 silly audit   '@img/colour': [ '1.0.0' ],
25 silly audit   '@img/sharp-darwin-arm64': [ '0.34.4' ],
25 silly audit   '@img/sharp-darwin-x64': [ '0.34.4' ],
25 silly audit   '@img/sharp-libvips-darwin-arm64': [ '1.2.3' ],
25 silly audit   '@img/sharp-libvips-darwin-x64': [ '1.2.3' ],
25 silly audit   '@img/sharp-libvips-linux-arm': [ '1.2.3' ],
25 silly audit   '@img/sharp-libvips-linux-arm64': [ '1.2.3' ],
25 silly audit   '@img/sharp-libvips-linux-ppc64': [ '1.2.3' ],
25 silly audit   '@img/sharp-libvips-linux-s390x': [ '1.2.3' ],
25 silly audit   '@img/sharp-libvips-linux-x64': [ '1.2.3' ],
25 silly audit   '@img/sharp-libvips-linuxmusl-arm64': [ '1.2.3' ],
25 silly audit   '@img/sharp-libvips-linuxmusl-x64': [ '1.2.3' ],
25 silly audit   '@img/sharp-linux-arm': [ '0.34.4' ],
25 silly audit   '@img/sharp-linux-arm64': [ '0.34.4' ],
25 silly audit   '@img/sharp-linux-ppc64': [ '0.34.4' ],
25 silly audit   '@img/sharp-linux-s390x': [ '0.34.4' ],
25 silly audit   '@img/sharp-linux-x64': [ '0.34.4' ],
25 silly audit   '@img/sharp-linuxmusl-arm64': [ '0.34.4' ],
25 silly audit   '@img/sharp-linuxmusl-x64': [ '0.34.4' ],
25 silly audit   '@img/sharp-wasm32': [ '0.34.4' ],
25 silly audit   '@img/sharp-win32-arm64': [ '0.34.4' ],
25 silly audit   '@img/sharp-win32-ia32': [ '0.34.4' ],
25 silly audit   '@img/sharp-win32-x64': [ '0.34.4' ],
25 silly audit   '@isaacs/fs-minipass': [ '4.0.1' ],
25 silly audit   '@jridgewell/gen-mapping': [ '0.3.13' ],
25 silly audit   '@jridgewell/remapping': [ '2.3.5' ],
25 silly audit   '@jridgewell/resolve-uri': [ '3.1.2' ],
25 silly audit   '@jridgewell/source-map': [ '0.3.11' ],
25 silly audit   '@jridgewell/sourcemap-codec': [ '1.5.5' ],
25 silly audit   '@jridgewell/trace-mapping': [ '0.3.31' ],
25 silly audit   '@mui/core-downloads-tracker': [ '7.3.4' ],
25 silly audit   '@mui/icons-material': [ '7.3.4' ],
25 silly audit   '@mui/lab': [ '7.0.1-beta.18' ],
25 silly audit   '@mui/material': [ '7.3.4' ],
25 silly audit   '@mui/material-nextjs': [ '7.3.3' ],
25 silly audit   '@mui/private-theming': [ '7.3.3' ],
25 silly audit   '@mui/styled-engine': [ '7.3.3' ],
25 silly audit   '@mui/system': [ '7.3.3' ],
25 silly audit   '@mui/types': [ '7.4.7' ],
25 silly audit   '@mui/utils': [ '7.3.3' ],
25 silly audit   '@next/env': [ '15.5.6', '13.5.11' ],
25 silly audit   '@next/swc-darwin-arm64': [ '15.5.6', '13.5.9' ],
25 silly audit   '@next/swc-darwin-x64': [ '15.5.6', '13.5.9' ],
25 silly audit   '@next/swc-linux-arm64-gnu': [ '15.5.6', '13.5.9' ],
25 silly audit   '@next/swc-linux-arm64-musl': [ '15.5.6', '13.5.9' ],
25 silly audit   '@next/swc-linux-x64-gnu': [ '15.5.6', '13.5.9' ],
25 silly audit   '@next/swc-linux-x64-musl': [ '15.5.6', '13.5.9' ],
25 silly audit   '@next/swc-win32-arm64-msvc': [ '15.5.6', '13.5.9' ],
25 silly audit   '@next/swc-win32-ia32-msvc': [ '13.5.9' ],
25 silly audit   '@next/swc-win32-x64-msvc': [ '15.5.6', '13.5.9' ],
25 silly audit   '@nodelib/fs.scandir': [ '2.1.5' ],
25 silly audit   '@nodelib/fs.stat': [ '2.0.5' ],
25 silly audit   '@nodelib/fs.walk': [ '1.2.8' ],
25 silly audit   '@popperjs/core': [ '2.11.8' ],
25 silly audit   '@reduxjs/toolkit': [ '2.9.1' ],
25 silly audit   '@rollup/plugin-babel': [ '5.3.1' ],
25 silly audit   '@rollup/plugin-node-resolve': [ '15.3.1', '11.2.1' ],
25 silly audit   '@rollup/pluginutils': [ '5.3.0', '3.1.0' ],
25 silly audit   'estree-walker': [ '2.0.2', '1.0.1' ],
25 silly audit   picomatch: [ '4.0.3', '2.3.1' ],
25 silly audit   '@rollup/plugin-replace': [ '2.4.2' ],
25 silly audit   'magic-string': [ '0.25.9', '0.30.19' ],
25 silly audit   '@rollup/plugin-terser': [ '0.4.4' ],
25 silly audit   '@types/estree': [ '0.0.39', '1.0.8' ],
25 silly audit   '@standard-schema/spec': [ '1.0.0' ],
25 silly audit   '@standard-schema/utils': [ '0.3.0' ],
25 silly audit   '@surma/rollup-plugin-off-main-thread': [ '2.2.3' ],
25 silly audit   '@swc/helpers': [ '0.5.15', '0.5.2' ],
25 silly audit   '@tailwindcss/node': [ '4.1.14' ],
25 silly audit   '@tailwindcss/oxide': [ '4.1.14' ],
25 silly audit   '@tailwindcss/oxide-android-arm64': [ '4.1.14' ],
25 silly audit   '@tailwindcss/oxide-darwin-arm64': [ '4.1.14' ],
25 silly audit   '@tailwindcss/oxide-darwin-x64': [ '4.1.14' ],
25 silly audit   '@tailwindcss/oxide-freebsd-x64': [ '4.1.14' ],
25 silly audit   '@tailwindcss/oxide-linux-arm-gnueabihf': [ '4.1.14' ],
25 silly audit   '@tailwindcss/oxide-linux-arm64-gnu': [ '4.1.14' ],
25 silly audit   '@tailwindcss/oxide-linux-arm64-musl': [ '4.1.14' ],
25 silly audit   '@tailwindcss/oxide-linux-x64-gnu': [ '4.1.14' ],
25 silly audit   '@tailwindcss/oxide-linux-x64-musl': [ '4.1.14' ],
25 silly audit   '@tailwindcss/oxide-wasm32-wasi': [ '4.1.14' ],
25 silly audit   '@tailwindcss/oxide-win32-arm64-msvc': [ '4.1.14' ],
25 silly audit   '@tailwindcss/oxide-win32-x64-msvc': [ '4.1.14' ],
25 silly audit   '@tailwindcss/postcss': [ '4.1.14' ],
25 silly audit   '@types/d3-array': [ '3.2.2' ],
25 silly audit   '@types/d3-color': [ '3.1.3' ],
25 silly audit   '@types/d3-ease': [ '3.0.2' ],
25 silly audit   '@types/d3-interpolate': [ '3.0.4' ],
25 silly audit   '@types/d3-path': [ '3.1.1' ],
25 silly audit   '@types/d3-scale': [ '4.0.9' ],
25 silly audit   '@types/d3-shape': [ '3.1.7' ],
25 silly audit   '@types/d3-time': [ '3.0.4' ],
25 silly audit   '@types/d3-timer': [ '3.0.2' ],
25 silly audit   '@types/eslint': [ '9.6.1' ],
25 silly audit   '@types/eslint-scope': [ '3.7.7' ],
25 silly audit   '@types/glob': [ '7.2.0' ],
25 silly audit   '@types/json-schema': [ '7.0.15' ],
25 silly audit   '@types/minimatch': [ '5.1.2' ],
25 silly audit   '@types/next-pwa': [ '5.6.9' ],
25 silly audit   '@apideck/better-ajv-errors': [ '0.3.6' ],
25 silly audit   '@types/resolve': [ '1.17.1', '1.20.2' ],
25 silly audit   ajv: [ '8.17.1', '6.12.6' ],
25 silly audit   'json-schema-traverse': [ '1.0.0', '0.4.1' ],
25 silly audit   next: [ '13.5.11', '15.5.6' ],
25 silly audit   postcss: [ '8.4.31', '8.5.6' ],
25 silly audit   react: [ '18.3.1', '19.1.0' ],
25 silly audit   'react-dom': [ '18.3.1', '19.1.0' ],
25 silly audit   scheduler: [ '0.23.2', '0.26.0' ],
25 silly audit   'source-map': [ '0.8.0-beta.0', '0.6.1', '0.5.7' ],
25 silly audit   'styled-jsx': [ '5.1.1', '5.1.6' ],
25 silly audit   watchpack: [ '2.4.0', '2.4.4' ],
25 silly audit   'workbox-background-sync': [ '6.6.0', '7.3.0' ],
25 silly audit   'workbox-broadcast-update': [ '6.6.0', '7.3.0' ],
25 silly audit   'workbox-build': [ '6.6.0', '7.3.0' ],
25 silly audit   'workbox-cacheable-response': [ '6.6.0', '7.3.0' ],
25 silly audit   'workbox-core': [ '6.6.0', '7.3.0' ],
25 silly audit   'workbox-expiration': [ '6.6.0', '7.3.0' ],
25 silly audit   'workbox-google-analytics': [ '6.6.0', '7.3.0' ],
25 silly audit   'workbox-navigation-preload': [ '6.6.0', '7.3.0' ],
25 silly audit   'workbox-precaching': [ '6.6.0', '7.3.0' ],
25 silly audit   'workbox-range-requests': [ '6.6.0', '7.3.0' ],
25 silly audit   'workbox-recipes': [ '6.6.0', '7.3.0' ],
25 silly audit   'workbox-routing': [ '6.6.0', '7.3.0' ],
25 silly audit   'workbox-strategies': [ '6.6.0', '7.3.0' ],
25 silly audit   'workbox-streams': [ '6.6.0', '7.3.0' ],
25 silly audit   'workbox-sw': [ '6.6.0', '7.3.0' ],
25 silly audit   '@types/node': [ '20.19.22' ],
25 silly audit   '@types/parse-json': [ '4.0.2' ],
25 silly audit   '@types/prop-types': [ '15.7.15' ],
25 silly audit   '@types/react': [ '19.2.2' ],
25 silly audit   '@types/react-dom': [ '19.2.2' ],
25 silly audit   '@types/react-transition-group': [ '4.4.12' ],
25 silly audit   '@types/trusted-types': [ '2.0.7' ],
25 silly audit   '@types/use-sync-external-store': [ '0.0.6' ],
25 silly audit   '@webassemblyjs/ast': [ '1.14.1' ],
25 silly audit   '@webassemblyjs/floating-point-hex-parser': [ '1.13.2' ],
25 silly audit   '@webassemblyjs/helper-api-error': [ '1.13.2' ],
25 silly audit   '@webassemblyjs/helper-buffer': [ '1.14.1' ],
25 silly audit   '@webassemblyjs/helper-numbers': [ '1.13.2' ],
25 silly audit   '@webassemblyjs/helper-wasm-bytecode': [ '1.13.2' ],
25 silly audit   '@webassemblyjs/helper-wasm-section': [ '1.14.1' ],
25 silly audit   '@webassemblyjs/ieee754': [ '1.13.2' ],
25 silly audit   '@webassemblyjs/leb128': [ '1.13.2' ],
25 silly audit   '@webassemblyjs/utf8': [ '1.13.2' ],
25 silly audit   '@webassemblyjs/wasm-edit': [ '1.14.1' ],
25 silly audit   '@webassemblyjs/wasm-gen': [ '1.14.1' ],
25 silly audit   '@webassemblyjs/wasm-opt': [ '1.14.1' ],
25 silly audit   '@webassemblyjs/wasm-parser': [ '1.14.1' ],
25 silly audit   '@webassemblyjs/wast-printer': [ '1.14.1' ],
25 silly audit   '@xtuc/ieee754': [ '1.2.0' ],
25 silly audit   '@xtuc/long': [ '4.2.2' ],
25 silly audit   acorn: [ '8.15.0' ],
25 silly audit   'acorn-import-phases': [ '1.0.4' ],
25 silly audit   'ajv-formats': [ '2.1.1' ],
25 silly audit   'ajv-keywords': [ '3.5.2', '5.1.0' ],
25 silly audit   'array-buffer-byte-length': [ '1.0.2' ],
25 silly audit   'array-union': [ '2.1.0', '1.0.2' ],
25 silly audit   'array-uniq': [ '1.0.3' ],
25 silly audit   'arraybuffer.prototype.slice': [ '1.0.4' ],
25 silly audit   async: [ '3.2.6' ],
25 silly audit   'async-function': [ '1.0.0' ],
25 silly audit   'at-least-node': [ '1.0.0' ],
25 silly audit   'available-typed-arrays': [ '1.0.7' ],
25 silly audit   'babel-loader': [ '8.4.1' ],
25 silly audit   'babel-plugin-macros': [ '3.1.0' ],
25 silly audit   'babel-plugin-polyfill-corejs2': [ '0.4.14' ],
25 silly audit   'babel-plugin-polyfill-corejs3': [ '0.13.0' ],
25 silly audit   'babel-plugin-polyfill-regenerator': [ '0.6.5' ],
25 silly audit   'balanced-match': [ '1.0.2' ],
25 silly audit   'baseline-browser-mapping': [ '2.8.17' ],
25 silly audit   'big.js': [ '5.2.2' ],
25 silly audit   'brace-expansion': [ '1.1.12', '2.0.2' ],
25 silly audit   braces: [ '3.0.3' ],
25 silly audit   browserslist: [ '4.26.3' ],
25 silly audit   'buffer-from': [ '1.1.2' ],
25 silly audit   'builtin-modules': [ '3.3.0' ],
25 silly audit   busboy: [ '1.6.0' ],
25 silly audit   'call-bind': [ '1.0.8' ],
25 silly audit   'call-bind-apply-helpers': [ '1.0.2' ],
25 silly audit   'call-bound': [ '1.0.4' ],
25 silly audit   callsites: [ '3.1.0' ],
25 silly audit   'caniuse-lite': [ '1.0.30001751' ],
25 silly audit   chownr: [ '3.0.0' ],
25 silly audit   'chrome-trace-event': [ '1.0.4' ],
25 silly audit   'clean-webpack-plugin': [ '4.0.0' ],
25 silly audit   'client-only': [ '0.0.1' ],
25 silly audit   clsx: [ '2.1.1' ],
25 silly audit   commander: [ '2.20.3' ],
25 silly audit   'common-tags': [ '1.8.2' ],
25 silly audit   commondir: [ '1.0.1' ],
25 silly audit   'concat-map': [ '0.0.1' ],
25 silly audit   'core-js-compat': [ '3.46.0' ],
25 silly audit   cosmiconfig: [ '7.1.0' ],
25 silly audit   'crypto-random-string': [ '2.0.0' ],
25 silly audit   csstype: [ '3.1.3' ],
25 silly audit   'd3-array': [ '3.2.4' ],
25 silly audit   'd3-color': [ '3.1.0' ],
25 silly audit   'd3-ease': [ '3.0.1' ],
25 silly audit   'd3-format': [ '3.1.0' ],
25 silly audit   'd3-interpolate': [ '3.0.1' ],
25 silly audit   'd3-path': [ '3.1.0' ],
25 silly audit   'd3-scale': [ '4.0.2' ],
25 silly audit   'd3-shape': [ '3.2.0' ],
25 silly audit   'd3-time': [ '3.1.0' ],
25 silly audit   'd3-time-format': [ '4.1.0' ],
25 silly audit   'd3-timer': [ '3.0.1' ],
25 silly audit   'data-view-buffer': [ '1.0.2' ],
25 silly audit   'data-view-byte-length': [ '1.0.2' ],
25 silly audit   'data-view-byte-offset': [ '1.0.1' ],
25 silly audit   'date-fns': [ '4.1.0' ],
25 silly audit   debug: [ '4.4.3' ],
25 silly audit   'decimal.js-light': [ '2.5.1' ],
25 silly audit   deepmerge: [ '4.3.1' ],
25 silly audit   'define-data-property': [ '1.1.4' ],
25 silly audit   'define-properties': [ '1.2.1' ],
25 silly audit   del: [ '4.1.1' ],
25 silly audit   globby: [ '6.1.0', '11.1.0' ],
25 silly audit   pify: [ '2.3.0', '4.0.1' ],
25 silly audit   'detect-libc': [ '2.1.2' ],
25 silly audit   'dir-glob': [ '3.0.1' ],
25 silly audit   'dom-helpers': [ '5.2.1' ],
25 silly audit   'dunder-proto': [ '1.0.1' ],
25 silly audit   ejs: [ '3.1.10' ],
25 silly audit   'electron-to-chromium': [ '1.5.237' ],
25 silly audit   'emojis-list': [ '3.0.0' ],
25 silly audit   'enhanced-resolve': [ '5.18.3' ],
25 silly audit   'error-ex': [ '1.3.4' ],
25 silly audit   'es-abstract': [ '1.24.0' ],
25 silly audit   'es-define-property': [ '1.0.1' ],
25 silly audit   'es-errors': [ '1.3.0' ],
25 silly audit   'es-module-lexer': [ '1.7.0' ],
25 silly audit   'es-object-atoms': [ '1.1.1' ],
25 silly audit   'es-set-tostringtag': [ '2.1.0' ],
25 silly audit   'es-to-primitive': [ '1.3.0' ],
25 silly audit   'es-toolkit': [ '1.40.0' ],
25 silly audit   escalade: [ '3.2.0' ],
25 silly audit   'escape-string-regexp': [ '4.0.0' ],
25 silly audit   'eslint-scope': [ '5.1.1' ],
25 silly audit   esrecurse: [ '4.3.0' ],
25 silly audit   estraverse: [ '5.3.0', '4.3.0' ],
25 silly audit   esutils: [ '2.0.3' ],
25 silly audit   eventemitter3: [ '5.0.1' ],
25 silly audit   events: [ '3.3.0' ],
25 silly audit   'fast-deep-equal': [ '3.1.3' ],
25 silly audit   'fast-glob': [ '3.3.3' ],
25 silly audit   'fast-json-stable-stringify': [ '2.1.0' ],
25 silly audit   'fast-uri': [ '3.1.0' ],
25 silly audit   fastq: [ '1.19.1' ],
25 silly audit   filelist: [ '1.0.4' ],
25 silly audit   minimatch: [ '5.1.6', '3.1.2' ],
25 silly audit   'fill-range': [ '7.1.1' ],
25 silly audit   'find-cache-dir': [ '3.3.2' ],
25 silly audit   'find-root': [ '1.1.0' ],
25 silly audit   'find-up': [ '4.1.0' ],
25 silly audit   'for-each': [ '0.3.5' ],
25 silly audit   'fs-extra': [ '9.1.0' ],
25 silly audit   'fs.realpath': [ '1.0.0' ],
25 silly audit   fsevents: [ '2.3.3' ],
25 silly audit   'function-bind': [ '1.1.2' ],
25 silly audit   'function.prototype.name': [ '1.1.8' ],
25 silly audit   'functions-have-names': [ '1.2.3' ],
25 silly audit   'generator-function': [ '2.0.1' ],
25 silly audit   gensync: [ '1.0.0-beta.2' ],
25 silly audit   'get-intrinsic': [ '1.3.0' ],
25 silly audit   'get-own-enumerable-property-symbols': [ '3.0.2' ],
25 silly audit   'get-proto': [ '1.0.1' ],
25 silly audit   'get-symbol-description': [ '1.1.0' ],
25 silly audit   glob: [ '7.2.3' ],
25 silly audit   'glob-parent': [ '5.1.2' ],
25 silly audit   'glob-to-regexp': [ '0.4.1' ],
25 silly audit   globalthis: [ '1.0.4' ],
25 silly audit   gopd: [ '1.2.0' ],
25 silly audit   'graceful-fs': [ '4.2.11' ],
25 silly audit   'has-bigints': [ '1.1.0' ],
25 silly audit   'has-flag': [ '4.0.0' ],
25 silly audit   'has-property-descriptors': [ '1.0.2' ],
25 silly audit   'has-proto': [ '1.2.0' ],
25 silly audit   'has-symbols': [ '1.1.0' ],
25 silly audit   'has-tostringtag': [ '1.0.2' ],
25 silly audit   hasown: [ '2.0.2' ],
25 silly audit   'hoist-non-react-statics': [ '3.3.2' ],
25 silly audit   'react-is': [ '16.13.1', '19.2.0' ],
25 silly audit   idb: [ '7.1.1' ],
25 silly audit   ignore: [ '5.3.2' ],
25 silly audit   immer: [ '10.1.3' ],
25 silly audit   'import-fresh': [ '3.3.1' ],
25 silly audit   inflight: [ '1.0.6' ],
25 silly audit   inherits: [ '2.0.4' ],
25 silly audit   'internal-slot': [ '1.1.0' ],
25 silly audit   internmap: [ '2.0.3' ],
25 silly audit   'is-array-buffer': [ '3.0.5' ],
25 silly audit   'is-arrayish': [ '0.2.1' ],
25 silly audit   'is-async-function': [ '2.1.1' ],
25 silly audit   'is-bigint': [ '1.1.0' ],
25 silly audit   'is-boolean-object': [ '1.2.2' ],
25 silly audit   'is-callable': [ '1.2.7' ],
25 silly audit   'is-core-module': [ '2.16.1' ],
25 silly audit   'is-data-view': [ '1.0.2' ],
25 silly audit   'is-date-object': [ '1.1.0' ],
25 silly audit   'is-extglob': [ '2.1.1' ],
25 silly audit   'is-finalizationregistry': [ '1.1.1' ],
25 silly audit   'is-generator-function': [ '1.1.2' ],
25 silly audit   'is-glob': [ '4.0.3' ],
25 silly audit   'is-map': [ '2.0.3' ],
25 silly audit   'is-module': [ '1.0.0' ],
25 silly audit   'is-negative-zero': [ '2.0.3' ],
25 silly audit   'is-number': [ '7.0.0' ],
25 silly audit   'is-number-object': [ '1.1.1' ],
25 silly audit   'is-obj': [ '1.0.1' ],
25 silly audit   'is-path-cwd': [ '2.2.0' ],
25 silly audit   'is-path-in-cwd': [ '2.1.0' ],
25 silly audit   'is-path-inside': [ '2.1.0' ],
25 silly audit   'is-regex': [ '1.2.1' ],
25 silly audit   'is-regexp': [ '1.0.0' ],
25 silly audit   'is-set': [ '2.0.3' ],
25 silly audit   'is-shared-array-buffer': [ '1.0.4' ],
25 silly audit   'is-stream': [ '2.0.1' ],
25 silly audit   'is-string': [ '1.1.1' ],
25 silly audit   'is-symbol': [ '1.1.1' ],
25 silly audit   'is-typed-array': [ '1.1.15' ],
25 silly audit   'is-weakmap': [ '2.0.2' ],
25 silly audit   'is-weakref': [ '1.1.1' ],
25 silly audit   'is-weakset': [ '2.0.4' ],
25 silly audit   isarray: [ '2.0.5' ],
25 silly audit   jake: [ '10.9.4' ],
25 silly audit   'jest-worker': [ '27.5.1', '26.6.2' ],
25 silly audit   jiti: [ '2.6.1' ],
25 silly audit   'js-tokens': [ '4.0.0' ],
25 silly audit   jsesc: [ '3.1.0' ],
25 silly audit   'json-parse-even-better-errors': [ '2.3.1' ],
25 silly audit   'json-schema': [ '0.4.0' ],
25 silly audit   json5: [ '2.2.3' ],
25 silly audit   jsonfile: [ '6.2.0' ],
25 silly audit   jsonpointer: [ '5.0.1' ],
25 silly audit   leven: [ '3.1.0' ],
25 silly audit   lightningcss: [ '1.30.1' ],
25 silly audit   'lightningcss-darwin-arm64': [ '1.30.1' ],
25 silly audit   'lightningcss-darwin-x64': [ '1.30.1' ],
25 silly audit   'lightningcss-freebsd-x64': [ '1.30.1' ],
25 silly audit   'lightningcss-linux-arm-gnueabihf': [ '1.30.1' ],
25 silly audit   'lightningcss-linux-arm64-gnu': [ '1.30.1' ],
25 silly audit   'lightningcss-linux-arm64-musl': [ '1.30.1' ],
25 silly audit   'lightningcss-linux-x64-gnu': [ '1.30.1' ],
25 silly audit   'lightningcss-linux-x64-musl': [ '1.30.1' ],
25 silly audit   'lightningcss-win32-arm64-msvc': [ '1.30.1' ],
25 silly audit   'lightningcss-win32-x64-msvc': [ '1.30.1' ],
25 silly audit   'lines-and-columns': [ '1.2.4' ],
25 silly audit   'loader-runner': [ '4.3.1' ],
25 silly audit   'loader-utils': [ '2.0.4' ],
25 silly audit   'locate-path': [ '5.0.0' ],
25 silly audit   lodash: [ '4.17.21' ],
25 silly audit   'lodash.debounce': [ '4.0.8' ],
25 silly audit   'lodash.sortby': [ '4.7.0' ],
25 silly audit   'loose-envify': [ '1.4.0' ],
25 silly audit   'lru-cache': [ '5.1.1' ],
25 silly audit   yallist: [ '3.1.1', '5.0.0' ],
25 silly audit   'make-dir': [ '3.1.0' ],
25 silly audit   'math-intrinsics': [ '1.1.0' ],
25 silly audit   'merge-stream': [ '2.0.0' ],
25 silly audit   merge2: [ '1.4.1' ],
25 silly audit   micromatch: [ '4.0.8' ],
25 silly audit   'mime-db': [ '1.52.0' ],
25 silly audit   'mime-types': [ '2.1.35' ],
25 silly audit   minipass: [ '7.1.2' ],
25 silly audit   minizlib: [ '3.1.0' ],
25 silly audit   ms: [ '2.1.3' ],
25 silly audit   nanoid: [ '3.3.11' ],
25 silly audit   'neo-async': [ '2.6.2' ],
25 silly audit   'next-pwa': [ '5.6.0' ],
25 silly audit   'webpack-sources': [ '1.4.3', '3.3.3' ],
25 silly audit   'workbox-webpack-plugin': [ '6.6.0', '7.3.0' ],
25 silly audit   'node-releases': [ '2.0.25' ],
25 silly audit   'object-assign': [ '4.1.1' ],
25 silly audit   'object-inspect': [ '1.13.4' ],
25 silly audit   'object-keys': [ '1.1.1' ],
25 silly audit   'object.assign': [ '4.1.7' ],
25 silly audit   once: [ '1.4.0' ],
25 silly audit   'own-keys': [ '1.0.1' ],
25 silly audit   'p-limit': [ '2.3.0' ],
25 silly audit   'p-locate': [ '4.1.0' ],
25 silly audit   'p-map': [ '2.1.0' ],
25 silly audit   'p-try': [ '2.2.0' ],
25 silly audit   'parent-module': [ '1.0.1' ],
25 silly audit   'parse-json': [ '5.2.0' ],
25 silly audit   'path-exists': [ '4.0.0' ],
25 silly audit   'path-is-absolute': [ '1.0.1' ],
25 silly audit   'path-is-inside': [ '1.0.2' ],
25 silly audit   'path-parse': [ '1.0.7' ],
25 silly audit   'path-type': [ '4.0.0' ],
25 silly audit   picocolors: [ '1.1.1' ],
25 silly audit   pinkie: [ '2.0.4' ],
25 silly audit   'pinkie-promise': [ '2.0.1' ],
25 silly audit   'pkg-dir': [ '4.2.0' ],
25 silly audit   'possible-typed-array-names': [ '1.1.0' ],
25 silly audit   'pretty-bytes': [ '5.6.0' ],
25 silly audit   'prop-types': [ '15.8.1' ],
25 silly audit   punycode: [ '2.3.1' ],
25 silly audit   'queue-microtask': [ '1.2.3' ],
25 silly audit   randombytes: [ '2.1.0' ],
25 silly audit   'react-redux': [ '9.2.0' ],
25 silly audit   'react-transition-group': [ '4.4.5' ],
25 silly audit   recharts: [ '3.3.0' ],
25 silly audit   redux: [ '5.0.1' ],
25 silly audit   'redux-thunk': [ '3.1.0' ],
25 silly audit   'reflect.getprototypeof': [ '1.0.10' ],
25 silly audit   regenerate: [ '1.4.2' ],
25 silly audit   'regenerate-unicode-properties': [ '10.2.2' ],
25 silly audit   'regexp.prototype.flags': [ '1.5.4' ],
25 silly audit   'regexpu-core': [ '6.4.0' ],
25 silly audit   regjsgen: [ '0.8.0' ],
25 silly audit   regjsparser: [ '0.13.0' ],
25 silly audit   'require-from-string': [ '2.0.2' ],
25 silly audit   reselect: [ '5.1.1' ],
25 silly audit   resolve: [ '1.22.10' ],
25 silly audit   'resolve-from': [ '4.0.0' ],
25 silly audit   reusify: [ '1.1.0' ],
25 silly audit   rimraf: [ '2.7.1' ],
25 silly audit   rollup: [ '2.79.2' ],
25 silly audit   'rollup-plugin-terser': [ '7.0.2' ],
25 silly audit   'serialize-javascript': [ '4.0.0', '6.0.2' ],
25 silly audit   'supports-color': [ '7.2.0', '8.1.1' ],
25 silly audit   'run-parallel': [ '1.2.0' ],
25 silly audit   'safe-array-concat': [ '1.1.3' ],
25 silly audit   'safe-buffer': [ '5.2.1' ],
25 silly audit   'safe-push-apply': [ '1.0.0' ],
25 silly audit   'safe-regex-test': [ '1.1.0' ],
25 silly audit   'schema-utils': [ '2.7.1', '4.3.3' ],
25 silly audit   'set-function-length': [ '1.2.2' ],
25 silly audit   'set-function-name': [ '2.0.2' ],
25 silly audit   'set-proto': [ '1.0.0' ],
25 silly audit   sharp: [ '0.34.4' ],
25 silly audit   'side-channel': [ '1.1.0' ],
25 silly audit   'side-channel-list': [ '1.0.0' ],
25 silly audit   'side-channel-map': [ '1.0.1' ],
25 silly audit   'side-channel-weakmap': [ '1.0.2' ],
25 silly audit   slash: [ '3.0.0' ],
25 silly audit   smob: [ '1.5.0' ],
25 silly audit   'source-list-map': [ '2.0.1' ],
25 silly audit   'source-map-js': [ '1.2.1' ],
25 silly audit   'source-map-support': [ '0.5.21' ],
25 silly audit   'sourcemap-codec': [ '1.4.8' ],
25 silly audit   'stop-iteration-iterator': [ '1.1.0' ],
25 silly audit   streamsearch: [ '1.1.0' ],
25 silly audit   'string.prototype.matchall': [ '4.0.12' ],
25 silly audit   'string.prototype.trim': [ '1.2.10' ],
25 silly audit   'string.prototype.trimend': [ '1.0.9' ],
25 silly audit   'string.prototype.trimstart': [ '1.0.8' ],
25 silly audit   'stringify-object': [ '3.3.0' ],
25 silly audit   'strip-comments': [ '2.0.1' ],
25 silly audit   stylis: [ '4.2.0' ],
25 silly audit   'supports-preserve-symlinks-flag': [ '1.0.0' ],
25 silly audit   tailwindcss: [ '4.1.14' ],
25 silly audit   tapable: [ '2.3.0' ],
25 silly audit   tar: [ '7.5.1' ],
25 silly audit   'temp-dir': [ '2.0.0' ],
25 silly audit   tempy: [ '0.6.0' ],
25 silly audit   terser: [ '5.44.0' ],
25 silly audit   'terser-webpack-plugin': [ '5.3.14' ],
25 silly audit   'tiny-invariant': [ '1.3.3' ],
25 silly audit   'to-regex-range': [ '5.0.1' ],
25 silly audit   tr46: [ '1.0.1' ],
25 silly audit   tslib: [ '2.8.1' ],
25 silly audit   'type-fest': [ '0.16.0' ],
25 silly audit   'typed-array-buffer': [ '1.0.3' ],
25 silly audit   'typed-array-byte-length': [ '1.0.3' ],
25 silly audit   'typed-array-byte-offset': [ '1.0.4' ],
25 silly audit   'typed-array-length': [ '1.0.7' ],
25 silly audit   typescript: [ '5.9.3' ],
25 silly audit   'unbox-primitive': [ '1.1.0' ],
25 silly audit   'undici-types': [ '6.21.0' ],
25 silly audit   'unicode-canonical-property-names-ecmascript': [ '2.0.1' ],
25 silly audit   'unicode-match-property-ecmascript': [ '2.0.0' ],
25 silly audit   'unicode-match-property-value-ecmascript': [ '2.2.1' ],
25 silly audit   'unicode-property-aliases-ecmascript': [ '2.2.0' ],
25 silly audit   'unique-string': [ '2.0.0' ],
25 silly audit   universalify: [ '2.0.1' ],
25 silly audit   upath: [ '1.2.0' ],
25 silly audit   'update-browserslist-db': [ '1.1.3' ],
25 silly audit   'uri-js': [ '4.4.1' ],
25 silly audit   'use-sync-external-store': [ '1.6.0' ],
25 silly audit   'victory-vendor': [ '37.3.6' ],
25 silly audit   'webidl-conversions': [ '4.0.2' ],
25 silly audit   webpack: [ '5.102.1' ],
25 silly audit   'whatwg-url': [ '7.1.0' ],
25 silly audit   'which-boxed-primitive': [ '1.1.1' ],
25 silly audit   'which-builtin-type': [ '1.2.1' ],
25 silly audit   'which-collection': [ '1.0.2' ],
25 silly audit   'which-typed-array': [ '1.1.19' ],
25 silly audit   'workbox-window': [ '7.3.0', '6.6.0' ],
25 silly audit   wrappy: [ '1.0.2' ],
25 silly audit   yaml: [ '1.10.2' ],
25 silly audit   'lightweight-charts': [ '5.0.9' ],
25 silly audit   'fancy-canvas': [ '2.1.0' ]
25 silly audit }
26 http cache fancy-canvas@https://registry.npmjs.org/fancy-canvas/-/fancy-canvas-2.1.0.tgz 0ms (cache hit)
27 http cache lightweight-charts@https://registry.npmjs.org/lightweight-charts/-/lightweight-charts-5.0.9.tgz 0ms (cache hit)
28 silly tarball no local data for fancy-canvas@https://registry.npmjs.org/fancy-canvas/-/fancy-canvas-2.1.0.tgz. Extracting by manifest.
29 silly tarball no local data for lightweight-charts@https://registry.npmjs.org/lightweight-charts/-/lightweight-charts-5.0.9.tgz. Extracting by manifest.
30 http fetch GET 200 https://registry.npmjs.org/fancy-canvas/-/fancy-canvas-2.1.0.tgz 245ms (cache miss)
31 http fetch POST 200 https://registry.npmjs.org/-/npm/v1/security/advisories/bulk 263ms
32 silly audit report {
32 silly audit report   next: [
32 silly audit report     {
32 silly audit report       id: 1100421,
32 silly audit report       url: 'https://github.com/advisories/GHSA-g77x-44xx-532m',
32 silly audit report       title: 'Denial of Service condition in Next.js image optimization',
32 silly audit report       severity: 'moderate',
32 silly audit report       vulnerable_versions: '>=10.0.0 <14.2.7',
32 silly audit report       cwe: [Array],
32 silly audit report       cvss: [Object]
32 silly audit report     },
32 silly audit report     {
32 silly audit report       id: 1105461,
32 silly audit report       url: 'https://github.com/advisories/GHSA-3h52-269p-cp9r',
32 silly audit report       title: 'Information exposure in Next.js dev server due to lack of origin verification',
32 silly audit report       severity: 'low',
32 silly audit report       vulnerable_versions: '>=13.0 <14.2.30',
32 silly audit report       cwe: [Array],
32 silly audit report       cvss: [Object]
32 silly audit report     },
32 silly audit report     {
32 silly audit report       id: 1107226,
32 silly audit report       url: 'https://github.com/advisories/GHSA-g5qg-72qw-gw5v',
32 silly audit report       title: 'Next.js Affected by Cache Key Confusion for Image Optimization API Routes',
32 silly audit report       severity: 'moderate',
32 silly audit report       vulnerable_versions: '>=0.9.9 <14.2.31',
32 silly audit report       cwe: [Array],
32 silly audit report       cvss: [Object]
32 silly audit report     },
32 silly audit report     {
32 silly audit report       id: 1107420,
32 silly audit report       url: 'https://github.com/advisories/GHSA-7gfc-8cq8-jh5f',
32 silly audit report       title: 'Next.js authorization bypass vulnerability',
32 silly audit report       severity: 'high',
32 silly audit report       vulnerable_versions: '>=9.5.5 <14.2.15',
32 silly audit report       cwe: [Array],
32 silly audit report       cvss: [Object]
32 silly audit report     },
32 silly audit report     {
32 silly audit report       id: 1107512,
32 silly audit report       url: 'https://github.com/advisories/GHSA-4342-x723-ch2f',
32 silly audit report       title: 'Next.js Improper Middleware Redirect Handling Leads to SSRF',
32 silly audit report       severity: 'moderate',
32 silly audit report       vulnerable_versions: '>=0.9.9 <14.2.32',
32 silly audit report       cwe: [Array],
32 silly audit report       cvss: [Object]
32 silly audit report     },
32 silly audit report     {
32 silly audit report       id: 1107513,
32 silly audit report       url: 'https://github.com/advisories/GHSA-xv57-4mr9-wg8v',
32 silly audit report       title: 'Next.js Content Injection Vulnerability for Image Optimization',
32 silly audit report       severity: 'moderate',
32 silly audit report       vulnerable_versions: '>=0.9.9 <14.2.31',
32 silly audit report       cwe: [Array],
32 silly audit report       cvss: [Object]
32 silly audit report     },
32 silly audit report     {
32 silly audit report       id: 1108291,
32 silly audit report       url: 'https://github.com/advisories/GHSA-qpjv-v59x-3qc4',
32 silly audit report       title: 'Next.js Race Condition to Cache Poisoning',
32 silly audit report       severity: 'low',
32 silly audit report       vulnerable_versions: '>=0.9.9 <14.2.24',
32 silly audit report       cwe: [Array],
32 silly audit report       cvss: [Object]
32 silly audit report     },
32 silly audit report     {
32 silly audit report       id: 1097295,
32 silly audit report       url: 'https://github.com/advisories/GHSA-fr5h-rqp8-mj6g',
32 silly audit report       title: 'Next.js Server-Side Request Forgery in Server Actions',
32 silly audit report       severity: 'high',
32 silly audit report       vulnerable_versions: '>=13.4.0 <14.1.1',
32 silly audit report       cwe: [Array],
32 silly audit report       cvss: [Object]
32 silly audit report     }
32 silly audit report   ]
32 silly audit report }
33 silly packumentCache corgi:https://registry.npmjs.org/next cache-miss
34 http fetch GET 200 https://registry.npmjs.org/lightweight-charts/-/lightweight-charts-5.0.9.tgz 261ms (cache miss)
35 http cache https://registry.npmjs.org/next 75ms (cache hit)
36 silly packumentCache corgi:https://registry.npmjs.org/next set size:22152533 disposed:false
37 silly packumentCache corgi:https://registry.npmjs.org/@types%2fnext-pwa cache-miss
38 http cache https://registry.npmjs.org/@types%2fnext-pwa 32ms (cache hit)
39 silly packumentCache corgi:https://registry.npmjs.org/@types%2fnext-pwa set size:9406 disposed:false
40 silly ADD node_modules/fancy-canvas
41 silly ADD node_modules/lightweight-charts
42 verbose cwd /Users/admin/Desktop/my-app
43 verbose os Darwin 25.1.0
44 verbose node v22.16.0
45 verbose npm  v11.4.2
46 verbose exit 0
47 info ok
