0 verbose cli /usr/local/bin/node /usr/local/bin/npm
1 info using npm@11.4.2
2 info using node@v22.16.0
3 silly config load:file:/usr/local/lib/node_modules/npm/npmrc
4 silly config load:file:/Users/admin/Desktop/my-app/.npmrc
5 silly config load:file:/Users/admin/.npmrc
6 silly config load:file:/usr/local/etc/npmrc
7 verbose title npm i recharts date-fns
8 verbose argv "i" "recharts" "date-fns"
9 verbose logfile logs-max:10 dir:/Users/admin/Desktop/my-app/.npm-cache/_logs/2025-10-17T07_03_56_007Z-
10 verbose logfile /Users/admin/Desktop/my-app/.npm-cache/_logs/2025-10-17T07_03_56_007Z-debug-0.log
11 silly logfile done cleaning log files
12 silly packumentCache heap:4345298944 maxSize:1086324736 maxEntrySize:543162368
13 silly idealTree buildDeps
14 silly fetch manifest recharts@*
15 silly packumentCache full:https://registry.npmjs.org/recharts cache-miss
16 http fetch GET 200 https://registry.npmjs.org/recharts 260ms (cache miss)
17 silly packumentCache full:https://registry.npmjs.org/recharts set size:undefined disposed:false
18 silly fetch manifest react@19.1.0
19 silly packumentCache full:https://registry.npmjs.org/react cache-miss
20 http fetch GET 200 https://registry.npmjs.org/react 70ms (cache revalidated)
21 silly packumentCache full:https://registry.npmjs.org/react set size:6173255 disposed:false
22 silly fetch manifest react-dom@19.1.0
23 silly packumentCache full:https://registry.npmjs.org/react-dom cache-miss
24 http fetch GET 200 https://registry.npmjs.org/react-dom 61ms (cache revalidated)
25 silly packumentCache full:https://registry.npmjs.org/react-dom set size:8050491 disposed:false
26 silly fetch manifest react-is@^16.8.0 || ^17.0.0 || ^18.0.0 || ^19.0.0
27 silly packumentCache full:https://registry.npmjs.org/react-is cache-miss
28 http fetch GET 200 https://registry.npmjs.org/react-is 86ms (cache revalidated)
29 silly packumentCache full:https://registry.npmjs.org/react-is set size:5009059 disposed:false
30 silly fetch manifest date-fns@*
31 silly packumentCache full:https://registry.npmjs.org/date-fns cache-miss
32 http fetch GET 200 https://registry.npmjs.org/date-fns 282ms (cache miss)
33 silly packumentCache full:https://registry.npmjs.org/date-fns set size:undefined disposed:false
34 silly placeDep ROOT date-fns@4.1.0 OK for: my-app@0.1.0 want: *
35 silly placeDep ROOT recharts@3.3.0 OK for: my-app@0.1.0 want: *
36 silly fetch manifest @reduxjs/toolkit@1.x.x || 2.x.x
37 silly packumentCache full:https://registry.npmjs.org/@reduxjs%2ftoolkit cache-miss
38 silly fetch manifest decimal.js-light@^2.5.1
39 silly packumentCache full:https://registry.npmjs.org/decimal.js-light cache-miss
40 silly fetch manifest es-toolkit@^1.39.3
41 silly packumentCache full:https://registry.npmjs.org/es-toolkit cache-miss
42 silly fetch manifest eventemitter3@^5.0.1
43 silly packumentCache full:https://registry.npmjs.org/eventemitter3 cache-miss
44 silly fetch manifest immer@^10.1.1
45 silly packumentCache full:https://registry.npmjs.org/immer cache-miss
46 silly fetch manifest react-redux@8.x.x || 9.x.x
47 silly packumentCache full:https://registry.npmjs.org/react-redux cache-miss
48 silly fetch manifest reselect@5.1.1
49 silly packumentCache full:https://registry.npmjs.org/reselect cache-miss
50 silly fetch manifest tiny-invariant@^1.3.3
51 silly packumentCache full:https://registry.npmjs.org/tiny-invariant cache-miss
52 silly fetch manifest use-sync-external-store@^1.2.2
53 silly packumentCache full:https://registry.npmjs.org/use-sync-external-store cache-miss
54 http fetch GET 200 https://registry.npmjs.org/@reduxjs%2ftoolkit 89ms (cache miss)
55 silly packumentCache full:https://registry.npmjs.org/@reduxjs%2ftoolkit set size:undefined disposed:false
56 silly fetch manifest victory-vendor@^37.0.2
57 silly packumentCache full:https://registry.npmjs.org/victory-vendor cache-miss
58 http fetch GET 200 https://registry.npmjs.org/eventemitter3 134ms (cache miss)
59 silly packumentCache full:https://registry.npmjs.org/eventemitter3 set size:undefined disposed:false
60 http fetch GET 200 https://registry.npmjs.org/victory-vendor 59ms (cache miss)
61 silly packumentCache full:https://registry.npmjs.org/victory-vendor set size:undefined disposed:false
62 http fetch GET 200 https://registry.npmjs.org/decimal.js-light 165ms (cache miss)
63 silly packumentCache full:https://registry.npmjs.org/decimal.js-light set size:undefined disposed:false
64 http fetch GET 200 https://registry.npmjs.org/tiny-invariant 196ms (cache miss)
65 silly packumentCache full:https://registry.npmjs.org/tiny-invariant set size:undefined disposed:false
66 http fetch GET 200 https://registry.npmjs.org/react-redux 207ms (cache miss)
67 silly packumentCache full:https://registry.npmjs.org/react-redux set size:undefined disposed:false
68 http fetch GET 200 https://registry.npmjs.org/reselect 217ms (cache miss)
69 silly packumentCache full:https://registry.npmjs.org/reselect set size:undefined disposed:false
70 http fetch GET 200 https://registry.npmjs.org/es-toolkit 278ms (cache miss)
71 silly packumentCache full:https://registry.npmjs.org/es-toolkit set size:undefined disposed:false
72 http fetch GET 200 https://registry.npmjs.org/immer 311ms (cache miss)
73 silly packumentCache full:https://registry.npmjs.org/immer set size:undefined disposed:false
74 http fetch GET 200 https://registry.npmjs.org/use-sync-external-store 404ms (cache miss)
75 silly packumentCache full:https://registry.npmjs.org/use-sync-external-store set size:undefined disposed:false
76 silly fetch manifest react@^16.8.0 || ^17.0.0 || ^18.0.0 || ^19.0.0
77 silly packumentCache full:https://registry.npmjs.org/react cache-miss
78 http cache https://registry.npmjs.org/react 6ms (cache hit)
79 silly packumentCache full:https://registry.npmjs.org/react set size:6173255 disposed:false
80 silly fetch manifest @types/react@^18.2.25 || ^19
81 silly packumentCache full:https://registry.npmjs.org/@types%2freact cache-miss
82 http fetch GET 200 https://registry.npmjs.org/@types%2freact 76ms (cache revalidated)
83 silly packumentCache full:https://registry.npmjs.org/@types%2freact set size:2504314 disposed:false
84 silly fetch manifest redux@^5.0.0
85 silly packumentCache full:https://registry.npmjs.org/redux cache-miss
86 http fetch GET 200 https://registry.npmjs.org/redux 77ms (cache miss)
87 silly packumentCache full:https://registry.npmjs.org/redux set size:undefined disposed:false
88 silly placeDep ROOT @reduxjs/toolkit@2.9.1 OK for: recharts@3.3.0 want: 1.x.x || 2.x.x
89 silly placeDep ROOT decimal.js-light@2.5.1 OK for: recharts@3.3.0 want: ^2.5.1
90 silly placeDep ROOT es-toolkit@1.40.0 OK for: recharts@3.3.0 want: ^1.39.3
91 silly placeDep ROOT eventemitter3@5.0.1 OK for: recharts@3.3.0 want: ^5.0.1
92 silly placeDep ROOT immer@10.1.3 OK for: recharts@3.3.0 want: ^10.1.1
93 silly placeDep ROOT react-redux@9.2.0 OK for: recharts@3.3.0 want: 8.x.x || 9.x.x
94 silly placeDep ROOT reselect@5.1.1 OK for: recharts@3.3.0 want: 5.1.1
95 silly placeDep ROOT tiny-invariant@1.3.3 OK for: recharts@3.3.0 want: ^1.3.3
96 silly placeDep ROOT use-sync-external-store@1.6.0 OK for: recharts@3.3.0 want: ^1.2.2
97 silly placeDep ROOT victory-vendor@37.3.6 OK for: recharts@3.3.0 want: ^37.0.2
98 silly fetch manifest @standard-schema/spec@^1.0.0
99 silly packumentCache full:https://registry.npmjs.org/@standard-schema%2fspec cache-miss
100 silly fetch manifest @standard-schema/utils@^0.3.0
101 silly packumentCache full:https://registry.npmjs.org/@standard-schema%2futils cache-miss
102 silly fetch manifest immer@^10.0.3
103 silly packumentCache full:https://registry.npmjs.org/immer cache-miss
104 silly fetch manifest redux@^5.0.1
105 silly packumentCache full:https://registry.npmjs.org/redux cache-miss
106 silly fetch manifest redux-thunk@^3.1.0
107 silly packumentCache full:https://registry.npmjs.org/redux-thunk cache-miss
108 silly fetch manifest reselect@^5.1.0
109 silly packumentCache full:https://registry.npmjs.org/reselect cache-miss
110 silly fetch manifest @types/use-sync-external-store@^0.0.6
111 silly packumentCache full:https://registry.npmjs.org/@types%2fuse-sync-external-store cache-miss
112 silly fetch manifest use-sync-external-store@^1.4.0
113 silly packumentCache full:https://registry.npmjs.org/use-sync-external-store cache-miss
114 silly fetch manifest @types/d3-array@^3.0.3
115 silly packumentCache full:https://registry.npmjs.org/@types%2fd3-array cache-miss
116 http cache https://registry.npmjs.org/redux 4ms (cache hit)
117 silly packumentCache full:https://registry.npmjs.org/redux set size:553833 disposed:false
118 silly fetch manifest @types/d3-ease@^3.0.0
119 silly packumentCache full:https://registry.npmjs.org/@types%2fd3-ease cache-miss
120 http cache https://registry.npmjs.org/reselect 6ms (cache hit)
121 silly packumentCache full:https://registry.npmjs.org/reselect set size:910470 disposed:false
122 silly fetch manifest @types/d3-interpolate@^3.0.1
123 silly packumentCache full:https://registry.npmjs.org/@types%2fd3-interpolate cache-miss
124 http cache https://registry.npmjs.org/immer 11ms (cache hit)
125 silly packumentCache full:https://registry.npmjs.org/immer set size:722859 disposed:false
126 silly fetch manifest @types/d3-scale@^4.0.2
127 silly packumentCache full:https://registry.npmjs.org/@types%2fd3-scale cache-miss
128 http cache https://registry.npmjs.org/use-sync-external-store 16ms (cache hit)
129 silly packumentCache full:https://registry.npmjs.org/use-sync-external-store set size:4173647 disposed:false
130 silly fetch manifest @types/d3-shape@^3.1.0
131 silly packumentCache full:https://registry.npmjs.org/@types%2fd3-shape cache-miss
132 http fetch GET 200 https://registry.npmjs.org/redux-thunk 55ms (cache miss)
133 silly packumentCache full:https://registry.npmjs.org/redux-thunk set size:undefined disposed:false
134 silly fetch manifest @types/d3-time@^3.0.0
135 silly packumentCache full:https://registry.npmjs.org/@types%2fd3-time cache-miss
136 http fetch GET 200 https://registry.npmjs.org/@standard-schema%2futils 68ms (cache miss)
137 silly packumentCache full:https://registry.npmjs.org/@standard-schema%2futils set size:undefined disposed:false
138 silly fetch manifest @types/d3-timer@^3.0.0
139 silly packumentCache full:https://registry.npmjs.org/@types%2fd3-timer cache-miss
140 http fetch GET 200 https://registry.npmjs.org/@standard-schema%2fspec 89ms (cache miss)
141 silly packumentCache full:https://registry.npmjs.org/@standard-schema%2fspec set size:undefined disposed:false
142 silly fetch manifest d3-array@^3.1.6
143 silly packumentCache full:https://registry.npmjs.org/d3-array cache-miss
144 http fetch GET 200 https://registry.npmjs.org/@types%2fuse-sync-external-store 91ms (cache miss)
145 silly packumentCache full:https://registry.npmjs.org/@types%2fuse-sync-external-store set size:undefined disposed:false
146 silly fetch manifest d3-ease@^3.0.1
147 silly packumentCache full:https://registry.npmjs.org/d3-ease cache-miss
148 http fetch GET 200 https://registry.npmjs.org/@types%2fd3-shape 73ms (cache miss)
149 silly packumentCache full:https://registry.npmjs.org/@types%2fd3-shape set size:undefined disposed:false
150 silly fetch manifest d3-interpolate@^3.0.1
151 silly packumentCache full:https://registry.npmjs.org/d3-interpolate cache-miss
152 http fetch GET 200 https://registry.npmjs.org/@types%2fd3-interpolate 106ms (cache miss)
153 silly packumentCache full:https://registry.npmjs.org/@types%2fd3-interpolate set size:undefined disposed:false
154 silly fetch manifest d3-scale@^4.0.2
155 silly packumentCache full:https://registry.npmjs.org/d3-scale cache-miss
156 http fetch GET 200 https://registry.npmjs.org/@types%2fd3-time 67ms (cache miss)
157 silly packumentCache full:https://registry.npmjs.org/@types%2fd3-time set size:undefined disposed:false
158 silly fetch manifest d3-shape@^3.1.0
159 silly packumentCache full:https://registry.npmjs.org/d3-shape cache-miss
160 http fetch GET 200 https://registry.npmjs.org/@types%2fd3-array 137ms (cache miss)
161 silly packumentCache full:https://registry.npmjs.org/@types%2fd3-array set size:undefined disposed:false
162 silly fetch manifest d3-time@^3.0.0
163 silly packumentCache full:https://registry.npmjs.org/d3-time cache-miss
164 http fetch GET 200 https://registry.npmjs.org/d3-ease 60ms (cache miss)
165 silly packumentCache full:https://registry.npmjs.org/d3-ease set size:undefined disposed:false
166 silly fetch manifest d3-timer@^3.0.1
167 silly packumentCache full:https://registry.npmjs.org/d3-timer cache-miss
168 http fetch GET 200 https://registry.npmjs.org/d3-array 63ms (cache miss)
169 silly packumentCache full:https://registry.npmjs.org/d3-array set size:undefined disposed:false
170 http fetch GET 200 https://registry.npmjs.org/d3-interpolate 72ms (cache miss)
171 silly packumentCache full:https://registry.npmjs.org/d3-interpolate set size:undefined disposed:false
172 http fetch GET 200 https://registry.npmjs.org/d3-scale 65ms (cache miss)
173 silly packumentCache full:https://registry.npmjs.org/d3-scale set size:undefined disposed:false
174 http fetch GET 200 https://registry.npmjs.org/d3-shape 73ms (cache miss)
175 silly packumentCache full:https://registry.npmjs.org/d3-shape set size:undefined disposed:false
176 http fetch GET 200 https://registry.npmjs.org/d3-time 61ms (cache miss)
177 silly packumentCache full:https://registry.npmjs.org/d3-time set size:undefined disposed:false
178 http fetch GET 200 https://registry.npmjs.org/d3-timer 51ms (cache miss)
179 silly packumentCache full:https://registry.npmjs.org/d3-timer set size:undefined disposed:false
180 http fetch GET 200 https://registry.npmjs.org/@types%2fd3-timer 167ms (cache miss)
181 silly packumentCache full:https://registry.npmjs.org/@types%2fd3-timer set size:undefined disposed:false
182 http fetch GET 200 https://registry.npmjs.org/@types%2fd3-ease 807ms (cache miss)
183 silly packumentCache full:https://registry.npmjs.org/@types%2fd3-ease set size:undefined disposed:false
184 http fetch GET 200 https://registry.npmjs.org/@types%2fd3-scale 1436ms (cache miss)
185 silly packumentCache full:https://registry.npmjs.org/@types%2fd3-scale set size:undefined disposed:false
186 silly placeDep ROOT @standard-schema/spec@1.0.0 OK for: @reduxjs/toolkit@2.9.1 want: ^1.0.0
187 silly placeDep ROOT @standard-schema/utils@0.3.0 OK for: @reduxjs/toolkit@2.9.1 want: ^0.3.0
188 silly placeDep ROOT redux@5.0.1 OK for: @reduxjs/toolkit@2.9.1 want: ^5.0.1
189 silly placeDep ROOT redux-thunk@3.1.0 OK for: @reduxjs/toolkit@2.9.1 want: ^3.1.0
190 silly placeDep ROOT @types/use-sync-external-store@0.0.6 OK for: react-redux@9.2.0 want: ^0.0.6
191 silly placeDep ROOT @types/d3-array@3.2.2 OK for: victory-vendor@37.3.6 want: ^3.0.3
192 silly placeDep ROOT @types/d3-ease@3.0.2 OK for: victory-vendor@37.3.6 want: ^3.0.0
193 silly placeDep ROOT @types/d3-interpolate@3.0.4 OK for: victory-vendor@37.3.6 want: ^3.0.1
194 silly placeDep ROOT @types/d3-scale@4.0.9 OK for: victory-vendor@37.3.6 want: ^4.0.2
195 silly placeDep ROOT @types/d3-shape@3.1.7 OK for: victory-vendor@37.3.6 want: ^3.1.0
196 silly placeDep ROOT @types/d3-time@3.0.4 OK for: victory-vendor@37.3.6 want: ^3.0.0
197 silly placeDep ROOT @types/d3-timer@3.0.2 OK for: victory-vendor@37.3.6 want: ^3.0.0
198 silly placeDep ROOT d3-array@3.2.4 OK for: victory-vendor@37.3.6 want: ^3.1.6
199 silly placeDep ROOT d3-ease@3.0.1 OK for: victory-vendor@37.3.6 want: ^3.0.1
200 silly placeDep ROOT d3-interpolate@3.0.1 OK for: victory-vendor@37.3.6 want: ^3.0.1
201 silly placeDep ROOT d3-scale@4.0.2 OK for: victory-vendor@37.3.6 want: ^4.0.2
202 silly placeDep ROOT d3-shape@3.2.0 OK for: victory-vendor@37.3.6 want: ^3.1.0
203 silly placeDep ROOT d3-time@3.1.0 OK for: victory-vendor@37.3.6 want: ^3.0.0
204 silly placeDep ROOT d3-timer@3.0.1 OK for: victory-vendor@37.3.6 want: ^3.0.1
205 silly fetch manifest @types/d3-color@*
206 silly packumentCache full:https://registry.npmjs.org/@types%2fd3-color cache-miss
207 silly fetch manifest @types/d3-time@*
208 silly packumentCache full:https://registry.npmjs.org/@types%2fd3-time cache-miss
209 silly fetch manifest @types/d3-path@*
210 silly packumentCache full:https://registry.npmjs.org/@types%2fd3-path cache-miss
211 silly fetch manifest internmap@1 - 2
212 silly packumentCache full:https://registry.npmjs.org/internmap cache-miss
213 silly fetch manifest d3-color@1 - 3
214 silly packumentCache full:https://registry.npmjs.org/d3-color cache-miss
215 silly fetch manifest d3-format@1 - 3
216 silly packumentCache full:https://registry.npmjs.org/d3-format cache-miss
217 silly fetch manifest d3-time@2.1.1 - 3
218 silly packumentCache full:https://registry.npmjs.org/d3-time cache-miss
219 silly fetch manifest d3-time-format@2 - 4
220 silly packumentCache full:https://registry.npmjs.org/d3-time-format cache-miss
221 silly fetch manifest d3-path@^3.1.0
222 silly packumentCache full:https://registry.npmjs.org/d3-path cache-miss
223 http cache https://registry.npmjs.org/@types%2fd3-time 5ms (cache hit)
224 silly packumentCache full:https://registry.npmjs.org/@types%2fd3-time set size:52652 disposed:false
225 http cache https://registry.npmjs.org/d3-time 6ms (cache hit)
226 silly packumentCache full:https://registry.npmjs.org/d3-time set size:150406 disposed:false
227 http fetch GET 200 https://registry.npmjs.org/internmap 53ms (cache miss)
228 silly packumentCache full:https://registry.npmjs.org/internmap set size:undefined disposed:false
229 http fetch GET 200 https://registry.npmjs.org/d3-format 58ms (cache miss)
230 silly packumentCache full:https://registry.npmjs.org/d3-format set size:undefined disposed:false
231 http fetch GET 200 https://registry.npmjs.org/d3-color 59ms (cache miss)
232 silly packumentCache full:https://registry.npmjs.org/d3-color set size:undefined disposed:false
233 http fetch GET 200 https://registry.npmjs.org/d3-path 65ms (cache miss)
234 silly packumentCache full:https://registry.npmjs.org/d3-path set size:undefined disposed:false
235 http fetch GET 200 https://registry.npmjs.org/@types%2fd3-path 67ms (cache miss)
236 silly packumentCache full:https://registry.npmjs.org/@types%2fd3-path set size:undefined disposed:false
237 http fetch GET 200 https://registry.npmjs.org/@types%2fd3-color 77ms (cache miss)
238 silly packumentCache full:https://registry.npmjs.org/@types%2fd3-color set size:undefined disposed:false
239 http fetch GET 200 https://registry.npmjs.org/d3-time-format 100ms (cache miss)
240 silly packumentCache full:https://registry.npmjs.org/d3-time-format set size:undefined disposed:false
241 silly placeDep ROOT @types/d3-color@3.1.3 OK for: @types/d3-interpolate@3.0.4 want: *
242 silly placeDep ROOT @types/d3-path@3.1.1 OK for: @types/d3-shape@3.1.7 want: *
243 silly placeDep ROOT internmap@2.0.3 OK for: d3-array@3.2.4 want: 1 - 2
244 silly placeDep ROOT d3-color@3.1.0 OK for: d3-interpolate@3.0.1 want: 1 - 3
245 silly placeDep ROOT d3-format@3.1.0 OK for: d3-scale@4.0.2 want: 1 - 3
246 silly placeDep ROOT d3-time-format@4.1.0 OK for: d3-scale@4.0.2 want: 2 - 4
247 silly placeDep ROOT d3-path@3.1.0 OK for: d3-shape@3.2.0 want: ^3.1.0
248 silly reify moves {}
249 silly audit bulk request {
249 silly audit   '@alloc/quick-lru': [ '5.2.0' ],
249 silly audit   '@babel/code-frame': [ '7.27.1' ],
249 silly audit   '@babel/generator': [ '7.28.3' ],
249 silly audit   '@babel/helper-globals': [ '7.28.0' ],
249 silly audit   '@babel/helper-module-imports': [ '7.27.1' ],
249 silly audit   '@babel/helper-string-parser': [ '7.27.1' ],
249 silly audit   '@babel/helper-validator-identifier': [ '7.27.1' ],
249 silly audit   '@babel/parser': [ '7.28.4' ],
249 silly audit   '@babel/runtime': [ '7.28.4' ],
249 silly audit   '@babel/template': [ '7.27.2' ],
249 silly audit   '@babel/traverse': [ '7.28.4' ],
249 silly audit   '@babel/types': [ '7.28.4' ],
249 silly audit   '@emnapi/runtime': [ '1.5.0' ],
249 silly audit   '@emotion/babel-plugin': [ '11.13.5' ],
249 silly audit   '@emotion/cache': [ '11.14.0' ],
249 silly audit   '@emotion/hash': [ '0.9.2' ],
249 silly audit   '@emotion/is-prop-valid': [ '1.4.0' ],
249 silly audit   '@emotion/memoize': [ '0.9.0' ],
249 silly audit   '@emotion/react': [ '11.14.0' ],
249 silly audit   '@emotion/serialize': [ '1.3.3' ],
249 silly audit   '@emotion/sheet': [ '1.4.0' ],
249 silly audit   '@emotion/styled': [ '11.14.1' ],
249 silly audit   '@emotion/unitless': [ '0.10.0' ],
249 silly audit   '@emotion/use-insertion-effect-with-fallbacks': [ '1.2.0' ],
249 silly audit   '@emotion/utils': [ '1.4.2' ],
249 silly audit   '@emotion/weak-memoize': [ '0.4.0' ],
249 silly audit   '@fontsource/roboto': [ '5.2.8' ],
249 silly audit   '@img/colour': [ '1.0.0' ],
249 silly audit   '@img/sharp-darwin-arm64': [ '0.34.4' ],
249 silly audit   '@img/sharp-darwin-x64': [ '0.34.4' ],
249 silly audit   '@img/sharp-libvips-darwin-arm64': [ '1.2.3' ],
249 silly audit   '@img/sharp-libvips-darwin-x64': [ '1.2.3' ],
249 silly audit   '@img/sharp-libvips-linux-arm': [ '1.2.3' ],
249 silly audit   '@img/sharp-libvips-linux-arm64': [ '1.2.3' ],
249 silly audit   '@img/sharp-libvips-linux-ppc64': [ '1.2.3' ],
249 silly audit   '@img/sharp-libvips-linux-s390x': [ '1.2.3' ],
249 silly audit   '@img/sharp-libvips-linux-x64': [ '1.2.3' ],
249 silly audit   '@img/sharp-libvips-linuxmusl-arm64': [ '1.2.3' ],
249 silly audit   '@img/sharp-libvips-linuxmusl-x64': [ '1.2.3' ],
249 silly audit   '@img/sharp-linux-arm': [ '0.34.4' ],
249 silly audit   '@img/sharp-linux-arm64': [ '0.34.4' ],
249 silly audit   '@img/sharp-linux-ppc64': [ '0.34.4' ],
249 silly audit   '@img/sharp-linux-s390x': [ '0.34.4' ],
249 silly audit   '@img/sharp-linux-x64': [ '0.34.4' ],
249 silly audit   '@img/sharp-linuxmusl-arm64': [ '0.34.4' ],
249 silly audit   '@img/sharp-linuxmusl-x64': [ '0.34.4' ],
249 silly audit   '@img/sharp-wasm32': [ '0.34.4' ],
249 silly audit   '@img/sharp-win32-arm64': [ '0.34.4' ],
249 silly audit   '@img/sharp-win32-ia32': [ '0.34.4' ],
249 silly audit   '@img/sharp-win32-x64': [ '0.34.4' ],
249 silly audit   '@isaacs/fs-minipass': [ '4.0.1' ],
249 silly audit   '@jridgewell/gen-mapping': [ '0.3.13' ],
249 silly audit   '@jridgewell/remapping': [ '2.3.5' ],
249 silly audit   '@jridgewell/resolve-uri': [ '3.1.2' ],
249 silly audit   '@jridgewell/sourcemap-codec': [ '1.5.5' ],
249 silly audit   '@jridgewell/trace-mapping': [ '0.3.31' ],
249 silly audit   '@mui/core-downloads-tracker': [ '7.3.4' ],
249 silly audit   '@mui/icons-material': [ '7.3.4' ],
249 silly audit   '@mui/lab': [ '7.0.1-beta.18' ],
249 silly audit   '@mui/material': [ '7.3.4' ],
249 silly audit   '@mui/material-nextjs': [ '7.3.3' ],
249 silly audit   '@mui/private-theming': [ '7.3.3' ],
249 silly audit   '@mui/styled-engine': [ '7.3.3' ],
249 silly audit   '@mui/system': [ '7.3.3' ],
249 silly audit   '@mui/types': [ '7.4.7' ],
249 silly audit   '@mui/utils': [ '7.3.3' ],
249 silly audit   '@next/env': [ '15.5.6' ],
249 silly audit   '@next/swc-darwin-arm64': [ '15.5.6' ],
249 silly audit   '@next/swc-darwin-x64': [ '15.5.6' ],
249 silly audit   '@next/swc-linux-arm64-gnu': [ '15.5.6' ],
249 silly audit   '@next/swc-linux-arm64-musl': [ '15.5.6' ],
249 silly audit   '@next/swc-linux-x64-gnu': [ '15.5.6' ],
249 silly audit   '@next/swc-linux-x64-musl': [ '15.5.6' ],
249 silly audit   '@next/swc-win32-arm64-msvc': [ '15.5.6' ],
249 silly audit   '@next/swc-win32-x64-msvc': [ '15.5.6' ],
249 silly audit   '@popperjs/core': [ '2.11.8' ],
249 silly audit   '@swc/helpers': [ '0.5.15' ],
249 silly audit   '@tailwindcss/node': [ '4.1.14' ],
249 silly audit   '@tailwindcss/oxide': [ '4.1.14' ],
249 silly audit   '@tailwindcss/oxide-android-arm64': [ '4.1.14' ],
249 silly audit   '@tailwindcss/oxide-darwin-arm64': [ '4.1.14' ],
249 silly audit   '@tailwindcss/oxide-darwin-x64': [ '4.1.14' ],
249 silly audit   '@tailwindcss/oxide-freebsd-x64': [ '4.1.14' ],
249 silly audit   '@tailwindcss/oxide-linux-arm-gnueabihf': [ '4.1.14' ],
249 silly audit   '@tailwindcss/oxide-linux-arm64-gnu': [ '4.1.14' ],
249 silly audit   '@tailwindcss/oxide-linux-arm64-musl': [ '4.1.14' ],
249 silly audit   '@tailwindcss/oxide-linux-x64-gnu': [ '4.1.14' ],
249 silly audit   '@tailwindcss/oxide-linux-x64-musl': [ '4.1.14' ],
249 silly audit   '@tailwindcss/oxide-wasm32-wasi': [ '4.1.14' ],
249 silly audit   '@tailwindcss/oxide-win32-arm64-msvc': [ '4.1.14' ],
249 silly audit   '@tailwindcss/oxide-win32-x64-msvc': [ '4.1.14' ],
249 silly audit   '@tailwindcss/postcss': [ '4.1.14' ],
249 silly audit   '@types/node': [ '20.19.22' ],
249 silly audit   '@types/parse-json': [ '4.0.2' ],
249 silly audit   '@types/prop-types': [ '15.7.15' ],
249 silly audit   '@types/react': [ '19.2.2' ],
249 silly audit   '@types/react-dom': [ '19.2.2' ],
249 silly audit   '@types/react-transition-group': [ '4.4.12' ],
249 silly audit   'babel-plugin-macros': [ '3.1.0' ],
249 silly audit   callsites: [ '3.1.0' ],
249 silly audit   'caniuse-lite': [ '1.0.30001751' ],
249 silly audit   chownr: [ '3.0.0' ],
249 silly audit   'client-only': [ '0.0.1' ],
249 silly audit   clsx: [ '2.1.1' ],
249 silly audit   'convert-source-map': [ '1.9.0' ],
249 silly audit   cosmiconfig: [ '7.1.0' ],
249 silly audit   csstype: [ '3.1.3' ],
249 silly audit   debug: [ '4.4.3' ],
249 silly audit   'detect-libc': [ '2.1.2' ],
249 silly audit   'dom-helpers': [ '5.2.1' ],
249 silly audit   'enhanced-resolve': [ '5.18.3' ],
249 silly audit   'error-ex': [ '1.3.4' ],
249 silly audit   'escape-string-regexp': [ '4.0.0' ],
249 silly audit   'find-root': [ '1.1.0' ],
249 silly audit   'function-bind': [ '1.1.2' ],
249 silly audit   'graceful-fs': [ '4.2.11' ],
249 silly audit   hasown: [ '2.0.2' ],
249 silly audit   'hoist-non-react-statics': [ '3.3.2' ],
249 silly audit   'react-is': [ '16.13.1', '19.2.0' ],
249 silly audit   'import-fresh': [ '3.3.1' ],
249 silly audit   'is-arrayish': [ '0.2.1' ],
249 silly audit   'is-core-module': [ '2.16.1' ],
249 silly audit   jiti: [ '2.6.1' ],
249 silly audit   'js-tokens': [ '4.0.0' ],
249 silly audit   jsesc: [ '3.1.0' ],
249 silly audit   'json-parse-even-better-errors': [ '2.3.1' ],
249 silly audit   lightningcss: [ '1.30.1' ],
249 silly audit   'lightningcss-darwin-arm64': [ '1.30.1' ],
249 silly audit   'lightningcss-darwin-x64': [ '1.30.1' ],
249 silly audit   'lightningcss-freebsd-x64': [ '1.30.1' ],
249 silly audit   'lightningcss-linux-arm-gnueabihf': [ '1.30.1' ],
249 silly audit   'lightningcss-linux-arm64-gnu': [ '1.30.1' ],
249 silly audit   'lightningcss-linux-arm64-musl': [ '1.30.1' ],
249 silly audit   'lightningcss-linux-x64-gnu': [ '1.30.1' ],
249 silly audit   'lightningcss-linux-x64-musl': [ '1.30.1' ],
249 silly audit   'lightningcss-win32-arm64-msvc': [ '1.30.1' ],
249 silly audit   'lightningcss-win32-x64-msvc': [ '1.30.1' ],
249 silly audit   'lines-and-columns': [ '1.2.4' ],
249 silly audit   'loose-envify': [ '1.4.0' ],
249 silly audit   'magic-string': [ '0.30.19' ],
249 silly audit   minipass: [ '7.1.2' ],
249 silly audit   minizlib: [ '3.1.0' ],
249 silly audit   ms: [ '2.1.3' ],
249 silly audit   nanoid: [ '3.3.11' ],
249 silly audit   next: [ '15.5.6' ],
249 silly audit   postcss: [ '8.4.31', '8.5.6' ],
249 silly audit   'object-assign': [ '4.1.1' ],
249 silly audit   'parent-module': [ '1.0.1' ],
249 silly audit   'parse-json': [ '5.2.0' ],
249 silly audit   'path-parse': [ '1.0.7' ],
249 silly audit   'path-type': [ '4.0.0' ],
249 silly audit   picocolors: [ '1.1.1' ],
249 silly audit   'prop-types': [ '15.8.1' ],
249 silly audit   react: [ '19.1.0' ],
249 silly audit   'react-dom': [ '19.1.0' ],
249 silly audit   'react-transition-group': [ '4.4.5' ],
249 silly audit   resolve: [ '1.22.10' ],
249 silly audit   'resolve-from': [ '4.0.0' ],
249 silly audit   scheduler: [ '0.26.0' ],
249 silly audit   semver: [ '7.7.3' ],
249 silly audit   sharp: [ '0.34.4' ],
249 silly audit   'source-map': [ '0.5.7' ],
249 silly audit   'source-map-js': [ '1.2.1' ],
249 silly audit   'styled-jsx': [ '5.1.6' ],
249 silly audit   stylis: [ '4.2.0' ],
249 silly audit   'supports-preserve-symlinks-flag': [ '1.0.0' ],
249 silly audit   tailwindcss: [ '4.1.14' ],
249 silly audit   tapable: [ '2.3.0' ],
249 silly audit   tar: [ '7.5.1' ],
249 silly audit   tslib: [ '2.8.1' ],
249 silly audit   typescript: [ '5.9.3' ],
249 silly audit   'undici-types': [ '6.21.0' ],
249 silly audit   yallist: [ '5.0.0' ],
249 silly audit   yaml: [ '1.10.2' ],
249 silly audit   'date-fns': [ '4.1.0' ],
249 silly audit   recharts: [ '3.3.0' ],
249 silly audit   '@reduxjs/toolkit': [ '2.9.1' ],
249 silly audit   'decimal.js-light': [ '2.5.1' ],
249 silly audit   'es-toolkit': [ '1.40.0' ],
249 silly audit   eventemitter3: [ '5.0.1' ],
249 silly audit   immer: [ '10.1.3' ],
249 silly audit   'react-redux': [ '9.2.0' ],
249 silly audit   reselect: [ '5.1.1' ],
249 silly audit   'tiny-invariant': [ '1.3.3' ],
249 silly audit   'use-sync-external-store': [ '1.6.0' ],
249 silly audit   'victory-vendor': [ '37.3.6' ],
249 silly audit   '@standard-schema/spec': [ '1.0.0' ],
249 silly audit   '@standard-schema/utils': [ '0.3.0' ],
249 silly audit   redux: [ '5.0.1' ],
249 silly audit   'redux-thunk': [ '3.1.0' ],
249 silly audit   '@types/use-sync-external-store': [ '0.0.6' ],
249 silly audit   '@types/d3-array': [ '3.2.2' ],
249 silly audit   '@types/d3-ease': [ '3.0.2' ],
249 silly audit   '@types/d3-interpolate': [ '3.0.4' ],
249 silly audit   '@types/d3-scale': [ '4.0.9' ],
249 silly audit   '@types/d3-shape': [ '3.1.7' ],
249 silly audit   '@types/d3-time': [ '3.0.4' ],
249 silly audit   '@types/d3-timer': [ '3.0.2' ],
249 silly audit   'd3-array': [ '3.2.4' ],
249 silly audit   'd3-ease': [ '3.0.1' ],
249 silly audit   'd3-interpolate': [ '3.0.1' ],
249 silly audit   'd3-scale': [ '4.0.2' ],
249 silly audit   'd3-shape': [ '3.2.0' ],
249 silly audit   'd3-time': [ '3.1.0' ],
249 silly audit   'd3-timer': [ '3.0.1' ],
249 silly audit   '@types/d3-color': [ '3.1.3' ],
249 silly audit   '@types/d3-path': [ '3.1.1' ],
249 silly audit   internmap: [ '2.0.3' ],
249 silly audit   'd3-color': [ '3.1.0' ],
249 silly audit   'd3-format': [ '3.1.0' ],
249 silly audit   'd3-time-format': [ '4.1.0' ],
249 silly audit   'd3-path': [ '3.1.0' ]
249 silly audit }
250 http cache d3-path@https://registry.npmjs.org/d3-path/-/d3-path-3.1.0.tgz 0ms (cache hit)
251 http cache d3-format@https://registry.npmjs.org/d3-format/-/d3-format-3.1.0.tgz 0ms (cache hit)
252 http cache d3-color@https://registry.npmjs.org/d3-color/-/d3-color-3.1.0.tgz 0ms (cache hit)
253 http cache d3-time-format@https://registry.npmjs.org/d3-time-format/-/d3-time-format-4.1.0.tgz 0ms (cache hit)
254 http cache internmap@https://registry.npmjs.org/internmap/-/internmap-2.0.3.tgz 0ms (cache hit)
255 http cache d3-timer@https://registry.npmjs.org/d3-timer/-/d3-timer-3.0.1.tgz 0ms (cache hit)
256 http cache @types/d3-color@https://registry.npmjs.org/@types/d3-color/-/d3-color-3.1.3.tgz 0ms (cache hit)
257 http cache d3-time@https://registry.npmjs.org/d3-time/-/d3-time-3.1.0.tgz 0ms (cache hit)
258 http cache d3-shape@https://registry.npmjs.org/d3-shape/-/d3-shape-3.2.0.tgz 0ms (cache hit)
259 http cache d3-interpolate@https://registry.npmjs.org/d3-interpolate/-/d3-interpolate-3.0.1.tgz 0ms (cache hit)
260 http cache @types/d3-path@https://registry.npmjs.org/@types/d3-path/-/d3-path-3.1.1.tgz 0ms (cache hit)
261 http cache d3-scale@https://registry.npmjs.org/d3-scale/-/d3-scale-4.0.2.tgz 0ms (cache hit)
262 http cache d3-ease@https://registry.npmjs.org/d3-ease/-/d3-ease-3.0.1.tgz 0ms (cache hit)
263 http cache @types/d3-timer@https://registry.npmjs.org/@types/d3-timer/-/d3-timer-3.0.2.tgz 0ms (cache hit)
264 http cache d3-array@https://registry.npmjs.org/d3-array/-/d3-array-3.2.4.tgz 0ms (cache hit)
265 http cache @types/d3-scale@https://registry.npmjs.org/@types/d3-scale/-/d3-scale-4.0.9.tgz 0ms (cache hit)
266 http cache @types/d3-interpolate@https://registry.npmjs.org/@types/d3-interpolate/-/d3-interpolate-3.0.4.tgz 0ms (cache hit)
267 http cache @types/d3-time@https://registry.npmjs.org/@types/d3-time/-/d3-time-3.0.4.tgz 0ms (cache hit)
268 http cache @types/d3-ease@https://registry.npmjs.org/@types/d3-ease/-/d3-ease-3.0.2.tgz 0ms (cache hit)
269 http cache @types/d3-shape@https://registry.npmjs.org/@types/d3-shape/-/d3-shape-3.1.7.tgz 0ms (cache hit)
270 http cache redux@https://registry.npmjs.org/redux/-/redux-5.0.1.tgz 0ms (cache hit)
271 http cache @types/d3-array@https://registry.npmjs.org/@types/d3-array/-/d3-array-3.2.2.tgz 0ms (cache hit)
272 http cache @types/use-sync-external-store@https://registry.npmjs.org/@types/use-sync-external-store/-/use-sync-external-store-0.0.6.tgz 0ms (cache hit)
273 http cache @standard-schema/spec@https://registry.npmjs.org/@standard-schema/spec/-/spec-1.0.0.tgz 0ms (cache hit)
274 http cache redux-thunk@https://registry.npmjs.org/redux-thunk/-/redux-thunk-3.1.0.tgz 0ms (cache hit)
275 http cache victory-vendor@https://registry.npmjs.org/victory-vendor/-/victory-vendor-37.3.6.tgz 0ms (cache hit)
276 http cache @standard-schema/utils@https://registry.npmjs.org/@standard-schema/utils/-/utils-0.3.0.tgz 0ms (cache hit)
277 http cache reselect@https://registry.npmjs.org/reselect/-/reselect-5.1.1.tgz 0ms (cache hit)
278 http cache use-sync-external-store@https://registry.npmjs.org/use-sync-external-store/-/use-sync-external-store-1.6.0.tgz 0ms (cache hit)
279 http cache immer@https://registry.npmjs.org/immer/-/immer-10.1.3.tgz 0ms (cache hit)
280 http cache react-redux@https://registry.npmjs.org/react-redux/-/react-redux-9.2.0.tgz 0ms (cache hit)
281 http cache es-toolkit@https://registry.npmjs.org/es-toolkit/-/es-toolkit-1.40.0.tgz 0ms (cache hit)
282 http cache decimal.js-light@https://registry.npmjs.org/decimal.js-light/-/decimal.js-light-2.5.1.tgz 0ms (cache hit)
283 http cache tiny-invariant@https://registry.npmjs.org/tiny-invariant/-/tiny-invariant-1.3.3.tgz 0ms (cache hit)
284 http cache eventemitter3@https://registry.npmjs.org/eventemitter3/-/eventemitter3-5.0.1.tgz 0ms (cache hit)
285 http cache @reduxjs/toolkit@https://registry.npmjs.org/@reduxjs/toolkit/-/toolkit-2.9.1.tgz 0ms (cache hit)
286 http cache recharts@https://registry.npmjs.org/recharts/-/recharts-3.3.0.tgz 0ms (cache hit)
287 silly tarball no local data for d3-path@https://registry.npmjs.org/d3-path/-/d3-path-3.1.0.tgz. Extracting by manifest.
288 http cache date-fns@https://registry.npmjs.org/date-fns/-/date-fns-4.1.0.tgz 0ms (cache hit)
289 silly tarball no local data for d3-format@https://registry.npmjs.org/d3-format/-/d3-format-3.1.0.tgz. Extracting by manifest.
290 silly tarball no local data for d3-color@https://registry.npmjs.org/d3-color/-/d3-color-3.1.0.tgz. Extracting by manifest.
291 silly tarball no local data for d3-time-format@https://registry.npmjs.org/d3-time-format/-/d3-time-format-4.1.0.tgz. Extracting by manifest.
292 silly tarball no local data for internmap@https://registry.npmjs.org/internmap/-/internmap-2.0.3.tgz. Extracting by manifest.
293 silly tarball no local data for d3-timer@https://registry.npmjs.org/d3-timer/-/d3-timer-3.0.1.tgz. Extracting by manifest.
294 silly tarball no local data for @types/d3-color@https://registry.npmjs.org/@types/d3-color/-/d3-color-3.1.3.tgz. Extracting by manifest.
295 silly tarball no local data for d3-time@https://registry.npmjs.org/d3-time/-/d3-time-3.1.0.tgz. Extracting by manifest.
296 silly tarball no local data for d3-shape@https://registry.npmjs.org/d3-shape/-/d3-shape-3.2.0.tgz. Extracting by manifest.
297 silly tarball no local data for d3-interpolate@https://registry.npmjs.org/d3-interpolate/-/d3-interpolate-3.0.1.tgz. Extracting by manifest.
298 silly tarball no local data for @types/d3-path@https://registry.npmjs.org/@types/d3-path/-/d3-path-3.1.1.tgz. Extracting by manifest.
299 silly tarball no local data for d3-scale@https://registry.npmjs.org/d3-scale/-/d3-scale-4.0.2.tgz. Extracting by manifest.
300 silly tarball no local data for d3-ease@https://registry.npmjs.org/d3-ease/-/d3-ease-3.0.1.tgz. Extracting by manifest.
301 silly tarball no local data for @types/d3-timer@https://registry.npmjs.org/@types/d3-timer/-/d3-timer-3.0.2.tgz. Extracting by manifest.
302 silly tarball no local data for d3-array@https://registry.npmjs.org/d3-array/-/d3-array-3.2.4.tgz. Extracting by manifest.
303 silly tarball no local data for @types/d3-scale@https://registry.npmjs.org/@types/d3-scale/-/d3-scale-4.0.9.tgz. Extracting by manifest.
304 silly tarball no local data for @types/d3-interpolate@https://registry.npmjs.org/@types/d3-interpolate/-/d3-interpolate-3.0.4.tgz. Extracting by manifest.
305 silly tarball no local data for @types/d3-time@https://registry.npmjs.org/@types/d3-time/-/d3-time-3.0.4.tgz. Extracting by manifest.
306 silly tarball no local data for @types/d3-ease@https://registry.npmjs.org/@types/d3-ease/-/d3-ease-3.0.2.tgz. Extracting by manifest.
307 silly tarball no local data for @types/d3-shape@https://registry.npmjs.org/@types/d3-shape/-/d3-shape-3.1.7.tgz. Extracting by manifest.
308 silly tarball no local data for redux@https://registry.npmjs.org/redux/-/redux-5.0.1.tgz. Extracting by manifest.
309 silly tarball no local data for @types/d3-array@https://registry.npmjs.org/@types/d3-array/-/d3-array-3.2.2.tgz. Extracting by manifest.
310 silly tarball no local data for @types/use-sync-external-store@https://registry.npmjs.org/@types/use-sync-external-store/-/use-sync-external-store-0.0.6.tgz. Extracting by manifest.
311 silly tarball no local data for @standard-schema/spec@https://registry.npmjs.org/@standard-schema/spec/-/spec-1.0.0.tgz. Extracting by manifest.
312 silly tarball no local data for redux-thunk@https://registry.npmjs.org/redux-thunk/-/redux-thunk-3.1.0.tgz. Extracting by manifest.
313 silly tarball no local data for victory-vendor@https://registry.npmjs.org/victory-vendor/-/victory-vendor-37.3.6.tgz. Extracting by manifest.
314 silly tarball no local data for @standard-schema/utils@https://registry.npmjs.org/@standard-schema/utils/-/utils-0.3.0.tgz. Extracting by manifest.
315 silly tarball no local data for reselect@https://registry.npmjs.org/reselect/-/reselect-5.1.1.tgz. Extracting by manifest.
316 silly tarball no local data for use-sync-external-store@https://registry.npmjs.org/use-sync-external-store/-/use-sync-external-store-1.6.0.tgz. Extracting by manifest.
317 silly tarball no local data for immer@https://registry.npmjs.org/immer/-/immer-10.1.3.tgz. Extracting by manifest.
318 silly tarball no local data for react-redux@https://registry.npmjs.org/react-redux/-/react-redux-9.2.0.tgz. Extracting by manifest.
319 silly tarball no local data for es-toolkit@https://registry.npmjs.org/es-toolkit/-/es-toolkit-1.40.0.tgz. Extracting by manifest.
320 silly tarball no local data for decimal.js-light@https://registry.npmjs.org/decimal.js-light/-/decimal.js-light-2.5.1.tgz. Extracting by manifest.
321 silly tarball no local data for tiny-invariant@https://registry.npmjs.org/tiny-invariant/-/tiny-invariant-1.3.3.tgz. Extracting by manifest.
322 silly tarball no local data for eventemitter3@https://registry.npmjs.org/eventemitter3/-/eventemitter3-5.0.1.tgz. Extracting by manifest.
323 silly tarball no local data for @reduxjs/toolkit@https://registry.npmjs.org/@reduxjs/toolkit/-/toolkit-2.9.1.tgz. Extracting by manifest.
324 silly tarball no local data for recharts@https://registry.npmjs.org/recharts/-/recharts-3.3.0.tgz. Extracting by manifest.
325 silly tarball no local data for date-fns@https://registry.npmjs.org/date-fns/-/date-fns-4.1.0.tgz. Extracting by manifest.
326 http fetch GET 200 https://registry.npmjs.org/internmap/-/internmap-2.0.3.tgz 65ms (cache miss)
327 http fetch GET 200 https://registry.npmjs.org/d3-path/-/d3-path-3.1.0.tgz 65ms (cache miss)
328 http fetch GET 200 https://registry.npmjs.org/d3-timer/-/d3-timer-3.0.1.tgz 66ms (cache miss)
329 http fetch GET 200 https://registry.npmjs.org/d3-color/-/d3-color-3.1.0.tgz 66ms (cache miss)
330 http fetch GET 200 https://registry.npmjs.org/d3-time/-/d3-time-3.1.0.tgz 67ms (cache miss)
331 http fetch GET 200 https://registry.npmjs.org/d3-time-format/-/d3-time-format-4.1.0.tgz 71ms (cache miss)
332 http fetch GET 200 https://registry.npmjs.org/@types/d3-color/-/d3-color-3.1.3.tgz 78ms (cache miss)
333 http fetch GET 200 https://registry.npmjs.org/d3-format/-/d3-format-3.1.0.tgz 95ms (cache miss)
334 http fetch GET 200 https://registry.npmjs.org/d3-array/-/d3-array-3.2.4.tgz 107ms (cache miss)
335 http fetch GET 200 https://registry.npmjs.org/@types/d3-time/-/d3-time-3.0.4.tgz 122ms (cache miss)
336 http fetch GET 200 https://registry.npmjs.org/@types/d3-scale/-/d3-scale-4.0.9.tgz 122ms (cache miss)
337 http fetch GET 200 https://registry.npmjs.org/@types/d3-shape/-/d3-shape-3.1.7.tgz 135ms (cache miss)
338 http fetch GET 200 https://registry.npmjs.org/@types/d3-interpolate/-/d3-interpolate-3.0.4.tgz 137ms (cache miss)
339 http fetch GET 200 https://registry.npmjs.org/redux/-/redux-5.0.1.tgz 141ms (cache miss)
340 http fetch GET 200 https://registry.npmjs.org/@types/d3-ease/-/d3-ease-3.0.2.tgz 151ms (cache miss)
341 http fetch GET 200 https://registry.npmjs.org/@types/d3-array/-/d3-array-3.2.2.tgz 151ms (cache miss)
342 http fetch GET 200 https://registry.npmjs.org/d3-ease/-/d3-ease-3.0.1.tgz 157ms (cache miss)
343 http fetch GET 200 https://registry.npmjs.org/@types/use-sync-external-store/-/use-sync-external-store-0.0.6.tgz 164ms (cache miss)
344 http fetch GET 200 https://registry.npmjs.org/d3-interpolate/-/d3-interpolate-3.0.1.tgz 165ms (cache miss)
345 http fetch GET 200 https://registry.npmjs.org/d3-shape/-/d3-shape-3.2.0.tgz 165ms (cache miss)
346 http fetch GET 200 https://registry.npmjs.org/d3-scale/-/d3-scale-4.0.2.tgz 167ms (cache miss)
347 http fetch GET 200 https://registry.npmjs.org/@types/d3-timer/-/d3-timer-3.0.2.tgz 186ms (cache miss)
348 http fetch GET 200 https://registry.npmjs.org/@types/d3-path/-/d3-path-3.1.1.tgz 186ms (cache miss)
349 http fetch GET 200 https://registry.npmjs.org/use-sync-external-store/-/use-sync-external-store-1.6.0.tgz 188ms (cache miss)
350 http fetch GET 200 https://registry.npmjs.org/@standard-schema/spec/-/spec-1.0.0.tgz 209ms (cache miss)
351 http fetch GET 200 https://registry.npmjs.org/redux-thunk/-/redux-thunk-3.1.0.tgz 210ms (cache miss)
352 http fetch GET 200 https://registry.npmjs.org/reselect/-/reselect-5.1.1.tgz 211ms (cache miss)
353 http fetch GET 200 https://registry.npmjs.org/immer/-/immer-10.1.3.tgz 226ms (cache miss)
354 http fetch GET 200 https://registry.npmjs.org/victory-vendor/-/victory-vendor-37.3.6.tgz 232ms (cache miss)
355 http fetch GET 200 https://registry.npmjs.org/@standard-schema/utils/-/utils-0.3.0.tgz 233ms (cache miss)
356 http fetch GET 200 https://registry.npmjs.org/decimal.js-light/-/decimal.js-light-2.5.1.tgz 233ms (cache miss)
357 http fetch GET 200 https://registry.npmjs.org/tiny-invariant/-/tiny-invariant-1.3.3.tgz 234ms (cache miss)
358 http fetch GET 200 https://registry.npmjs.org/eventemitter3/-/eventemitter3-5.0.1.tgz 240ms (cache miss)
359 http fetch POST 200 https://registry.npmjs.org/-/npm/v1/security/advisories/bulk 650ms
360 silly audit report {}
361 http fetch GET 200 https://registry.npmjs.org/recharts/-/recharts-3.3.0.tgz 683ms (cache miss)
362 http fetch GET 200 https://registry.npmjs.org/react-redux/-/react-redux-9.2.0.tgz 727ms (cache miss)
363 http fetch GET 200 https://registry.npmjs.org/@reduxjs/toolkit/-/toolkit-2.9.1.tgz 1104ms (cache miss)
364 http fetch GET 200 https://registry.npmjs.org/es-toolkit/-/es-toolkit-1.40.0.tgz 1154ms (cache miss)
365 http fetch GET 200 https://registry.npmjs.org/date-fns/-/date-fns-4.1.0.tgz 1170ms (cache miss)
366 silly ADD node_modules/d3-path
367 silly ADD node_modules/d3-time-format
368 silly ADD node_modules/d3-format
369 silly ADD node_modules/d3-color
370 silly ADD node_modules/internmap
371 silly ADD node_modules/@types/d3-path
372 silly ADD node_modules/@types/d3-color
373 silly ADD node_modules/d3-timer
374 silly ADD node_modules/d3-time
375 silly ADD node_modules/d3-shape
376 silly ADD node_modules/d3-scale
377 silly ADD node_modules/d3-interpolate
378 silly ADD node_modules/d3-ease
379 silly ADD node_modules/d3-array
380 silly ADD node_modules/@types/d3-timer
381 silly ADD node_modules/@types/d3-time
382 silly ADD node_modules/@types/d3-shape
383 silly ADD node_modules/@types/d3-scale
384 silly ADD node_modules/@types/d3-interpolate
385 silly ADD node_modules/@types/d3-ease
386 silly ADD node_modules/@types/d3-array
387 silly ADD node_modules/@types/use-sync-external-store
388 silly ADD node_modules/redux-thunk
389 silly ADD node_modules/redux
390 silly ADD node_modules/@standard-schema/utils
391 silly ADD node_modules/@standard-schema/spec
392 silly ADD node_modules/victory-vendor
393 silly ADD node_modules/use-sync-external-store
394 silly ADD node_modules/tiny-invariant
395 silly ADD node_modules/reselect
396 silly ADD node_modules/react-redux
397 silly ADD node_modules/immer
398 silly ADD node_modules/eventemitter3
399 silly ADD node_modules/es-toolkit
400 silly ADD node_modules/decimal.js-light
401 silly ADD node_modules/@reduxjs/toolkit
402 silly ADD node_modules/recharts
403 silly ADD node_modules/date-fns
404 verbose cwd /Users/admin/Desktop/my-app
405 verbose os Darwin 25.1.0
406 verbose node v22.16.0
407 verbose npm  v11.4.2
408 verbose exit 0
409 info ok
