0 verbose cli /usr/local/bin/node /usr/local/bin/npm
1 info using npm@11.4.2
2 info using node@v22.16.0
3 silly config load:file:/usr/local/lib/node_modules/npm/npmrc
4 silly config load:file:/Users/admin/Desktop/my-app/.npmrc
5 silly config load:file:/Users/admin/.npmrc
6 silly config load:file:/usr/local/etc/npmrc
7 verbose title npm i @types/next-pwa
8 verbose argv "i" "--save-dev" "@types/next-pwa"
9 verbose logfile logs-max:10 dir:/Users/admin/Desktop/my-app/.npm-cache/_logs/2025-10-17T07_09_30_536Z-
10 verbose logfile /Users/admin/Desktop/my-app/.npm-cache/_logs/2025-10-17T07_09_30_536Z-debug-0.log
11 silly logfile done cleaning log files
12 silly packumentCache heap:4345298944 maxSize:1086324736 maxEntrySize:543162368
13 silly idealTree buildDeps
14 silly fetch manifest @types/next-pwa@*
15 silly packumentCache full:https://registry.npmjs.org/@types%2fnext-pwa cache-miss
16 http fetch GET 200 https://registry.npmjs.org/@types%2fnext-pwa 232ms (cache miss)
17 silly packumentCache full:https://registry.npmjs.org/@types%2fnext-pwa set size:undefined disposed:false
18 silly placeDep ROOT @types/next-pwa@5.6.9 OK for: my-app@0.1.0 want: *
19 silly fetch manifest next@^12.2.5 || ^13.0.0
20 silly packumentCache full:https://registry.npmjs.org/next cache-miss
21 silly fetch manifest workbox-build@^6.5.4
22 silly packumentCache full:https://registry.npmjs.org/workbox-build cache-miss
23 http cache https://registry.npmjs.org/workbox-build 5ms (cache hit)
24 silly packumentCache full:https://registry.npmjs.org/workbox-build set size:326164 disposed:false
25 http cache https://registry.npmjs.org/next 29ms (cache hit)
26 silly packumentCache full:https://registry.npmjs.org/next set size:27057745 disposed:false
27 silly fetch manifest @opentelemetry/api@^1.1.0
28 silly packumentCache full:https://registry.npmjs.org/@opentelemetry%2fapi cache-miss
29 http cache https://registry.npmjs.org/@opentelemetry%2fapi 3ms (cache hit)
30 silly packumentCache full:https://registry.npmjs.org/@opentelemetry%2fapi set size:455567 disposed:false
31 silly fetch manifest react@^18.2.0
32 silly packumentCache full:https://registry.npmjs.org/react cache-miss
33 http fetch GET 200 https://registry.npmjs.org/react 52ms (cache revalidated)
34 silly packumentCache full:https://registry.npmjs.org/react set size:6173255 disposed:false
35 silly fetch manifest react-dom@^18.2.0
36 silly packumentCache full:https://registry.npmjs.org/react-dom cache-miss
37 http fetch GET 200 https://registry.npmjs.org/react-dom 54ms (cache revalidated)
38 silly packumentCache full:https://registry.npmjs.org/react-dom set size:8050491 disposed:false
39 silly fetch manifest sass@^1.3.0
40 silly packumentCache full:https://registry.npmjs.org/sass cache-miss
41 http cache https://registry.npmjs.org/sass 6ms (cache hit)
42 silly packumentCache full:https://registry.npmjs.org/sass set size:697197 disposed:false
43 silly placeDep node_modules/@types/next-pwa next@13.5.11 OK for: @types/next-pwa@5.6.9 want: ^12.2.5 || ^13.0.0
44 silly placeDep node_modules/@types/next-pwa react@18.3.1 OK for: next@13.5.11 want: ^18.2.0
45 silly placeDep node_modules/@types/next-pwa react-dom@18.3.1 OK for: next@13.5.11 want: ^18.2.0
46 silly placeDep node_modules/@types/next-pwa workbox-build@6.6.0 OK for: @types/next-pwa@5.6.9 want: ^6.5.4
47 silly fetch manifest busboy@1.6.0
48 silly packumentCache full:https://registry.npmjs.org/busboy cache-miss
49 silly fetch manifest postcss@8.4.31
50 silly packumentCache full:https://registry.npmjs.org/postcss cache-miss
51 silly fetch manifest @next/env@13.5.11
52 silly packumentCache full:https://registry.npmjs.org/@next%2fenv cache-miss
53 silly fetch manifest watchpack@2.4.0
54 silly packumentCache full:https://registry.npmjs.org/watchpack cache-miss
55 silly fetch manifest styled-jsx@5.1.1
56 silly packumentCache full:https://registry.npmjs.org/styled-jsx cache-miss
57 silly fetch manifest @swc/helpers@0.5.2
58 silly packumentCache full:https://registry.npmjs.org/@swc%2fhelpers cache-miss
59 silly fetch manifest @next/swc-darwin-x64@13.5.9
60 silly packumentCache full:https://registry.npmjs.org/@next%2fswc-darwin-x64 cache-miss
61 silly fetch manifest @next/swc-darwin-arm64@13.5.9
62 silly packumentCache full:https://registry.npmjs.org/@next%2fswc-darwin-arm64 cache-miss
63 silly fetch manifest @next/swc-linux-x64-gnu@13.5.9
64 silly packumentCache full:https://registry.npmjs.org/@next%2fswc-linux-x64-gnu cache-miss
65 http cache https://registry.npmjs.org/watchpack 8ms (cache hit)
66 silly packumentCache full:https://registry.npmjs.org/watchpack set size:138264 disposed:false
67 silly fetch manifest @next/swc-linux-x64-musl@13.5.9
68 silly packumentCache full:https://registry.npmjs.org/@next%2fswc-linux-x64-musl cache-miss
69 http fetch GET 200 https://registry.npmjs.org/busboy 50ms (cache miss)
70 silly packumentCache full:https://registry.npmjs.org/busboy set size:undefined disposed:false
71 silly fetch manifest @next/swc-win32-x64-msvc@13.5.9
72 silly packumentCache full:https://registry.npmjs.org/@next%2fswc-win32-x64-msvc cache-miss
73 http fetch GET 200 https://registry.npmjs.org/styled-jsx 137ms (cache miss)
74 silly packumentCache full:https://registry.npmjs.org/styled-jsx set size:undefined disposed:false
75 silly fetch manifest @next/swc-linux-arm64-gnu@13.5.9
76 silly packumentCache full:https://registry.npmjs.org/@next%2fswc-linux-arm64-gnu cache-miss
77 http fetch GET 200 https://registry.npmjs.org/postcss 158ms (cache revalidated)
78 silly packumentCache full:https://registry.npmjs.org/postcss set size:696248 disposed:false
79 silly fetch manifest @next/swc-win32-ia32-msvc@13.5.9
80 silly packumentCache full:https://registry.npmjs.org/@next%2fswc-win32-ia32-msvc cache-miss
81 http fetch GET 200 https://registry.npmjs.org/@swc%2fhelpers 189ms (cache miss)
82 silly packumentCache full:https://registry.npmjs.org/@swc%2fhelpers set size:undefined disposed:false
83 silly fetch manifest @next/swc-linux-arm64-musl@13.5.9
84 silly packumentCache full:https://registry.npmjs.org/@next%2fswc-linux-arm64-musl cache-miss
85 http fetch GET 200 https://registry.npmjs.org/@next%2fswc-win32-x64-msvc 443ms (cache miss)
86 silly packumentCache full:https://registry.npmjs.org/@next%2fswc-win32-x64-msvc set size:undefined disposed:false
87 silly fetch manifest @next/swc-win32-arm64-msvc@13.5.9
88 silly packumentCache full:https://registry.npmjs.org/@next%2fswc-win32-arm64-msvc cache-miss
89 http fetch GET 200 https://registry.npmjs.org/@next%2fswc-linux-arm64-gnu 445ms (cache miss)
90 silly packumentCache full:https://registry.npmjs.org/@next%2fswc-linux-arm64-gnu set size:undefined disposed:false
91 silly fetch manifest scheduler@^0.23.2
92 silly packumentCache full:https://registry.npmjs.org/scheduler cache-miss
93 http fetch GET 200 https://registry.npmjs.org/@next%2fswc-linux-x64-musl 683ms (cache miss)
94 silly packumentCache full:https://registry.npmjs.org/@next%2fswc-linux-x64-musl set size:undefined disposed:false
95 silly fetch manifest ajv@^8.6.0
96 silly packumentCache full:https://registry.npmjs.org/ajv cache-miss
97 http cache https://registry.npmjs.org/ajv 5ms (cache hit)
98 silly packumentCache full:https://registry.npmjs.org/ajv set size:1126055 disposed:false
99 silly fetch manifest source-map@^0.8.0-beta.0
100 silly packumentCache full:https://registry.npmjs.org/source-map cache-miss
101 http cache https://registry.npmjs.org/source-map 3ms (cache hit)
102 silly packumentCache full:https://registry.npmjs.org/source-map set size:226090 disposed:false
103 silly fetch manifest workbox-sw@6.6.0
104 silly packumentCache full:https://registry.npmjs.org/workbox-sw cache-miss
105 http cache https://registry.npmjs.org/workbox-sw 1ms (cache hit)
106 silly packumentCache full:https://registry.npmjs.org/workbox-sw set size:248044 disposed:false
107 silly fetch manifest workbox-core@6.6.0
108 silly packumentCache full:https://registry.npmjs.org/workbox-core cache-miss
109 http cache https://registry.npmjs.org/workbox-core 2ms (cache hit)
110 silly packumentCache full:https://registry.npmjs.org/workbox-core set size:218192 disposed:false
111 silly fetch manifest workbox-recipes@6.6.0
112 silly packumentCache full:https://registry.npmjs.org/workbox-recipes cache-miss
113 http cache https://registry.npmjs.org/workbox-recipes 1ms (cache hit)
114 silly packumentCache full:https://registry.npmjs.org/workbox-recipes set size:81703 disposed:false
115 silly fetch manifest workbox-routing@6.6.0
116 silly packumentCache full:https://registry.npmjs.org/workbox-routing cache-miss
117 http cache https://registry.npmjs.org/workbox-routing 1ms (cache hit)
118 silly packumentCache full:https://registry.npmjs.org/workbox-routing set size:241105 disposed:false
119 silly fetch manifest workbox-streams@6.6.0
120 silly packumentCache full:https://registry.npmjs.org/workbox-streams cache-miss
121 http cache https://registry.npmjs.org/workbox-streams 1ms (cache hit)
122 silly packumentCache full:https://registry.npmjs.org/workbox-streams set size:198107 disposed:false
123 silly fetch manifest workbox-expiration@6.6.0
124 silly packumentCache full:https://registry.npmjs.org/workbox-expiration cache-miss
125 http cache https://registry.npmjs.org/workbox-expiration 1ms (cache hit)
126 silly packumentCache full:https://registry.npmjs.org/workbox-expiration set size:160241 disposed:false
127 silly fetch manifest workbox-precaching@6.6.0
128 silly packumentCache full:https://registry.npmjs.org/workbox-precaching cache-miss
129 http cache https://registry.npmjs.org/workbox-precaching 1ms (cache hit)
130 silly packumentCache full:https://registry.npmjs.org/workbox-precaching set size:241690 disposed:false
131 silly fetch manifest workbox-strategies@6.6.0
132 silly packumentCache full:https://registry.npmjs.org/workbox-strategies cache-miss
133 http cache https://registry.npmjs.org/workbox-strategies 4ms (cache hit)
134 silly packumentCache full:https://registry.npmjs.org/workbox-strategies set size:220502 disposed:false
135 silly fetch manifest workbox-range-requests@6.6.0
136 silly packumentCache full:https://registry.npmjs.org/workbox-range-requests cache-miss
137 http cache https://registry.npmjs.org/workbox-range-requests 1ms (cache hit)
138 silly packumentCache full:https://registry.npmjs.org/workbox-range-requests set size:237100 disposed:false
139 silly fetch manifest workbox-background-sync@6.6.0
140 silly packumentCache full:https://registry.npmjs.org/workbox-background-sync cache-miss
141 http cache https://registry.npmjs.org/workbox-background-sync 1ms (cache hit)
142 silly packumentCache full:https://registry.npmjs.org/workbox-background-sync set size:255135 disposed:false
143 silly fetch manifest workbox-broadcast-update@6.6.0
144 silly packumentCache full:https://registry.npmjs.org/workbox-broadcast-update cache-miss
145 http cache https://registry.npmjs.org/workbox-broadcast-update 0ms (cache hit)
146 silly packumentCache full:https://registry.npmjs.org/workbox-broadcast-update set size:163868 disposed:false
147 silly fetch manifest workbox-google-analytics@6.6.0
148 silly packumentCache full:https://registry.npmjs.org/workbox-google-analytics cache-miss
149 http cache https://registry.npmjs.org/workbox-google-analytics 1ms (cache hit)
150 silly packumentCache full:https://registry.npmjs.org/workbox-google-analytics set size:274109 disposed:false
151 silly fetch manifest @apideck/better-ajv-errors@^0.3.1
152 silly packumentCache full:https://registry.npmjs.org/@apideck%2fbetter-ajv-errors cache-miss
153 http cache https://registry.npmjs.org/@apideck%2fbetter-ajv-errors 1ms (cache hit)
154 silly packumentCache full:https://registry.npmjs.org/@apideck%2fbetter-ajv-errors set size:71538 disposed:false
155 silly fetch manifest workbox-cacheable-response@6.6.0
156 silly packumentCache full:https://registry.npmjs.org/workbox-cacheable-response cache-miss
157 http cache https://registry.npmjs.org/workbox-cacheable-response 2ms (cache hit)
158 silly packumentCache full:https://registry.npmjs.org/workbox-cacheable-response set size:250631 disposed:false
159 silly fetch manifest workbox-navigation-preload@6.6.0
160 silly packumentCache full:https://registry.npmjs.org/workbox-navigation-preload cache-miss
161 http cache https://registry.npmjs.org/workbox-navigation-preload 1ms (cache hit)
162 silly packumentCache full:https://registry.npmjs.org/workbox-navigation-preload set size:193001 disposed:false
163 silly fetch manifest @rollup/plugin-node-resolve@^11.2.1
164 silly packumentCache full:https://registry.npmjs.org/@rollup%2fplugin-node-resolve cache-miss
165 http cache https://registry.npmjs.org/@rollup%2fplugin-node-resolve 1ms (cache hit)
166 silly packumentCache full:https://registry.npmjs.org/@rollup%2fplugin-node-resolve set size:210808 disposed:false
167 http fetch GET 200 https://registry.npmjs.org/@next%2fswc-linux-x64-gnu 823ms (cache miss)
168 silly packumentCache full:https://registry.npmjs.org/@next%2fswc-linux-x64-gnu set size:undefined disposed:false
169 http fetch GET 200 https://registry.npmjs.org/@next%2fswc-win32-ia32-msvc 692ms (cache miss)
170 silly packumentCache full:https://registry.npmjs.org/@next%2fswc-win32-ia32-msvc set size:undefined disposed:false
171 http fetch GET 200 https://registry.npmjs.org/@next%2fenv 863ms (cache miss)
172 silly packumentCache full:https://registry.npmjs.org/@next%2fenv set size:undefined disposed:false
173 http fetch GET 200 https://registry.npmjs.org/@next%2fswc-win32-arm64-msvc 398ms (cache miss)
174 silly packumentCache full:https://registry.npmjs.org/@next%2fswc-win32-arm64-msvc set size:undefined disposed:false
175 http fetch GET 200 https://registry.npmjs.org/@next%2fswc-linux-arm64-musl 735ms (cache miss)
176 silly packumentCache full:https://registry.npmjs.org/@next%2fswc-linux-arm64-musl set size:undefined disposed:false
177 http fetch GET 200 https://registry.npmjs.org/@next%2fswc-darwin-x64 1004ms (cache miss)
178 silly packumentCache full:https://registry.npmjs.org/@next%2fswc-darwin-x64 set size:undefined disposed:false
179 http fetch GET 200 https://registry.npmjs.org/scheduler 428ms (cache miss)
180 silly packumentCache full:https://registry.npmjs.org/scheduler set size:undefined disposed:false
181 http fetch GET 200 https://registry.npmjs.org/@next%2fswc-darwin-arm64 1149ms (cache miss)
182 silly packumentCache full:https://registry.npmjs.org/@next%2fswc-darwin-arm64 set size:undefined disposed:false
183 silly placeDep node_modules/@types/next-pwa @next/env@13.5.11 OK for: next@13.5.11 want: 13.5.11
184 silly placeDep node_modules/@types/next-pwa @next/swc-darwin-arm64@13.5.9 OK for: next@13.5.11 want: 13.5.9
185 silly placeDep node_modules/@types/next-pwa @next/swc-darwin-x64@13.5.9 OK for: next@13.5.11 want: 13.5.9
186 silly placeDep node_modules/@types/next-pwa @next/swc-linux-arm64-gnu@13.5.9 OK for: next@13.5.11 want: 13.5.9
187 silly placeDep node_modules/@types/next-pwa @next/swc-linux-arm64-musl@13.5.9 OK for: next@13.5.11 want: 13.5.9
188 silly placeDep node_modules/@types/next-pwa @next/swc-linux-x64-gnu@13.5.9 OK for: next@13.5.11 want: 13.5.9
189 silly placeDep node_modules/@types/next-pwa @next/swc-linux-x64-musl@13.5.9 OK for: next@13.5.11 want: 13.5.9
190 silly placeDep node_modules/@types/next-pwa @next/swc-win32-arm64-msvc@13.5.9 OK for: next@13.5.11 want: 13.5.9
191 silly placeDep ROOT @next/swc-win32-ia32-msvc@13.5.9 OK for: next@13.5.11 want: 13.5.9
192 silly placeDep node_modules/@types/next-pwa @next/swc-win32-x64-msvc@13.5.9 OK for: next@13.5.11 want: 13.5.9
193 silly placeDep node_modules/@types/next-pwa @swc/helpers@0.5.2 OK for: next@13.5.11 want: 0.5.2
194 silly placeDep ROOT busboy@1.6.0 OK for: next@13.5.11 want: 1.6.0
195 silly placeDep node_modules/@types/next-pwa postcss@8.4.31 OK for: next@13.5.11 want: 8.4.31
196 silly placeDep node_modules/@types/next-pwa styled-jsx@5.1.1 OK for: next@13.5.11 want: 5.1.1
197 silly placeDep node_modules/@types/next-pwa watchpack@2.4.0 OK for: next@13.5.11 want: 2.4.0
198 silly fetch manifest streamsearch@^1.1.0
199 silly packumentCache full:https://registry.npmjs.org/streamsearch cache-miss
200 http fetch GET 200 https://registry.npmjs.org/streamsearch 70ms (cache miss)
201 silly packumentCache full:https://registry.npmjs.org/streamsearch set size:undefined disposed:false
202 silly placeDep ROOT streamsearch@1.1.0 OK for: busboy@1.6.0 want: ^1.1.0
203 silly placeDep node_modules/@types/next-pwa scheduler@0.23.2 OK for: react-dom@18.3.1 want: ^0.23.2
204 silly fetch manifest rollup@^2.43.1
205 silly packumentCache full:https://registry.npmjs.org/rollup cache-miss
206 http cache https://registry.npmjs.org/rollup 10ms (cache hit)
207 silly packumentCache full:https://registry.npmjs.org/rollup set size:5912626 disposed:false
208 silly placeDep node_modules/@types/next-pwa @apideck/better-ajv-errors@0.3.6 OK for: workbox-build@6.6.0 want: ^0.3.1
209 silly placeDep node_modules/@types/next-pwa ajv@8.17.1 OK for: @apideck/better-ajv-errors@0.3.6 want: >=8
210 silly placeDep node_modules/@types/next-pwa @rollup/plugin-node-resolve@11.2.1 OK for: workbox-build@6.6.0 want: ^11.2.1
211 silly placeDep node_modules/@types/next-pwa source-map@0.8.0-beta.0 OK for: workbox-build@6.6.0 want: ^0.8.0-beta.0
212 silly placeDep node_modules/@types/next-pwa workbox-background-sync@6.6.0 OK for: workbox-build@6.6.0 want: 6.6.0
213 silly placeDep node_modules/@types/next-pwa workbox-broadcast-update@6.6.0 OK for: workbox-build@6.6.0 want: 6.6.0
214 silly placeDep node_modules/@types/next-pwa workbox-cacheable-response@6.6.0 OK for: workbox-build@6.6.0 want: 6.6.0
215 silly placeDep node_modules/@types/next-pwa workbox-core@6.6.0 OK for: workbox-build@6.6.0 want: 6.6.0
216 silly placeDep node_modules/@types/next-pwa workbox-expiration@6.6.0 OK for: workbox-build@6.6.0 want: 6.6.0
217 silly placeDep node_modules/@types/next-pwa workbox-google-analytics@6.6.0 OK for: workbox-build@6.6.0 want: 6.6.0
218 silly placeDep node_modules/@types/next-pwa workbox-navigation-preload@6.6.0 OK for: workbox-build@6.6.0 want: 6.6.0
219 silly placeDep node_modules/@types/next-pwa workbox-precaching@6.6.0 OK for: workbox-build@6.6.0 want: 6.6.0
220 silly placeDep node_modules/@types/next-pwa workbox-range-requests@6.6.0 OK for: workbox-build@6.6.0 want: 6.6.0
221 silly placeDep node_modules/@types/next-pwa workbox-recipes@6.6.0 OK for: workbox-build@6.6.0 want: 6.6.0
222 silly placeDep node_modules/@types/next-pwa workbox-routing@6.6.0 OK for: workbox-build@6.6.0 want: 6.6.0
223 silly placeDep node_modules/@types/next-pwa workbox-strategies@6.6.0 OK for: workbox-build@6.6.0 want: 6.6.0
224 silly placeDep node_modules/@types/next-pwa workbox-streams@6.6.0 OK for: workbox-build@6.6.0 want: 6.6.0
225 silly placeDep node_modules/@types/next-pwa workbox-sw@6.6.0 OK for: workbox-build@6.6.0 want: 6.6.0
226 silly fetch manifest json-schema-traverse@^1.0.0
227 silly packumentCache full:https://registry.npmjs.org/json-schema-traverse cache-miss
228 silly fetch manifest @types/resolve@1.17.1
229 silly packumentCache full:https://registry.npmjs.org/@types%2fresolve cache-miss
230 http cache https://registry.npmjs.org/json-schema-traverse 8ms (cache hit)
231 silly packumentCache full:https://registry.npmjs.org/json-schema-traverse set size:23537 disposed:false
232 http cache https://registry.npmjs.org/@types%2fresolve 8ms (cache hit)
233 silly packumentCache full:https://registry.npmjs.org/@types%2fresolve set size:36189 disposed:false
234 silly placeDep node_modules/@types/next-pwa @types/resolve@1.17.1 OK for: @rollup/plugin-node-resolve@11.2.1 want: 1.17.1
235 silly placeDep node_modules/@types/next-pwa json-schema-traverse@1.0.0 OK for: ajv@8.17.1 want: ^1.0.0
236 silly reify moves {}
237 silly audit bulk request {
237 silly audit   '@alloc/quick-lru': [ '5.2.0' ],
237 silly audit   '@babel/code-frame': [ '7.27.1' ],
237 silly audit   '@babel/compat-data': [ '7.28.4' ],
237 silly audit   '@babel/core': [ '7.28.4' ],
237 silly audit   'convert-source-map': [ '2.0.0', '1.9.0' ],
237 silly audit   semver: [ '6.3.1', '7.7.3' ],
237 silly audit   '@babel/generator': [ '7.28.3' ],
237 silly audit   '@babel/helper-annotate-as-pure': [ '7.27.3' ],
237 silly audit   '@babel/helper-compilation-targets': [ '7.27.2' ],
237 silly audit   '@babel/helper-create-class-features-plugin': [ '7.28.3' ],
237 silly audit   '@babel/helper-create-regexp-features-plugin': [ '7.27.1' ],
237 silly audit   '@babel/helper-define-polyfill-provider': [ '0.6.5' ],
237 silly audit   '@babel/helper-globals': [ '7.28.0' ],
237 silly audit   '@babel/helper-member-expression-to-functions': [ '7.27.1' ],
237 silly audit   '@babel/helper-module-imports': [ '7.27.1' ],
237 silly audit   '@babel/helper-module-transforms': [ '7.28.3' ],
237 silly audit   '@babel/helper-optimise-call-expression': [ '7.27.1' ],
237 silly audit   '@babel/helper-plugin-utils': [ '7.27.1' ],
237 silly audit   '@babel/helper-remap-async-to-generator': [ '7.27.1' ],
237 silly audit   '@babel/helper-replace-supers': [ '7.27.1' ],
237 silly audit   '@babel/helper-skip-transparent-expression-wrappers': [ '7.27.1' ],
237 silly audit   '@babel/helper-string-parser': [ '7.27.1' ],
237 silly audit   '@babel/helper-validator-identifier': [ '7.27.1' ],
237 silly audit   '@babel/helper-validator-option': [ '7.27.1' ],
237 silly audit   '@babel/helper-wrap-function': [ '7.28.3' ],
237 silly audit   '@babel/helpers': [ '7.28.4' ],
237 silly audit   '@babel/parser': [ '7.28.4' ],
237 silly audit   '@babel/plugin-bugfix-firefox-class-in-computed-class-key': [ '7.27.1' ],
237 silly audit   '@babel/plugin-bugfix-safari-class-field-initializer-scope': [ '7.27.1' ],
237 silly audit   '@babel/plugin-bugfix-safari-id-destructuring-collision-in-function-expression': [ '7.27.1' ],
237 silly audit   '@babel/plugin-bugfix-v8-spread-parameters-in-optional-chaining': [ '7.27.1' ],
237 silly audit   '@babel/plugin-bugfix-v8-static-class-fields-redefine-readonly': [ '7.28.3' ],
237 silly audit   '@babel/plugin-proposal-private-property-in-object': [ '7.21.0-placeholder-for-preset-env.2' ],
237 silly audit   '@babel/plugin-syntax-import-assertions': [ '7.27.1' ],
237 silly audit   '@babel/plugin-syntax-import-attributes': [ '7.27.1' ],
237 silly audit   '@babel/plugin-syntax-unicode-sets-regex': [ '7.18.6' ],
237 silly audit   '@babel/plugin-transform-arrow-functions': [ '7.27.1' ],
237 silly audit   '@babel/plugin-transform-async-generator-functions': [ '7.28.0' ],
237 silly audit   '@babel/plugin-transform-async-to-generator': [ '7.27.1' ],
237 silly audit   '@babel/plugin-transform-block-scoped-functions': [ '7.27.1' ],
237 silly audit   '@babel/plugin-transform-block-scoping': [ '7.28.4' ],
237 silly audit   '@babel/plugin-transform-class-properties': [ '7.27.1' ],
237 silly audit   '@babel/plugin-transform-class-static-block': [ '7.28.3' ],
237 silly audit   '@babel/plugin-transform-classes': [ '7.28.4' ],
237 silly audit   '@babel/plugin-transform-computed-properties': [ '7.27.1' ],
237 silly audit   '@babel/plugin-transform-destructuring': [ '7.28.0' ],
237 silly audit   '@babel/plugin-transform-dotall-regex': [ '7.27.1' ],
237 silly audit   '@babel/plugin-transform-duplicate-keys': [ '7.27.1' ],
237 silly audit   '@babel/plugin-transform-duplicate-named-capturing-groups-regex': [ '7.27.1' ],
237 silly audit   '@babel/plugin-transform-dynamic-import': [ '7.27.1' ],
237 silly audit   '@babel/plugin-transform-explicit-resource-management': [ '7.28.0' ],
237 silly audit   '@babel/plugin-transform-exponentiation-operator': [ '7.27.1' ],
237 silly audit   '@babel/plugin-transform-export-namespace-from': [ '7.27.1' ],
237 silly audit   '@babel/plugin-transform-for-of': [ '7.27.1' ],
237 silly audit   '@babel/plugin-transform-function-name': [ '7.27.1' ],
237 silly audit   '@babel/plugin-transform-json-strings': [ '7.27.1' ],
237 silly audit   '@babel/plugin-transform-literals': [ '7.27.1' ],
237 silly audit   '@babel/plugin-transform-logical-assignment-operators': [ '7.27.1' ],
237 silly audit   '@babel/plugin-transform-member-expression-literals': [ '7.27.1' ],
237 silly audit   '@babel/plugin-transform-modules-amd': [ '7.27.1' ],
237 silly audit   '@babel/plugin-transform-modules-commonjs': [ '7.27.1' ],
237 silly audit   '@babel/plugin-transform-modules-systemjs': [ '7.27.1' ],
237 silly audit   '@babel/plugin-transform-modules-umd': [ '7.27.1' ],
237 silly audit   '@babel/plugin-transform-named-capturing-groups-regex': [ '7.27.1' ],
237 silly audit   '@babel/plugin-transform-new-target': [ '7.27.1' ],
237 silly audit   '@babel/plugin-transform-nullish-coalescing-operator': [ '7.27.1' ],
237 silly audit   '@babel/plugin-transform-numeric-separator': [ '7.27.1' ],
237 silly audit   '@babel/plugin-transform-object-rest-spread': [ '7.28.4' ],
237 silly audit   '@babel/plugin-transform-object-super': [ '7.27.1' ],
237 silly audit   '@babel/plugin-transform-optional-catch-binding': [ '7.27.1' ],
237 silly audit   '@babel/plugin-transform-optional-chaining': [ '7.27.1' ],
237 silly audit   '@babel/plugin-transform-parameters': [ '7.27.7' ],
237 silly audit   '@babel/plugin-transform-private-methods': [ '7.27.1' ],
237 silly audit   '@babel/plugin-transform-private-property-in-object': [ '7.27.1' ],
237 silly audit   '@babel/plugin-transform-property-literals': [ '7.27.1' ],
237 silly audit   '@babel/plugin-transform-regenerator': [ '7.28.4' ],
237 silly audit   '@babel/plugin-transform-regexp-modifiers': [ '7.27.1' ],
237 silly audit   '@babel/plugin-transform-reserved-words': [ '7.27.1' ],
237 silly audit   '@babel/plugin-transform-shorthand-properties': [ '7.27.1' ],
237 silly audit   '@babel/plugin-transform-spread': [ '7.27.1' ],
237 silly audit   '@babel/plugin-transform-sticky-regex': [ '7.27.1' ],
237 silly audit   '@babel/plugin-transform-template-literals': [ '7.27.1' ],
237 silly audit   '@babel/plugin-transform-typeof-symbol': [ '7.27.1' ],
237 silly audit   '@babel/plugin-transform-unicode-escapes': [ '7.27.1' ],
237 silly audit   '@babel/plugin-transform-unicode-property-regex': [ '7.27.1' ],
237 silly audit   '@babel/plugin-transform-unicode-regex': [ '7.27.1' ],
237 silly audit   '@babel/plugin-transform-unicode-sets-regex': [ '7.27.1' ],
237 silly audit   '@babel/preset-env': [ '7.28.3' ],
237 silly audit   '@babel/preset-modules': [ '0.1.6-no-external-plugins' ],
237 silly audit   '@babel/runtime': [ '7.28.4' ],
237 silly audit   '@babel/template': [ '7.27.2' ],
237 silly audit   '@babel/traverse': [ '7.28.4' ],
237 silly audit   '@babel/types': [ '7.28.4' ],
237 silly audit   '@emnapi/runtime': [ '1.5.0' ],
237 silly audit   '@emotion/babel-plugin': [ '11.13.5' ],
237 silly audit   '@emotion/cache': [ '11.14.0' ],
237 silly audit   '@emotion/hash': [ '0.9.2' ],
237 silly audit   '@emotion/is-prop-valid': [ '1.4.0' ],
237 silly audit   '@emotion/memoize': [ '0.9.0' ],
237 silly audit   '@emotion/react': [ '11.14.0' ],
237 silly audit   '@emotion/serialize': [ '1.3.3' ],
237 silly audit   '@emotion/sheet': [ '1.4.0' ],
237 silly audit   '@emotion/styled': [ '11.14.1' ],
237 silly audit   '@emotion/unitless': [ '0.10.0' ],
237 silly audit   '@emotion/use-insertion-effect-with-fallbacks': [ '1.2.0' ],
237 silly audit   '@emotion/utils': [ '1.4.2' ],
237 silly audit   '@emotion/weak-memoize': [ '0.4.0' ],
237 silly audit   '@fontsource/roboto': [ '5.2.8' ],
237 silly audit   '@img/colour': [ '1.0.0' ],
237 silly audit   '@img/sharp-darwin-arm64': [ '0.34.4' ],
237 silly audit   '@img/sharp-darwin-x64': [ '0.34.4' ],
237 silly audit   '@img/sharp-libvips-darwin-arm64': [ '1.2.3' ],
237 silly audit   '@img/sharp-libvips-darwin-x64': [ '1.2.3' ],
237 silly audit   '@img/sharp-libvips-linux-arm': [ '1.2.3' ],
237 silly audit   '@img/sharp-libvips-linux-arm64': [ '1.2.3' ],
237 silly audit   '@img/sharp-libvips-linux-ppc64': [ '1.2.3' ],
237 silly audit   '@img/sharp-libvips-linux-s390x': [ '1.2.3' ],
237 silly audit   '@img/sharp-libvips-linux-x64': [ '1.2.3' ],
237 silly audit   '@img/sharp-libvips-linuxmusl-arm64': [ '1.2.3' ],
237 silly audit   '@img/sharp-libvips-linuxmusl-x64': [ '1.2.3' ],
237 silly audit   '@img/sharp-linux-arm': [ '0.34.4' ],
237 silly audit   '@img/sharp-linux-arm64': [ '0.34.4' ],
237 silly audit   '@img/sharp-linux-ppc64': [ '0.34.4' ],
237 silly audit   '@img/sharp-linux-s390x': [ '0.34.4' ],
237 silly audit   '@img/sharp-linux-x64': [ '0.34.4' ],
237 silly audit   '@img/sharp-linuxmusl-arm64': [ '0.34.4' ],
237 silly audit   '@img/sharp-linuxmusl-x64': [ '0.34.4' ],
237 silly audit   '@img/sharp-wasm32': [ '0.34.4' ],
237 silly audit   '@img/sharp-win32-arm64': [ '0.34.4' ],
237 silly audit   '@img/sharp-win32-ia32': [ '0.34.4' ],
237 silly audit   '@img/sharp-win32-x64': [ '0.34.4' ],
237 silly audit   '@isaacs/fs-minipass': [ '4.0.1' ],
237 silly audit   '@jridgewell/gen-mapping': [ '0.3.13' ],
237 silly audit   '@jridgewell/remapping': [ '2.3.5' ],
237 silly audit   '@jridgewell/resolve-uri': [ '3.1.2' ],
237 silly audit   '@jridgewell/source-map': [ '0.3.11' ],
237 silly audit   '@jridgewell/sourcemap-codec': [ '1.5.5' ],
237 silly audit   '@jridgewell/trace-mapping': [ '0.3.31' ],
237 silly audit   '@mui/core-downloads-tracker': [ '7.3.4' ],
237 silly audit   '@mui/icons-material': [ '7.3.4' ],
237 silly audit   '@mui/lab': [ '7.0.1-beta.18' ],
237 silly audit   '@mui/material': [ '7.3.4' ],
237 silly audit   '@mui/material-nextjs': [ '7.3.3' ],
237 silly audit   '@mui/private-theming': [ '7.3.3' ],
237 silly audit   '@mui/styled-engine': [ '7.3.3' ],
237 silly audit   '@mui/system': [ '7.3.3' ],
237 silly audit   '@mui/types': [ '7.4.7' ],
237 silly audit   '@mui/utils': [ '7.3.3' ],
237 silly audit   '@next/env': [ '15.5.6', '13.5.11' ],
237 silly audit   '@next/swc-darwin-arm64': [ '15.5.6', '13.5.9' ],
237 silly audit   '@next/swc-darwin-x64': [ '15.5.6', '13.5.9' ],
237 silly audit   '@next/swc-linux-arm64-gnu': [ '15.5.6', '13.5.9' ],
237 silly audit   '@next/swc-linux-arm64-musl': [ '15.5.6', '13.5.9' ],
237 silly audit   '@next/swc-linux-x64-gnu': [ '15.5.6', '13.5.9' ],
237 silly audit   '@next/swc-linux-x64-musl': [ '15.5.6', '13.5.9' ],
237 silly audit   '@next/swc-win32-arm64-msvc': [ '15.5.6', '13.5.9' ],
237 silly audit   '@next/swc-win32-x64-msvc': [ '15.5.6', '13.5.9' ],
237 silly audit   '@nodelib/fs.scandir': [ '2.1.5' ],
237 silly audit   '@nodelib/fs.stat': [ '2.0.5' ],
237 silly audit   '@nodelib/fs.walk': [ '1.2.8' ],
237 silly audit   '@popperjs/core': [ '2.11.8' ],
237 silly audit   '@reduxjs/toolkit': [ '2.9.1' ],
237 silly audit   '@rollup/plugin-babel': [ '5.3.1' ],
237 silly audit   '@rollup/plugin-node-resolve': [ '15.3.1', '11.2.1' ],
237 silly audit   '@rollup/pluginutils': [ '5.3.0', '3.1.0' ],
237 silly audit   'estree-walker': [ '2.0.2', '1.0.1' ],
237 silly audit   picomatch: [ '4.0.3', '2.3.1' ],
237 silly audit   '@rollup/plugin-replace': [ '2.4.2' ],
237 silly audit   'magic-string': [ '0.25.9', '0.30.19' ],
237 silly audit   '@rollup/plugin-terser': [ '0.4.4' ],
237 silly audit   '@types/estree': [ '0.0.39', '1.0.8' ],
237 silly audit   '@standard-schema/spec': [ '1.0.0' ],
237 silly audit   '@standard-schema/utils': [ '0.3.0' ],
237 silly audit   '@surma/rollup-plugin-off-main-thread': [ '2.2.3' ],
237 silly audit   '@swc/helpers': [ '0.5.15', '0.5.2' ],
237 silly audit   '@tailwindcss/node': [ '4.1.14' ],
237 silly audit   '@tailwindcss/oxide': [ '4.1.14' ],
237 silly audit   '@tailwindcss/oxide-android-arm64': [ '4.1.14' ],
237 silly audit   '@tailwindcss/oxide-darwin-arm64': [ '4.1.14' ],
237 silly audit   '@tailwindcss/oxide-darwin-x64': [ '4.1.14' ],
237 silly audit   '@tailwindcss/oxide-freebsd-x64': [ '4.1.14' ],
237 silly audit   '@tailwindcss/oxide-linux-arm-gnueabihf': [ '4.1.14' ],
237 silly audit   '@tailwindcss/oxide-linux-arm64-gnu': [ '4.1.14' ],
237 silly audit   '@tailwindcss/oxide-linux-arm64-musl': [ '4.1.14' ],
237 silly audit   '@tailwindcss/oxide-linux-x64-gnu': [ '4.1.14' ],
237 silly audit   '@tailwindcss/oxide-linux-x64-musl': [ '4.1.14' ],
237 silly audit   '@tailwindcss/oxide-wasm32-wasi': [ '4.1.14' ],
237 silly audit   '@tailwindcss/oxide-win32-arm64-msvc': [ '4.1.14' ],
237 silly audit   '@tailwindcss/oxide-win32-x64-msvc': [ '4.1.14' ],
237 silly audit   '@tailwindcss/postcss': [ '4.1.14' ],
237 silly audit   '@types/d3-array': [ '3.2.2' ],
237 silly audit   '@types/d3-color': [ '3.1.3' ],
237 silly audit   '@types/d3-ease': [ '3.0.2' ],
237 silly audit   '@types/d3-interpolate': [ '3.0.4' ],
237 silly audit   '@types/d3-path': [ '3.1.1' ],
237 silly audit   '@types/d3-scale': [ '4.0.9' ],
237 silly audit   '@types/d3-shape': [ '3.1.7' ],
237 silly audit   '@types/d3-time': [ '3.0.4' ],
237 silly audit   '@types/d3-timer': [ '3.0.2' ],
237 silly audit   '@types/eslint': [ '9.6.1' ],
237 silly audit   '@types/eslint-scope': [ '3.7.7' ],
237 silly audit   '@types/glob': [ '7.2.0' ],
237 silly audit   '@types/json-schema': [ '7.0.15' ],
237 silly audit   '@types/minimatch': [ '5.1.2' ],
237 silly audit   '@types/node': [ '20.19.22' ],
237 silly audit   '@types/parse-json': [ '4.0.2' ],
237 silly audit   '@types/prop-types': [ '15.7.15' ],
237 silly audit   '@types/react': [ '19.2.2' ],
237 silly audit   '@types/react-dom': [ '19.2.2' ],
237 silly audit   '@types/react-transition-group': [ '4.4.12' ],
237 silly audit   '@types/resolve': [ '1.20.2', '1.17.1' ],
237 silly audit   '@types/trusted-types': [ '2.0.7' ],
237 silly audit   '@types/use-sync-external-store': [ '0.0.6' ],
237 silly audit   '@webassemblyjs/ast': [ '1.14.1' ],
237 silly audit   '@webassemblyjs/floating-point-hex-parser': [ '1.13.2' ],
237 silly audit   '@webassemblyjs/helper-api-error': [ '1.13.2' ],
237 silly audit   '@webassemblyjs/helper-buffer': [ '1.14.1' ],
237 silly audit   '@webassemblyjs/helper-numbers': [ '1.13.2' ],
237 silly audit   '@webassemblyjs/helper-wasm-bytecode': [ '1.13.2' ],
237 silly audit   '@webassemblyjs/helper-wasm-section': [ '1.14.1' ],
237 silly audit   '@webassemblyjs/ieee754': [ '1.13.2' ],
237 silly audit   '@webassemblyjs/leb128': [ '1.13.2' ],
237 silly audit   '@webassemblyjs/utf8': [ '1.13.2' ],
237 silly audit   '@webassemblyjs/wasm-edit': [ '1.14.1' ],
237 silly audit   '@webassemblyjs/wasm-gen': [ '1.14.1' ],
237 silly audit   '@webassemblyjs/wasm-opt': [ '1.14.1' ],
237 silly audit   '@webassemblyjs/wasm-parser': [ '1.14.1' ],
237 silly audit   '@webassemblyjs/wast-printer': [ '1.14.1' ],
237 silly audit   '@xtuc/ieee754': [ '1.2.0' ],
237 silly audit   '@xtuc/long': [ '4.2.2' ],
237 silly audit   acorn: [ '8.15.0' ],
237 silly audit   'acorn-import-phases': [ '1.0.4' ],
237 silly audit   ajv: [ '6.12.6', '8.17.1' ],
237 silly audit   'ajv-formats': [ '2.1.1' ],
237 silly audit   'json-schema-traverse': [ '1.0.0', '0.4.1' ],
237 silly audit   'ajv-keywords': [ '3.5.2', '5.1.0' ],
237 silly audit   'array-buffer-byte-length': [ '1.0.2' ],
237 silly audit   'array-union': [ '2.1.0', '1.0.2' ],
237 silly audit   'array-uniq': [ '1.0.3' ],
237 silly audit   'arraybuffer.prototype.slice': [ '1.0.4' ],
237 silly audit   async: [ '3.2.6' ],
237 silly audit   'async-function': [ '1.0.0' ],
237 silly audit   'at-least-node': [ '1.0.0' ],
237 silly audit   'available-typed-arrays': [ '1.0.7' ],
237 silly audit   'babel-loader': [ '8.4.1' ],
237 silly audit   'babel-plugin-macros': [ '3.1.0' ],
237 silly audit   'babel-plugin-polyfill-corejs2': [ '0.4.14' ],
237 silly audit   'babel-plugin-polyfill-corejs3': [ '0.13.0' ],
237 silly audit   'babel-plugin-polyfill-regenerator': [ '0.6.5' ],
237 silly audit   'balanced-match': [ '1.0.2' ],
237 silly audit   'baseline-browser-mapping': [ '2.8.17' ],
237 silly audit   'big.js': [ '5.2.2' ],
237 silly audit   'brace-expansion': [ '1.1.12', '2.0.2' ],
237 silly audit   braces: [ '3.0.3' ],
237 silly audit   browserslist: [ '4.26.3' ],
237 silly audit   'buffer-from': [ '1.1.2' ],
237 silly audit   'builtin-modules': [ '3.3.0' ],
237 silly audit   'call-bind': [ '1.0.8' ],
237 silly audit   'call-bind-apply-helpers': [ '1.0.2' ],
237 silly audit   'call-bound': [ '1.0.4' ],
237 silly audit   callsites: [ '3.1.0' ],
237 silly audit   'caniuse-lite': [ '1.0.30001751' ],
237 silly audit   chownr: [ '3.0.0' ],
237 silly audit   'chrome-trace-event': [ '1.0.4' ],
237 silly audit   'clean-webpack-plugin': [ '4.0.0' ],
237 silly audit   'client-only': [ '0.0.1' ],
237 silly audit   clsx: [ '2.1.1' ],
237 silly audit   commander: [ '2.20.3' ],
237 silly audit   'common-tags': [ '1.8.2' ],
237 silly audit   commondir: [ '1.0.1' ],
237 silly audit   'concat-map': [ '0.0.1' ],
237 silly audit   'core-js-compat': [ '3.46.0' ],
237 silly audit   cosmiconfig: [ '7.1.0' ],
237 silly audit   'crypto-random-string': [ '2.0.0' ],
237 silly audit   csstype: [ '3.1.3' ],
237 silly audit   'd3-array': [ '3.2.4' ],
237 silly audit   'd3-color': [ '3.1.0' ],
237 silly audit   'd3-ease': [ '3.0.1' ],
237 silly audit   'd3-format': [ '3.1.0' ],
237 silly audit   'd3-interpolate': [ '3.0.1' ],
237 silly audit   'd3-path': [ '3.1.0' ],
237 silly audit   'd3-scale': [ '4.0.2' ],
237 silly audit   'd3-shape': [ '3.2.0' ],
237 silly audit   'd3-time': [ '3.1.0' ],
237 silly audit   'd3-time-format': [ '4.1.0' ],
237 silly audit   'd3-timer': [ '3.0.1' ],
237 silly audit   'data-view-buffer': [ '1.0.2' ],
237 silly audit   'data-view-byte-length': [ '1.0.2' ],
237 silly audit   'data-view-byte-offset': [ '1.0.1' ],
237 silly audit   'date-fns': [ '4.1.0' ],
237 silly audit   debug: [ '4.4.3' ],
237 silly audit   'decimal.js-light': [ '2.5.1' ],
237 silly audit   deepmerge: [ '4.3.1' ],
237 silly audit   'define-data-property': [ '1.1.4' ],
237 silly audit   'define-properties': [ '1.2.1' ],
237 silly audit   del: [ '4.1.1' ],
237 silly audit   globby: [ '6.1.0', '11.1.0' ],
237 silly audit   pify: [ '2.3.0', '4.0.1' ],
237 silly audit   'detect-libc': [ '2.1.2' ],
237 silly audit   'dir-glob': [ '3.0.1' ],
237 silly audit   'dom-helpers': [ '5.2.1' ],
237 silly audit   'dunder-proto': [ '1.0.1' ],
237 silly audit   ejs: [ '3.1.10' ],
237 silly audit   'electron-to-chromium': [ '1.5.237' ],
237 silly audit   'emojis-list': [ '3.0.0' ],
237 silly audit   'enhanced-resolve': [ '5.18.3' ],
237 silly audit   'error-ex': [ '1.3.4' ],
237 silly audit   'es-abstract': [ '1.24.0' ],
237 silly audit   'es-define-property': [ '1.0.1' ],
237 silly audit   'es-errors': [ '1.3.0' ],
237 silly audit   'es-module-lexer': [ '1.7.0' ],
237 silly audit   'es-object-atoms': [ '1.1.1' ],
237 silly audit   'es-set-tostringtag': [ '2.1.0' ],
237 silly audit   'es-to-primitive': [ '1.3.0' ],
237 silly audit   'es-toolkit': [ '1.40.0' ],
237 silly audit   escalade: [ '3.2.0' ],
237 silly audit   'escape-string-regexp': [ '4.0.0' ],
237 silly audit   'eslint-scope': [ '5.1.1' ],
237 silly audit   esrecurse: [ '4.3.0' ],
237 silly audit   estraverse: [ '5.3.0', '4.3.0' ],
237 silly audit   esutils: [ '2.0.3' ],
237 silly audit   eventemitter3: [ '5.0.1' ],
237 silly audit   events: [ '3.3.0' ],
237 silly audit   'fast-deep-equal': [ '3.1.3' ],
237 silly audit   'fast-glob': [ '3.3.3' ],
237 silly audit   'fast-json-stable-stringify': [ '2.1.0' ],
237 silly audit   'fast-uri': [ '3.1.0' ],
237 silly audit   fastq: [ '1.19.1' ],
237 silly audit   filelist: [ '1.0.4' ],
237 silly audit   minimatch: [ '5.1.6', '3.1.2' ],
237 silly audit   'fill-range': [ '7.1.1' ],
237 silly audit   'find-cache-dir': [ '3.3.2' ],
237 silly audit   'find-root': [ '1.1.0' ],
237 silly audit   'find-up': [ '4.1.0' ],
237 silly audit   'for-each': [ '0.3.5' ],
237 silly audit   'fs-extra': [ '9.1.0' ],
237 silly audit   'fs.realpath': [ '1.0.0' ],
237 silly audit   fsevents: [ '2.3.3' ],
237 silly audit   'function-bind': [ '1.1.2' ],
237 silly audit   'function.prototype.name': [ '1.1.8' ],
237 silly audit   'functions-have-names': [ '1.2.3' ],
237 silly audit   'generator-function': [ '2.0.1' ],
237 silly audit   gensync: [ '1.0.0-beta.2' ],
237 silly audit   'get-intrinsic': [ '1.3.0' ],
237 silly audit   'get-own-enumerable-property-symbols': [ '3.0.2' ],
237 silly audit   'get-proto': [ '1.0.1' ],
237 silly audit   'get-symbol-description': [ '1.1.0' ],
237 silly audit   glob: [ '7.2.3' ],
237 silly audit   'glob-parent': [ '5.1.2' ],
237 silly audit   'glob-to-regexp': [ '0.4.1' ],
237 silly audit   globalthis: [ '1.0.4' ],
237 silly audit   gopd: [ '1.2.0' ],
237 silly audit   'graceful-fs': [ '4.2.11' ],
237 silly audit   'has-bigints': [ '1.1.0' ],
237 silly audit   'has-flag': [ '4.0.0' ],
237 silly audit   'has-property-descriptors': [ '1.0.2' ],
237 silly audit   'has-proto': [ '1.2.0' ],
237 silly audit   'has-symbols': [ '1.1.0' ],
237 silly audit   'has-tostringtag': [ '1.0.2' ],
237 silly audit   hasown: [ '2.0.2' ],
237 silly audit   'hoist-non-react-statics': [ '3.3.2' ],
237 silly audit   'react-is': [ '16.13.1', '19.2.0' ],
237 silly audit   idb: [ '7.1.1' ],
237 silly audit   ignore: [ '5.3.2' ],
237 silly audit   immer: [ '10.1.3' ],
237 silly audit   'import-fresh': [ '3.3.1' ],
237 silly audit   inflight: [ '1.0.6' ],
237 silly audit   inherits: [ '2.0.4' ],
237 silly audit   'internal-slot': [ '1.1.0' ],
237 silly audit   internmap: [ '2.0.3' ],
237 silly audit   'is-array-buffer': [ '3.0.5' ],
237 silly audit   'is-arrayish': [ '0.2.1' ],
237 silly audit   'is-async-function': [ '2.1.1' ],
237 silly audit   'is-bigint': [ '1.1.0' ],
237 silly audit   'is-boolean-object': [ '1.2.2' ],
237 silly audit   'is-callable': [ '1.2.7' ],
237 silly audit   'is-core-module': [ '2.16.1' ],
237 silly audit   'is-data-view': [ '1.0.2' ],
237 silly audit   'is-date-object': [ '1.1.0' ],
237 silly audit   'is-extglob': [ '2.1.1' ],
237 silly audit   'is-finalizationregistry': [ '1.1.1' ],
237 silly audit   'is-generator-function': [ '1.1.2' ],
237 silly audit   'is-glob': [ '4.0.3' ],
237 silly audit   'is-map': [ '2.0.3' ],
237 silly audit   'is-module': [ '1.0.0' ],
237 silly audit   'is-negative-zero': [ '2.0.3' ],
237 silly audit   'is-number': [ '7.0.0' ],
237 silly audit   'is-number-object': [ '1.1.1' ],
237 silly audit   'is-obj': [ '1.0.1' ],
237 silly audit   'is-path-cwd': [ '2.2.0' ],
237 silly audit   'is-path-in-cwd': [ '2.1.0' ],
237 silly audit   'is-path-inside': [ '2.1.0' ],
237 silly audit   'is-regex': [ '1.2.1' ],
237 silly audit   'is-regexp': [ '1.0.0' ],
237 silly audit   'is-set': [ '2.0.3' ],
237 silly audit   'is-shared-array-buffer': [ '1.0.4' ],
237 silly audit   'is-stream': [ '2.0.1' ],
237 silly audit   'is-string': [ '1.1.1' ],
237 silly audit   'is-symbol': [ '1.1.1' ],
237 silly audit   'is-typed-array': [ '1.1.15' ],
237 silly audit   'is-weakmap': [ '2.0.2' ],
237 silly audit   'is-weakref': [ '1.1.1' ],
237 silly audit   'is-weakset': [ '2.0.4' ],
237 silly audit   isarray: [ '2.0.5' ],
237 silly audit   jake: [ '10.9.4' ],
237 silly audit   'jest-worker': [ '27.5.1', '26.6.2' ],
237 silly audit   jiti: [ '2.6.1' ],
237 silly audit   'js-tokens': [ '4.0.0' ],
237 silly audit   jsesc: [ '3.1.0' ],
237 silly audit   'json-parse-even-better-errors': [ '2.3.1' ],
237 silly audit   'json-schema': [ '0.4.0' ],
237 silly audit   json5: [ '2.2.3' ],
237 silly audit   jsonfile: [ '6.2.0' ],
237 silly audit   jsonpointer: [ '5.0.1' ],
237 silly audit   leven: [ '3.1.0' ],
237 silly audit   lightningcss: [ '1.30.1' ],
237 silly audit   'lightningcss-darwin-arm64': [ '1.30.1' ],
237 silly audit   'lightningcss-darwin-x64': [ '1.30.1' ],
237 silly audit   'lightningcss-freebsd-x64': [ '1.30.1' ],
237 silly audit   'lightningcss-linux-arm-gnueabihf': [ '1.30.1' ],
237 silly audit   'lightningcss-linux-arm64-gnu': [ '1.30.1' ],
237 silly audit   'lightningcss-linux-arm64-musl': [ '1.30.1' ],
237 silly audit   'lightningcss-linux-x64-gnu': [ '1.30.1' ],
237 silly audit   'lightningcss-linux-x64-musl': [ '1.30.1' ],
237 silly audit   'lightningcss-win32-arm64-msvc': [ '1.30.1' ],
237 silly audit   'lightningcss-win32-x64-msvc': [ '1.30.1' ],
237 silly audit   'lines-and-columns': [ '1.2.4' ],
237 silly audit   'loader-runner': [ '4.3.1' ],
237 silly audit   'loader-utils': [ '2.0.4' ],
237 silly audit   'locate-path': [ '5.0.0' ],
237 silly audit   lodash: [ '4.17.21' ],
237 silly audit   'lodash.debounce': [ '4.0.8' ],
237 silly audit   'lodash.sortby': [ '4.7.0' ],
237 silly audit   'loose-envify': [ '1.4.0' ],
237 silly audit   'lru-cache': [ '5.1.1' ],
237 silly audit   yallist: [ '3.1.1', '5.0.0' ],
237 silly audit   'make-dir': [ '3.1.0' ],
237 silly audit   'math-intrinsics': [ '1.1.0' ],
237 silly audit   'merge-stream': [ '2.0.0' ],
237 silly audit   merge2: [ '1.4.1' ],
237 silly audit   micromatch: [ '4.0.8' ],
237 silly audit   'mime-db': [ '1.52.0' ],
237 silly audit   'mime-types': [ '2.1.35' ],
237 silly audit   minipass: [ '7.1.2' ],
237 silly audit   minizlib: [ '3.1.0' ],
237 silly audit   ms: [ '2.1.3' ],
237 silly audit   nanoid: [ '3.3.11' ],
237 silly audit   'neo-async': [ '2.6.2' ],
237 silly audit   next: [ '15.5.6', '13.5.11' ],
237 silly audit   'next-pwa': [ '5.6.0' ],
237 silly audit   '@apideck/better-ajv-errors': [ '0.3.6' ],
237 silly audit   'source-map': [ '0.6.1', '0.8.0-beta.0', '0.5.7' ],
237 silly audit   'webpack-sources': [ '1.4.3', '3.3.3' ],
237 silly audit   'workbox-background-sync': [ '6.6.0', '7.3.0' ],
237 silly audit   'workbox-broadcast-update': [ '6.6.0', '7.3.0' ],
237 silly audit   'workbox-build': [ '6.6.0', '7.3.0' ],
237 silly audit   'workbox-cacheable-response': [ '6.6.0', '7.3.0' ],
237 silly audit   'workbox-core': [ '6.6.0', '7.3.0' ],
237 silly audit   'workbox-expiration': [ '6.6.0', '7.3.0' ],
237 silly audit   'workbox-google-analytics': [ '6.6.0', '7.3.0' ],
237 silly audit   'workbox-navigation-preload': [ '6.6.0', '7.3.0' ],
237 silly audit   'workbox-precaching': [ '6.6.0', '7.3.0' ],
237 silly audit   'workbox-range-requests': [ '6.6.0', '7.3.0' ],
237 silly audit   'workbox-recipes': [ '6.6.0', '7.3.0' ],
237 silly audit   'workbox-routing': [ '6.6.0', '7.3.0' ],
237 silly audit   'workbox-strategies': [ '6.6.0', '7.3.0' ],
237 silly audit   'workbox-streams': [ '6.6.0', '7.3.0' ],
237 silly audit   'workbox-sw': [ '6.6.0', '7.3.0' ],
237 silly audit   'workbox-webpack-plugin': [ '6.6.0', '7.3.0' ],
237 silly audit   postcss: [ '8.4.31', '8.5.6' ],
237 silly audit   'node-releases': [ '2.0.25' ],
237 silly audit   'object-assign': [ '4.1.1' ],
237 silly audit   'object-inspect': [ '1.13.4' ],
237 silly audit   'object-keys': [ '1.1.1' ],
237 silly audit   'object.assign': [ '4.1.7' ],
237 silly audit   once: [ '1.4.0' ],
237 silly audit   'own-keys': [ '1.0.1' ],
237 silly audit   'p-limit': [ '2.3.0' ],
237 silly audit   'p-locate': [ '4.1.0' ],
237 silly audit   'p-map': [ '2.1.0' ],
237 silly audit   'p-try': [ '2.2.0' ],
237 silly audit   'parent-module': [ '1.0.1' ],
237 silly audit   'parse-json': [ '5.2.0' ],
237 silly audit   'path-exists': [ '4.0.0' ],
237 silly audit   'path-is-absolute': [ '1.0.1' ],
237 silly audit   'path-is-inside': [ '1.0.2' ],
237 silly audit   'path-parse': [ '1.0.7' ],
237 silly audit   'path-type': [ '4.0.0' ],
237 silly audit   picocolors: [ '1.1.1' ],
237 silly audit   pinkie: [ '2.0.4' ],
237 silly audit   'pinkie-promise': [ '2.0.1' ],
237 silly audit   'pkg-dir': [ '4.2.0' ],
237 silly audit   'possible-typed-array-names': [ '1.1.0' ],
237 silly audit   'pretty-bytes': [ '5.6.0' ],
237 silly audit   'prop-types': [ '15.8.1' ],
237 silly audit   punycode: [ '2.3.1' ],
237 silly audit   'queue-microtask': [ '1.2.3' ],
237 silly audit   randombytes: [ '2.1.0' ],
237 silly audit   react: [ '19.1.0', '18.3.1' ],
237 silly audit   'react-dom': [ '19.1.0', '18.3.1' ],
237 silly audit   'react-redux': [ '9.2.0' ],
237 silly audit   'react-transition-group': [ '4.4.5' ],
237 silly audit   recharts: [ '3.3.0' ],
237 silly audit   redux: [ '5.0.1' ],
237 silly audit   'redux-thunk': [ '3.1.0' ],
237 silly audit   'reflect.getprototypeof': [ '1.0.10' ],
237 silly audit   regenerate: [ '1.4.2' ],
237 silly audit   'regenerate-unicode-properties': [ '10.2.2' ],
237 silly audit   'regexp.prototype.flags': [ '1.5.4' ],
237 silly audit   'regexpu-core': [ '6.4.0' ],
237 silly audit   regjsgen: [ '0.8.0' ],
237 silly audit   regjsparser: [ '0.13.0' ],
237 silly audit   'require-from-string': [ '2.0.2' ],
237 silly audit   reselect: [ '5.1.1' ],
237 silly audit   resolve: [ '1.22.10' ],
237 silly audit   'resolve-from': [ '4.0.0' ],
237 silly audit   reusify: [ '1.1.0' ],
237 silly audit   rimraf: [ '2.7.1' ],
237 silly audit   rollup: [ '2.79.2' ],
237 silly audit   'rollup-plugin-terser': [ '7.0.2' ],
237 silly audit   'serialize-javascript': [ '4.0.0', '6.0.2' ],
237 silly audit   'supports-color': [ '7.2.0', '8.1.1' ],
237 silly audit   'run-parallel': [ '1.2.0' ],
237 silly audit   'safe-array-concat': [ '1.1.3' ],
237 silly audit   'safe-buffer': [ '5.2.1' ],
237 silly audit   'safe-push-apply': [ '1.0.0' ],
237 silly audit   'safe-regex-test': [ '1.1.0' ],
237 silly audit   scheduler: [ '0.26.0', '0.23.2' ],
237 silly audit   'schema-utils': [ '2.7.1', '4.3.3' ],
237 silly audit   'set-function-length': [ '1.2.2' ],
237 silly audit   'set-function-name': [ '2.0.2' ],
237 silly audit   'set-proto': [ '1.0.0' ],
237 silly audit   sharp: [ '0.34.4' ],
237 silly audit   'side-channel': [ '1.1.0' ],
237 silly audit   'side-channel-list': [ '1.0.0' ],
237 silly audit   'side-channel-map': [ '1.0.1' ],
237 silly audit   'side-channel-weakmap': [ '1.0.2' ],
237 silly audit   slash: [ '3.0.0' ],
237 silly audit   smob: [ '1.5.0' ],
237 silly audit   'source-list-map': [ '2.0.1' ],
237 silly audit   'source-map-js': [ '1.2.1' ],
237 silly audit   'source-map-support': [ '0.5.21' ],
237 silly audit   'sourcemap-codec': [ '1.4.8' ],
237 silly audit   'stop-iteration-iterator': [ '1.1.0' ],
237 silly audit   'string.prototype.matchall': [ '4.0.12' ],
237 silly audit   'string.prototype.trim': [ '1.2.10' ],
237 silly audit   'string.prototype.trimend': [ '1.0.9' ],
237 silly audit   'string.prototype.trimstart': [ '1.0.8' ],
237 silly audit   'stringify-object': [ '3.3.0' ],
237 silly audit   'strip-comments': [ '2.0.1' ],
237 silly audit   'styled-jsx': [ '5.1.6', '5.1.1' ],
237 silly audit   stylis: [ '4.2.0' ],
237 silly audit   'supports-preserve-symlinks-flag': [ '1.0.0' ],
237 silly audit   tailwindcss: [ '4.1.14' ],
237 silly audit   tapable: [ '2.3.0' ],
237 silly audit   tar: [ '7.5.1' ],
237 silly audit   'temp-dir': [ '2.0.0' ],
237 silly audit   tempy: [ '0.6.0' ],
237 silly audit   terser: [ '5.44.0' ],
237 silly audit   'terser-webpack-plugin': [ '5.3.14' ],
237 silly audit   'tiny-invariant': [ '1.3.3' ],
237 silly audit   'to-regex-range': [ '5.0.1' ],
237 silly audit   tr46: [ '1.0.1' ],
237 silly audit   tslib: [ '2.8.1' ],
237 silly audit   'type-fest': [ '0.16.0' ],
237 silly audit   'typed-array-buffer': [ '1.0.3' ],
237 silly audit   'typed-array-byte-length': [ '1.0.3' ],
237 silly audit   'typed-array-byte-offset': [ '1.0.4' ],
237 silly audit   'typed-array-length': [ '1.0.7' ],
237 silly audit   typescript: [ '5.9.3' ],
237 silly audit   'unbox-primitive': [ '1.1.0' ],
237 silly audit   'undici-types': [ '6.21.0' ],
237 silly audit   'unicode-canonical-property-names-ecmascript': [ '2.0.1' ],
237 silly audit   'unicode-match-property-ecmascript': [ '2.0.0' ],
237 silly audit   'unicode-match-property-value-ecmascript': [ '2.2.1' ],
237 silly audit   'unicode-property-aliases-ecmascript': [ '2.2.0' ],
237 silly audit   'unique-string': [ '2.0.0' ],
237 silly audit   universalify: [ '2.0.1' ],
237 silly audit   upath: [ '1.2.0' ],
237 silly audit   'update-browserslist-db': [ '1.1.3' ],
237 silly audit   'uri-js': [ '4.4.1' ],
237 silly audit   'use-sync-external-store': [ '1.6.0' ],
237 silly audit   'victory-vendor': [ '37.3.6' ],
237 silly audit   watchpack: [ '2.4.4', '2.4.0' ],
237 silly audit   'webidl-conversions': [ '4.0.2' ],
237 silly audit   webpack: [ '5.102.1' ],
237 silly audit   'whatwg-url': [ '7.1.0' ],
237 silly audit   'which-boxed-primitive': [ '1.1.1' ],
237 silly audit   'which-builtin-type': [ '1.2.1' ],
237 silly audit   'which-collection': [ '1.0.2' ],
237 silly audit   'which-typed-array': [ '1.1.19' ],
237 silly audit   'workbox-window': [ '7.3.0', '6.6.0' ],
237 silly audit   wrappy: [ '1.0.2' ],
237 silly audit   yaml: [ '1.10.2' ],
237 silly audit   '@types/next-pwa': [ '5.6.9' ],
237 silly audit   '@next/swc-win32-ia32-msvc': [ '13.5.9' ],
237 silly audit   busboy: [ '1.6.0' ],
237 silly audit   streamsearch: [ '1.1.0' ]
237 silly audit }
238 verbose reify failed optional dependency /Users/admin/Desktop/my-app/node_modules/@next/swc-win32-ia32-msvc
239 silly reify mark deleted [
239 silly reify   '/Users/admin/Desktop/my-app/node_modules/@next/swc-win32-ia32-msvc'
239 silly reify ]
240 verbose reify failed optional dependency /Users/admin/Desktop/my-app/node_modules/@types/next-pwa/node_modules/@next/swc-win32-x64-msvc
241 silly reify mark deleted [
241 silly reify   '/Users/admin/Desktop/my-app/node_modules/@types/next-pwa/node_modules/@next/swc-win32-x64-msvc'
241 silly reify ]
242 verbose reify failed optional dependency /Users/admin/Desktop/my-app/node_modules/@types/next-pwa/node_modules/@next/swc-win32-arm64-msvc
243 silly reify mark deleted [
243 silly reify   '/Users/admin/Desktop/my-app/node_modules/@types/next-pwa/node_modules/@next/swc-win32-arm64-msvc'
243 silly reify ]
244 verbose reify failed optional dependency /Users/admin/Desktop/my-app/node_modules/@types/next-pwa/node_modules/@next/swc-linux-x64-musl
245 silly reify mark deleted [
245 silly reify   '/Users/admin/Desktop/my-app/node_modules/@types/next-pwa/node_modules/@next/swc-linux-x64-musl'
245 silly reify ]
246 verbose reify failed optional dependency /Users/admin/Desktop/my-app/node_modules/@types/next-pwa/node_modules/@next/swc-linux-x64-gnu
247 silly reify mark deleted [
247 silly reify   '/Users/admin/Desktop/my-app/node_modules/@types/next-pwa/node_modules/@next/swc-linux-x64-gnu'
247 silly reify ]
248 verbose reify failed optional dependency /Users/admin/Desktop/my-app/node_modules/@types/next-pwa/node_modules/@next/swc-linux-arm64-musl
249 silly reify mark deleted [
249 silly reify   '/Users/admin/Desktop/my-app/node_modules/@types/next-pwa/node_modules/@next/swc-linux-arm64-musl'
249 silly reify ]
250 verbose reify failed optional dependency /Users/admin/Desktop/my-app/node_modules/@types/next-pwa/node_modules/@next/swc-linux-arm64-gnu
251 silly reify mark deleted [
251 silly reify   '/Users/admin/Desktop/my-app/node_modules/@types/next-pwa/node_modules/@next/swc-linux-arm64-gnu'
251 silly reify ]
252 verbose reify failed optional dependency /Users/admin/Desktop/my-app/node_modules/@types/next-pwa/node_modules/@next/swc-darwin-x64
253 silly reify mark deleted [
253 silly reify   '/Users/admin/Desktop/my-app/node_modules/@types/next-pwa/node_modules/@next/swc-darwin-x64'
253 silly reify ]
254 http cache streamsearch@https://registry.npmjs.org/streamsearch/-/streamsearch-1.1.0.tgz 0ms (cache hit)
255 http cache @types/next-pwa@https://registry.npmjs.org/@types/next-pwa/-/next-pwa-5.6.9.tgz 0ms (cache hit)
256 http cache json-schema-traverse@https://registry.npmjs.org/json-schema-traverse/-/json-schema-traverse-1.0.0.tgz 0ms (cache hit)
257 http cache @types/resolve@https://registry.npmjs.org/@types/resolve/-/resolve-1.17.1.tgz 0ms (cache hit)
258 http cache busboy@https://registry.npmjs.org/busboy/-/busboy-1.6.0.tgz 0ms (cache hit)
259 http cache workbox-sw@https://registry.npmjs.org/workbox-sw/-/workbox-sw-6.6.0.tgz 0ms (cache hit)
260 http cache workbox-streams@https://registry.npmjs.org/workbox-streams/-/workbox-streams-6.6.0.tgz 0ms (cache hit)
261 http cache workbox-strategies@https://registry.npmjs.org/workbox-strategies/-/workbox-strategies-6.6.0.tgz 0ms (cache hit)
262 http cache workbox-recipes@https://registry.npmjs.org/workbox-recipes/-/workbox-recipes-6.6.0.tgz 0ms (cache hit)
263 http cache workbox-precaching@https://registry.npmjs.org/workbox-precaching/-/workbox-precaching-6.6.0.tgz 0ms (cache hit)
264 http cache workbox-range-requests@https://registry.npmjs.org/workbox-range-requests/-/workbox-range-requests-6.6.0.tgz 0ms (cache hit)
265 http cache workbox-routing@https://registry.npmjs.org/workbox-routing/-/workbox-routing-6.6.0.tgz 0ms (cache hit)
266 http cache workbox-expiration@https://registry.npmjs.org/workbox-expiration/-/workbox-expiration-6.6.0.tgz 0ms (cache hit)
267 http cache workbox-cacheable-response@https://registry.npmjs.org/workbox-cacheable-response/-/workbox-cacheable-response-6.6.0.tgz 0ms (cache hit)
268 http cache workbox-navigation-preload@https://registry.npmjs.org/workbox-navigation-preload/-/workbox-navigation-preload-6.6.0.tgz 0ms (cache hit)
269 http cache workbox-broadcast-update@https://registry.npmjs.org/workbox-broadcast-update/-/workbox-broadcast-update-6.6.0.tgz 0ms (cache hit)
270 http cache source-map@https://registry.npmjs.org/source-map/-/source-map-0.8.0-beta.0.tgz 0ms (cache hit)
271 http cache @rollup/plugin-node-resolve@https://registry.npmjs.org/@rollup/plugin-node-resolve/-/plugin-node-resolve-11.2.1.tgz 0ms (cache hit)
272 http cache workbox-core@https://registry.npmjs.org/workbox-core/-/workbox-core-6.6.0.tgz 0ms (cache hit)
273 http cache workbox-background-sync@https://registry.npmjs.org/workbox-background-sync/-/workbox-background-sync-6.6.0.tgz 0ms (cache hit)
274 http cache ajv@https://registry.npmjs.org/ajv/-/ajv-8.17.1.tgz 0ms (cache hit)
275 http cache @apideck/better-ajv-errors@https://registry.npmjs.org/@apideck/better-ajv-errors/-/better-ajv-errors-0.3.6.tgz 0ms (cache hit)
276 http cache scheduler@https://registry.npmjs.org/scheduler/-/scheduler-0.23.2.tgz 0ms (cache hit)
277 http cache styled-jsx@https://registry.npmjs.org/styled-jsx/-/styled-jsx-5.1.1.tgz 0ms (cache hit)
278 http cache postcss@https://registry.npmjs.org/postcss/-/postcss-8.4.31.tgz 0ms (cache hit)
279 http cache watchpack@https://registry.npmjs.org/watchpack/-/watchpack-2.4.0.tgz 0ms (cache hit)
280 http cache @swc/helpers@https://registry.npmjs.org/@swc/helpers/-/helpers-0.5.2.tgz 0ms (cache hit)
281 http cache @next/swc-darwin-arm64@https://registry.npmjs.org/@next/swc-darwin-arm64/-/swc-darwin-arm64-13.5.9.tgz 0ms (cache hit)
282 http cache @next/env@https://registry.npmjs.org/@next/env/-/env-13.5.11.tgz 0ms (cache hit)
283 http cache workbox-build@https://registry.npmjs.org/workbox-build/-/workbox-build-6.6.0.tgz 0ms (cache hit)
284 http cache react-dom@https://registry.npmjs.org/react-dom/-/react-dom-18.3.1.tgz 0ms (cache hit)
285 http cache react@https://registry.npmjs.org/react/-/react-18.3.1.tgz 0ms (cache hit)
286 http cache next@https://registry.npmjs.org/next/-/next-13.5.11.tgz 0ms (cache hit)
287 http cache workbox-google-analytics@https://registry.npmjs.org/workbox-google-analytics/-/workbox-google-analytics-6.6.0.tgz 0ms (cache hit)
288 silly tarball no local data for streamsearch@https://registry.npmjs.org/streamsearch/-/streamsearch-1.1.0.tgz. Extracting by manifest.
289 silly tarball no local data for @types/next-pwa@https://registry.npmjs.org/@types/next-pwa/-/next-pwa-5.6.9.tgz. Extracting by manifest.
290 silly tarball no local data for busboy@https://registry.npmjs.org/busboy/-/busboy-1.6.0.tgz. Extracting by manifest.
291 silly tarball no local data for scheduler@https://registry.npmjs.org/scheduler/-/scheduler-0.23.2.tgz. Extracting by manifest.
292 silly tarball no local data for styled-jsx@https://registry.npmjs.org/styled-jsx/-/styled-jsx-5.1.1.tgz. Extracting by manifest.
293 silly tarball no local data for postcss@https://registry.npmjs.org/postcss/-/postcss-8.4.31.tgz. Extracting by manifest.
294 silly tarball no local data for watchpack@https://registry.npmjs.org/watchpack/-/watchpack-2.4.0.tgz. Extracting by manifest.
295 silly tarball no local data for @swc/helpers@https://registry.npmjs.org/@swc/helpers/-/helpers-0.5.2.tgz. Extracting by manifest.
296 silly tarball no local data for @next/swc-darwin-arm64@https://registry.npmjs.org/@next/swc-darwin-arm64/-/swc-darwin-arm64-13.5.9.tgz. Extracting by manifest.
297 silly tarball no local data for @next/env@https://registry.npmjs.org/@next/env/-/env-13.5.11.tgz. Extracting by manifest.
298 silly tarball no local data for react-dom@https://registry.npmjs.org/react-dom/-/react-dom-18.3.1.tgz. Extracting by manifest.
299 silly tarball no local data for react@https://registry.npmjs.org/react/-/react-18.3.1.tgz. Extracting by manifest.
300 silly tarball no local data for next@https://registry.npmjs.org/next/-/next-13.5.11.tgz. Extracting by manifest.
301 warn deprecated workbox-cacheable-response@6.6.0: workbox-background-sync@6.6.0
302 warn deprecated source-map@0.8.0-beta.0: The work that was done in this beta branch won't be included in future versions
303 warn deprecated workbox-google-analytics@6.6.0: It is not compatible with newer versions of GA starting with v4, as long as you are using GAv3 it should be ok, but the package is not longer being maintained
304 http fetch GET 200 https://registry.npmjs.org/streamsearch/-/streamsearch-1.1.0.tgz 65ms (cache miss)
305 http fetch GET 200 https://registry.npmjs.org/busboy/-/busboy-1.6.0.tgz 82ms (cache miss)
306 http fetch GET 200 https://registry.npmjs.org/watchpack/-/watchpack-2.4.0.tgz 82ms (cache miss)
307 http fetch GET 200 https://registry.npmjs.org/postcss/-/postcss-8.4.31.tgz 93ms (cache miss)
308 http fetch GET 200 https://registry.npmjs.org/scheduler/-/scheduler-0.23.2.tgz 94ms (cache miss)
309 http fetch GET 200 https://registry.npmjs.org/@types/next-pwa/-/next-pwa-5.6.9.tgz 97ms (cache miss)
310 http fetch GET 200 https://registry.npmjs.org/styled-jsx/-/styled-jsx-5.1.1.tgz 116ms (cache miss)
311 http fetch GET 200 https://registry.npmjs.org/react/-/react-18.3.1.tgz 172ms (cache miss)
312 http fetch GET 200 https://registry.npmjs.org/@next/env/-/env-13.5.11.tgz 175ms (cache miss)
313 http fetch GET 200 https://registry.npmjs.org/@swc/helpers/-/helpers-0.5.2.tgz 191ms (cache miss)
314 http fetch POST 200 https://registry.npmjs.org/-/npm/v1/security/advisories/bulk 291ms
315 silly audit report {
315 silly audit report   next: [
315 silly audit report     {
315 silly audit report       id: 1100421,
315 silly audit report       url: 'https://github.com/advisories/GHSA-g77x-44xx-532m',
315 silly audit report       title: 'Denial of Service condition in Next.js image optimization',
315 silly audit report       severity: 'moderate',
315 silly audit report       vulnerable_versions: '>=10.0.0 <14.2.7',
315 silly audit report       cwe: [Array],
315 silly audit report       cvss: [Object]
315 silly audit report     },
315 silly audit report     {
315 silly audit report       id: 1105461,
315 silly audit report       url: 'https://github.com/advisories/GHSA-3h52-269p-cp9r',
315 silly audit report       title: 'Information exposure in Next.js dev server due to lack of origin verification',
315 silly audit report       severity: 'low',
315 silly audit report       vulnerable_versions: '>=13.0 <14.2.30',
315 silly audit report       cwe: [Array],
315 silly audit report       cvss: [Object]
315 silly audit report     },
315 silly audit report     {
315 silly audit report       id: 1107226,
315 silly audit report       url: 'https://github.com/advisories/GHSA-g5qg-72qw-gw5v',
315 silly audit report       title: 'Next.js Affected by Cache Key Confusion for Image Optimization API Routes',
315 silly audit report       severity: 'moderate',
315 silly audit report       vulnerable_versions: '>=0.9.9 <14.2.31',
315 silly audit report       cwe: [Array],
315 silly audit report       cvss: [Object]
315 silly audit report     },
315 silly audit report     {
315 silly audit report       id: 1107420,
315 silly audit report       url: 'https://github.com/advisories/GHSA-7gfc-8cq8-jh5f',
315 silly audit report       title: 'Next.js authorization bypass vulnerability',
315 silly audit report       severity: 'high',
315 silly audit report       vulnerable_versions: '>=9.5.5 <14.2.15',
315 silly audit report       cwe: [Array],
315 silly audit report       cvss: [Object]
315 silly audit report     },
315 silly audit report     {
315 silly audit report       id: 1107512,
315 silly audit report       url: 'https://github.com/advisories/GHSA-4342-x723-ch2f',
315 silly audit report       title: 'Next.js Improper Middleware Redirect Handling Leads to SSRF',
315 silly audit report       severity: 'moderate',
315 silly audit report       vulnerable_versions: '>=0.9.9 <14.2.32',
315 silly audit report       cwe: [Array],
315 silly audit report       cvss: [Object]
315 silly audit report     },
315 silly audit report     {
315 silly audit report       id: 1107513,
315 silly audit report       url: 'https://github.com/advisories/GHSA-xv57-4mr9-wg8v',
315 silly audit report       title: 'Next.js Content Injection Vulnerability for Image Optimization',
315 silly audit report       severity: 'moderate',
315 silly audit report       vulnerable_versions: '>=0.9.9 <14.2.31',
315 silly audit report       cwe: [Array],
315 silly audit report       cvss: [Object]
315 silly audit report     },
315 silly audit report     {
315 silly audit report       id: 1108291,
315 silly audit report       url: 'https://github.com/advisories/GHSA-qpjv-v59x-3qc4',
315 silly audit report       title: 'Next.js Race Condition to Cache Poisoning',
315 silly audit report       severity: 'low',
315 silly audit report       vulnerable_versions: '>=0.9.9 <14.2.24',
315 silly audit report       cwe: [Array],
315 silly audit report       cvss: [Object]
315 silly audit report     },
315 silly audit report     {
315 silly audit report       id: 1097295,
315 silly audit report       url: 'https://github.com/advisories/GHSA-fr5h-rqp8-mj6g',
315 silly audit report       title: 'Next.js Server-Side Request Forgery in Server Actions',
315 silly audit report       severity: 'high',
315 silly audit report       vulnerable_versions: '>=13.4.0 <14.1.1',
315 silly audit report       cwe: [Array],
315 silly audit report       cvss: [Object]
315 silly audit report     }
315 silly audit report   ]
315 silly audit report }
316 silly packumentCache corgi:https://registry.npmjs.org/next cache-miss
317 http fetch GET 200 https://registry.npmjs.org/next 1312ms (cache miss)
318 silly packumentCache corgi:https://registry.npmjs.org/next set size:undefined disposed:false
319 silly packumentCache corgi:https://registry.npmjs.org/@types%2fnext-pwa cache-miss
320 http fetch GET 200 https://registry.npmjs.org/react-dom/-/react-dom-18.3.1.tgz 2002ms (cache miss)
321 http fetch GET 200 https://registry.npmjs.org/@types%2fnext-pwa 182ms (cache miss)
322 silly packumentCache corgi:https://registry.npmjs.org/@types%2fnext-pwa set size:undefined disposed:false
323 http fetch GET 200 https://registry.npmjs.org/next/-/next-13.5.11.tgz 2565ms (cache miss)
324 http fetch GET 200 https://registry.npmjs.org/@next/swc-darwin-arm64/-/swc-darwin-arm64-13.5.9.tgz 5472ms (cache miss)
325 silly ADD node_modules/streamsearch
326 silly ADD node_modules/busboy
327 silly ADD node_modules/@next/swc-win32-ia32-msvc
328 silly ADD node_modules/@types/next-pwa
329 silly ADD node_modules/@types/next-pwa/node_modules/json-schema-traverse
330 silly ADD node_modules/@types/next-pwa/node_modules/@types/resolve
331 silly ADD node_modules/@types/next-pwa/node_modules/workbox-sw
332 silly ADD node_modules/@types/next-pwa/node_modules/workbox-streams
333 silly ADD node_modules/@types/next-pwa/node_modules/workbox-strategies
334 silly ADD node_modules/@types/next-pwa/node_modules/workbox-routing
335 silly ADD node_modules/@types/next-pwa/node_modules/workbox-recipes
336 silly ADD node_modules/@types/next-pwa/node_modules/workbox-range-requests
337 silly ADD node_modules/@types/next-pwa/node_modules/workbox-precaching
338 silly ADD node_modules/@types/next-pwa/node_modules/workbox-navigation-preload
339 silly ADD node_modules/@types/next-pwa/node_modules/workbox-google-analytics
340 silly ADD node_modules/@types/next-pwa/node_modules/workbox-expiration
341 silly ADD node_modules/@types/next-pwa/node_modules/workbox-core
342 silly ADD node_modules/@types/next-pwa/node_modules/workbox-cacheable-response
343 silly ADD node_modules/@types/next-pwa/node_modules/workbox-broadcast-update
344 silly ADD node_modules/@types/next-pwa/node_modules/workbox-background-sync
345 silly ADD node_modules/@types/next-pwa/node_modules/source-map
346 silly ADD node_modules/@types/next-pwa/node_modules/@rollup/plugin-node-resolve
347 silly ADD node_modules/@types/next-pwa/node_modules/ajv
348 silly ADD node_modules/@types/next-pwa/node_modules/@apideck/better-ajv-errors
349 silly ADD node_modules/@types/next-pwa/node_modules/scheduler
350 silly ADD node_modules/@types/next-pwa/node_modules/watchpack
351 silly ADD node_modules/@types/next-pwa/node_modules/styled-jsx
352 silly ADD node_modules/@types/next-pwa/node_modules/postcss
353 silly ADD node_modules/@types/next-pwa/node_modules/@swc/helpers
354 silly ADD node_modules/@types/next-pwa/node_modules/@next/swc-win32-x64-msvc
355 silly ADD node_modules/@types/next-pwa/node_modules/@next/swc-win32-arm64-msvc
356 silly ADD node_modules/@types/next-pwa/node_modules/@next/swc-linux-x64-musl
357 silly ADD node_modules/@types/next-pwa/node_modules/@next/swc-linux-x64-gnu
358 silly ADD node_modules/@types/next-pwa/node_modules/@next/swc-linux-arm64-musl
359 silly ADD node_modules/@types/next-pwa/node_modules/@next/swc-linux-arm64-gnu
360 silly ADD node_modules/@types/next-pwa/node_modules/@next/swc-darwin-x64
361 silly ADD node_modules/@types/next-pwa/node_modules/@next/swc-darwin-arm64
362 silly ADD node_modules/@types/next-pwa/node_modules/@next/env
363 silly ADD node_modules/@types/next-pwa/node_modules/workbox-build
364 silly ADD node_modules/@types/next-pwa/node_modules/react-dom
365 silly ADD node_modules/@types/next-pwa/node_modules/react
366 silly ADD node_modules/@types/next-pwa/node_modules/next
367 verbose cwd /Users/admin/Desktop/my-app
368 verbose os Darwin 25.1.0
369 verbose node v22.16.0
370 verbose npm  v11.4.2
371 verbose exit 0
372 info ok
